0.7453 	WARNING 	We strongly recommend you activate the PTB sound engine in PsychoPy prefs as the preferred audio engine. Its timing is vastly superior. Your prefs are currently set to use ['sounddevice', 'PTB', 'pyo', 'pygame'] (in that order).
6.9582 	WARNING 	User requested fullscreen with size [1536  864], but screen is actually [1920, 1080]. Using actual size
8.1426 	EXP 	Created window1 = Window(allowGUI=False, allowStencil=False, autoLog=True, backendConf=UNKNOWN, bitsMode=UNKNOWN, blendMode='avg', bpc=(8, 8, 8), color=array([0, 0, 0]), colorSpace='rgb', depthBits=8, fullscr=<method-wrapper '__getattribute__' of attributeSetter object at 0x000001D304324E10>, gamma=None, gammaErrorPolicy='raise', lms=UNKNOWN, monitor=<psychopy.monitors.calibTools.Monitor object at 0x000001D3042417F0>, multiSample=False, name='window1', numSamples=2, pos=[0.0, 0.0], screen=0, size=array([1920, 1080]), stencilBits=0, stereo=False, units='height', useFBO=True, useRetina=False, viewOri=0.0, viewPos=None, viewScale=None, waitBlanking=True, winType='pyglet')
8.1432 	EXP 	window1: mouseVisible = True
8.1432 	EXP 	window1: recordFrameIntervals = False
8.3148 	EXP 	window1: recordFrameIntervals = True
8.5765 	EXP 	window1: recordFrameIntervals = False
8.7081 	EXP 	Created Ready_experimenter_text = TextStim(__class__=<class 'psychopy.visual.text.TextStim'>, alignHoriz=method-wrapper(...), alignText='center', alignVert=method-wrapper(...), anchorHoriz='center', anchorVert='center', antialias=True, autoLog=True, bold=False, color=array([-1, -1, -1]), colorSpace='rgb', contrast=1.0, depth=0.0, flipHoriz=False, flipVert=False, font='Arial', fontFiles=[], height=0.075, italic=False, languageStyle='LTR', name='Ready_experimenter_text', opacity=1, ori=0, pos=array([0., 0.]), rgb=UNKNOWN, text='Waiting for the experimenter...', units='height', win=Window(...), wrapWidth=1)
8.7097 	EXP 	Created Alignment_background = Rect(__class__=<class 'psychopy.visual.rect.Rect'>, autoDraw=False, autoLog=True, closeShape=True, color=method-wrapper(...), colorSpace='rgb', contrast=None, depth=0.0, fillColor=array([-1, -1, -1]), fillColorSpace='rgb', fillRGB=UNKNOWN, interpolate=True, lineColor=array([-1, -1, -1]), lineColorSpace='rgb', lineRGB=UNKNOWN, lineWidth=1, name='Alignment_background', opacity=1, ori=0.0, pos=array([0., 0.]), size=array([2., 2.]), units='height', vertices=ndarray(...), win=Window(...))
8.7478 	EXP 	Created Alignment_image = ImageStim(__class__=<class 'psychopy.visual.image.ImageStim'>, autoLog=True, color=array([1, 1, 1]), colorSpace='rgb', contrast=1.0, depth=-1.0, flipHoriz=False, flipVert=False, image='Alignment.png', interpolate=True, mask=None, maskParams=None, name='Alignment_image', opacity=1, ori=0.0, pos=array([0., 0.]), size=array([1.4, 1. ]), texRes=512, units='height', win=Window(...))
8.7540 	EXP 	Created Button_text = TextStim(__class__=<class 'psychopy.visual.text.TextStim'>, alignHoriz=method-wrapper(...), alignText='center', alignVert=method-wrapper(...), anchorHoriz='center', anchorVert='center', antialias=True, autoLog=True, bold=False, color=array([-1, -1, -1]), colorSpace='rgb', contrast=1.0, depth=0.0, flipHoriz=False, flipVert=False, font='Arial', fontFiles=[], height=0.075, italic=False, languageStyle='LTR', name='Button_text', opacity=1, ori=0, pos=array([0., 0.]), rgb=UNKNOWN, text='Button check.', units='height', win=Window(...), wrapWidth=1)
8.7609 	EXP 	Created Index_text = TextStim(__class__=<class 'psychopy.visual.text.TextStim'>, alignHoriz=method-wrapper(...), alignText='center', alignVert=method-wrapper(...), anchorHoriz='center', anchorVert='center', antialias=True, autoLog=True, bold=False, color=array([-1, -1, -1]), colorSpace='rgb', contrast=1.0, depth=0.0, flipHoriz=False, flipVert=False, font='Arial', fontFiles=[], height=0.075, italic=False, languageStyle='LTR', name='Index_text', opacity=1, ori=0, pos=array([0., 0.]), rgb=UNKNOWN, text='Press the button under your index finger.', units='height', win=Window(...), wrapWidth=1)
8.7658 	EXP 	Created Middle_text = TextStim(__class__=<class 'psychopy.visual.text.TextStim'>, alignHoriz=method-wrapper(...), alignText='center', alignVert=method-wrapper(...), anchorHoriz='center', anchorVert='center', antialias=True, autoLog=True, bold=False, color=array([-1, -1, -1]), colorSpace='rgb', contrast=1.0, depth=0.0, flipHoriz=False, flipVert=False, font='Arial', fontFiles=[], height=0.075, italic=False, languageStyle='LTR', name='Middle_text', opacity=1, ori=0, pos=array([0., 0.]), rgb=UNKNOWN, text='Press the button under your middle finger.', units='height', win=Window(...), wrapWidth=1)
8.7744 	EXP 	Created Repeat_text = TextStim(__class__=<class 'psychopy.visual.text.TextStim'>, alignHoriz=method-wrapper(...), alignText='center', alignVert=method-wrapper(...), anchorHoriz='center', anchorVert='center', antialias=True, autoLog=True, bold=False, color=array([-1, -1, -1]), colorSpace='rgb', contrast=1.0, depth=-1.0, flipHoriz=False, flipVert=False, font='Arial', fontFiles=[], height=0.075, italic=False, languageStyle='LTR', name='Repeat_text', opacity=1, ori=0, pos=array([0., 0.]), rgb=UNKNOWN, text=str(...), units='height', win=Window(...), wrapWidth=1)
8.7927 	EXP 	Created instruction_text = TextStim(__class__=<class 'psychopy.visual.text.TextStim'>, alignHoriz=method-wrapper(...), alignText='center', alignVert=method-wrapper(...), anchorHoriz='center', anchorVert='center', antialias=True, autoLog=True, bold=False, color=array([-1, -1, -1]), colorSpace='rgb', contrast=1.0, depth=0.0, flipHoriz=False, flipVert=False, font='Arial', fontFiles=[], height=0.05, italic=False, languageStyle='LTR', name='instruction_text', opacity=1, ori=0, pos=array([0., 0.]), rgb=UNKNOWN, text=str(...), units='height', win=Window(...), wrapWidth=1)
8.7928 	EXP 	window1: mouseVisible = False
8.7938 	EXP 	Created fixation_wait_for_t = ShapeStim(__class__=<class 'psychopy.visual.shape.ShapeStim'>, autoDraw=False, autoLog=True, closeShape=True, color=method-wrapper(...), colorSpace='rgb', contrast=None, depth=-2.0, fillColor=array([-1, -1, -1]), fillColorSpace='rgb', fillRGB=UNKNOWN, interpolate=True, lineColor=array([-1, -1, -1]), lineColorSpace='rgb', lineRGB=UNKNOWN, lineWidth=1, name='fixation_wait_for_t', opacity=1, ori=0.0, pos=array([0., 0.]), size=array([0.02, 0.02]), units='height', vertices=ndarray(...), win=Window(...), windingRule=None)
8.7965 	EXP 	Created image = ImageStim(__class__=<class 'psychopy.visual.image.ImageStim'>, autoLog=True, color=array([1, 1, 1]), colorSpace='rgb', contrast=1.0, depth=-1.0, flipHoriz=False, flipVert=False, image='sin', interpolate=True, mask=None, maskParams=None, name='image', opacity=1, ori=0.0, pos=array([0., 0.]), size=array([0.8, 0.8]), texRes=128, units='height', win=Window(...))
8.7974 	EXP 	Created fixation = ShapeStim(__class__=<class 'psychopy.visual.shape.ShapeStim'>, autoDraw=False, autoLog=True, closeShape=True, color=method-wrapper(...), colorSpace='rgb', contrast=None, depth=-2.0, fillColor=array([-1., -1., -1.]), fillColorSpace='rgb', fillRGB=UNKNOWN, interpolate=True, lineColor=array([-1, -1, -1]), lineColorSpace='rgb', lineRGB=UNKNOWN, lineWidth=1, name='fixation', opacity=1, ori=0.0, pos=array([0., 0.]), size=array([0.02, 0.02]), units='height', vertices=ndarray(...), win=Window(...), windingRule=None)
8.7983 	EXP 	Created fixation_null = ShapeStim(__class__=<class 'psychopy.visual.shape.ShapeStim'>, autoDraw=False, autoLog=True, closeShape=True, color=method-wrapper(...), colorSpace='rgb', contrast=None, depth=0.0, fillColor=array([-1, -1, -1]), fillColorSpace='rgb', fillRGB=UNKNOWN, interpolate=True, lineColor=array([-1, -1, -1]), lineColorSpace='rgb', lineRGB=UNKNOWN, lineWidth=1, name='fixation_null', opacity=1, ori=0.0, pos=array([0., 0.]), size=array([0.02, 0.02]), units='height', vertices=ndarray(...), win=Window(...), windingRule=None)
8.8010 	EXP 	Created end_text = TextStim(__class__=<class 'psychopy.visual.text.TextStim'>, alignHoriz=method-wrapper(...), alignText='center', alignVert=method-wrapper(...), anchorHoriz='center', anchorVert='center', antialias=True, autoLog=True, bold=False, color=array([-1, -1, -1]), colorSpace='rgb', contrast=1.0, depth=0.0, flipHoriz=False, flipVert=False, font='Arial', fontFiles=[], height=0.05, italic=False, languageStyle='LTR', name='end_text', opacity=1, ori=0, pos=array([0., 0.]), rgb=UNKNOWN, text='That concludes this run.', units='height', win=Window(...), wrapWidth=1)
8.8386 	EXP 	Ready_experimenter_text: autoDraw = True
45.8259 	DATA 	Keypress: return
45.8352 	EXP 	Ready_experimenter_text: autoDraw = False
45.8352 	EXP 	Alignment_background: autoDraw = True
45.8352 	EXP 	Alignment_image: autoDraw = True
47.1688 	EXP 	Created sequence: random, trialTypes=1, nReps=5, seed=None
47.1690 	EXP 	New trial (rep=0, index=0): None
47.1724 	DATA 	Keypress: return
47.1757 	EXP 	Alignment_background: autoDraw = False
47.1757 	EXP 	Alignment_image: autoDraw = False
47.1757 	EXP 	Button_text: autoDraw = True
48.1747 	EXP 	Button_text: autoDraw = False
48.1747 	EXP 	Button_text: autoDraw = False
48.1747 	EXP 	Index_text: autoDraw = True
52.2007 	DATA 	Keypress: y
52.2085 	EXP 	Index_text: autoDraw = False
52.2085 	EXP 	Middle_text: autoDraw = True
54.0489 	DATA 	Keypress: b
54.0585 	EXP 	Middle_text: autoDraw = False
54.0585 	EXP 	Repeat_text: autoDraw = True
93.5170 	DATA 	Keypress: n
93.5263 	EXP 	Repeat_text: autoDraw = False
93.5263 	EXP 	instruction_text: autoDraw = True
102.3366 	EXP 	Imported localizer\sequences\loc_subj0003_run0001.csv as conditions, 244 conditions, 3 params
102.3371 	EXP 	Created sequence: sequential, trialTypes=244, nReps=1, seed=None
102.3373 	EXP 	New trial (rep=0, index=0): OrderedDict([('block_type', 'null_block'), ('condition', 'null_block'), ('img_name', 'null_block.bmp')])
102.3400 	DATA 	Keypress: y
102.3437 	EXP 	instruction_text: autoDraw = False
102.3437 	EXP 	fixation_wait_for_t: autoDraw = True
117.9161 	DATA 	Keypress: t
117.9198 	EXP 	fixation_wait_for_t: autoDraw = False
117.9198 	EXP 	image: texRes = 128
117.9198 	EXP 	image: image = 'localizer//stimuli//null_block.bmp'
117.9198 	EXP 	image: texRes = 128
117.9198 	EXP 	image: autoDraw = True
117.9198 	EXP 	fixation: autoDraw = True
117.9198 	EXP 	image: autoDraw = False
117.9198 	EXP 	fixation: autoDraw = False
117.9198 	EXP 	fixation_null: autoDraw = True
119.8968 	DATA 	Keypress: t
121.8960 	DATA 	Keypress: t
123.8961 	DATA 	Keypress: t
125.8958 	DATA 	Keypress: t
127.8957 	DATA 	Keypress: t
129.8959 	DATA 	Keypress: t
129.9125 	EXP 	New trial (rep=0, index=1): OrderedDict([('block_type', 'block_start'), ('condition', 'objects'), ('img_name', 'objects082.bmp')])
129.9260 	EXP 	fixation_null: autoDraw = False
129.9260 	EXP 	fixation_null: autoDraw = False
129.9260 	EXP 	fixation_wait_for_t: autoDraw = True
131.9111 	DATA 	Keypress: t
131.9159 	EXP 	fixation_wait_for_t: autoDraw = False
131.9159 	EXP 	image: texRes = 128
131.9159 	EXP 	image: image = 'localizer//stimuli//objects082.bmp'
131.9159 	EXP 	image: autoDraw = True
131.9159 	EXP 	fixation: autoDraw = True
132.2254 	EXP 	image: autoDraw = False
132.7114 	EXP 	New trial (rep=0, index=2): OrderedDict([('block_type', 'block'), ('condition', 'objects'), ('img_name', 'objects029.bmp')])
132.7319 	EXP 	image: autoDraw = False
132.7319 	EXP 	fixation: autoDraw = False
132.7319 	EXP 	fixation_null: autoDraw = True
132.7319 	EXP 	fixation_null: autoDraw = False
132.7319 	EXP 	fixation_wait_for_t: autoDraw = True
132.7319 	EXP 	fixation_wait_for_t: autoDraw = False
132.7319 	EXP 	image: texRes = 128
132.7319 	EXP 	image: image = 'localizer//stimuli//objects029.bmp'
132.7319 	EXP 	image: autoDraw = True
132.7319 	EXP 	fixation: autoDraw = True
133.0428 	EXP 	image: autoDraw = False
133.5289 	EXP 	New trial (rep=0, index=3): OrderedDict([('block_type', 'block'), ('condition', 'objects'), ('img_name', 'objects071.bmp')])
133.5491 	EXP 	image: autoDraw = False
133.5491 	EXP 	fixation: autoDraw = False
133.5491 	EXP 	fixation_null: autoDraw = True
133.5491 	EXP 	fixation_null: autoDraw = False
133.5491 	EXP 	fixation_wait_for_t: autoDraw = True
133.5491 	EXP 	fixation_wait_for_t: autoDraw = False
133.5491 	EXP 	image: texRes = 128
133.5491 	EXP 	image: image = 'localizer//stimuli//objects071.bmp'
133.5491 	EXP 	image: autoDraw = True
133.5491 	EXP 	fixation: autoDraw = True
133.8588 	EXP 	image: autoDraw = False
133.8964 	DATA 	Keypress: t
134.3455 	EXP 	New trial (rep=0, index=4): OrderedDict([('block_type', 'block'), ('condition', 'objects'), ('img_name', 'objects045.bmp')])
134.3657 	EXP 	image: autoDraw = False
134.3657 	EXP 	fixation: autoDraw = False
134.3657 	EXP 	fixation_null: autoDraw = True
134.3657 	EXP 	fixation_null: autoDraw = False
134.3657 	EXP 	fixation_wait_for_t: autoDraw = True
134.3657 	EXP 	fixation_wait_for_t: autoDraw = False
134.3657 	EXP 	image: texRes = 128
134.3657 	EXP 	image: image = 'localizer//stimuli//objects045.bmp'
134.3657 	EXP 	image: autoDraw = True
134.3657 	EXP 	fixation: autoDraw = True
134.6759 	EXP 	image: autoDraw = False
135.1618 	EXP 	New trial (rep=0, index=5): OrderedDict([('block_type', 'block'), ('condition', 'objects'), ('img_name', 'objects037.bmp')])
135.1826 	EXP 	image: autoDraw = False
135.1826 	EXP 	fixation: autoDraw = False
135.1826 	EXP 	fixation_null: autoDraw = True
135.1826 	EXP 	fixation_null: autoDraw = False
135.1826 	EXP 	fixation_wait_for_t: autoDraw = True
135.1826 	EXP 	fixation_wait_for_t: autoDraw = False
135.1826 	EXP 	image: texRes = 128
135.1826 	EXP 	image: image = 'localizer//stimuli//objects037.bmp'
135.1826 	EXP 	image: autoDraw = True
135.1826 	EXP 	fixation: autoDraw = True
135.4920 	EXP 	image: autoDraw = False
135.8966 	DATA 	Keypress: t
135.9788 	EXP 	New trial (rep=0, index=6): OrderedDict([('block_type', 'block'), ('condition', 'objects'), ('img_name', 'objects020.bmp')])
135.9994 	EXP 	image: autoDraw = False
135.9994 	EXP 	fixation: autoDraw = False
135.9994 	EXP 	fixation_null: autoDraw = True
135.9994 	EXP 	fixation_null: autoDraw = False
135.9994 	EXP 	fixation_wait_for_t: autoDraw = True
135.9994 	EXP 	fixation_wait_for_t: autoDraw = False
135.9994 	EXP 	image: texRes = 128
135.9994 	EXP 	image: image = 'localizer//stimuli//objects020.bmp'
135.9994 	EXP 	image: autoDraw = True
135.9994 	EXP 	fixation: autoDraw = True
136.3092 	EXP 	image: autoDraw = False
136.7954 	EXP 	New trial (rep=0, index=7): OrderedDict([('block_type', 'block'), ('condition', 'objects'), ('img_name', 'objects050.bmp')])
136.8154 	EXP 	image: autoDraw = False
136.8154 	EXP 	fixation: autoDraw = False
136.8154 	EXP 	fixation_null: autoDraw = True
136.8154 	EXP 	fixation_null: autoDraw = False
136.8154 	EXP 	fixation_wait_for_t: autoDraw = True
136.8154 	EXP 	fixation_wait_for_t: autoDraw = False
136.8154 	EXP 	image: texRes = 128
136.8154 	EXP 	image: image = 'localizer//stimuli//objects050.bmp'
136.8154 	EXP 	image: autoDraw = True
136.8154 	EXP 	fixation: autoDraw = True
137.1271 	EXP 	image: autoDraw = False
137.6115 	EXP 	New trial (rep=0, index=8): OrderedDict([('block_type', 'block'), ('condition', 'objects'), ('img_name', 'objects080.bmp')])
137.6350 	EXP 	image: autoDraw = False
137.6350 	EXP 	fixation: autoDraw = False
137.6350 	EXP 	fixation_null: autoDraw = True
137.6350 	EXP 	fixation_null: autoDraw = False
137.6350 	EXP 	fixation_wait_for_t: autoDraw = True
137.6350 	EXP 	fixation_wait_for_t: autoDraw = False
137.6350 	EXP 	image: texRes = 128
137.6350 	EXP 	image: image = 'localizer//stimuli//objects080.bmp'
137.6350 	EXP 	image: autoDraw = True
137.6350 	EXP 	fixation: autoDraw = True
137.8955 	DATA 	Keypress: t
137.9424 	EXP 	image: autoDraw = False
138.4289 	EXP 	New trial (rep=0, index=9): OrderedDict([('block_type', 'block'), ('condition', 'objects'), ('img_name', 'objects010.bmp')])
138.4526 	EXP 	image: autoDraw = False
138.4526 	EXP 	fixation: autoDraw = False
138.4526 	EXP 	fixation_null: autoDraw = True
138.4526 	EXP 	fixation_null: autoDraw = False
138.4526 	EXP 	fixation_wait_for_t: autoDraw = True
138.4526 	EXP 	fixation_wait_for_t: autoDraw = False
138.4526 	EXP 	image: texRes = 128
138.4526 	EXP 	image: image = 'localizer//stimuli//objects010.bmp'
138.4526 	EXP 	image: autoDraw = True
138.4526 	EXP 	fixation: autoDraw = True
138.7588 	EXP 	image: autoDraw = False
139.2454 	EXP 	New trial (rep=0, index=10): OrderedDict([('block_type', 'block'), ('condition', 'objects'), ('img_name', 'objects064.bmp')])
139.2661 	EXP 	image: autoDraw = False
139.2661 	EXP 	fixation: autoDraw = False
139.2661 	EXP 	fixation_null: autoDraw = True
139.2661 	EXP 	fixation_null: autoDraw = False
139.2661 	EXP 	fixation_wait_for_t: autoDraw = True
139.2661 	EXP 	fixation_wait_for_t: autoDraw = False
139.2661 	EXP 	image: texRes = 128
139.2661 	EXP 	image: image = 'localizer//stimuli//objects064.bmp'
139.2661 	EXP 	image: autoDraw = True
139.2661 	EXP 	fixation: autoDraw = True
139.5759 	EXP 	image: autoDraw = False
139.8977 	DATA 	Keypress: t
140.0611 	EXP 	New trial (rep=0, index=11): OrderedDict([('block_type', 'block'), ('condition', 'objects'), ('img_name', 'objects019.bmp')])
140.0805 	EXP 	image: autoDraw = False
140.0805 	EXP 	fixation: autoDraw = False
140.0805 	EXP 	fixation_null: autoDraw = True
140.0805 	EXP 	fixation_null: autoDraw = False
140.0805 	EXP 	fixation_wait_for_t: autoDraw = True
140.0805 	EXP 	fixation_wait_for_t: autoDraw = False
140.0805 	EXP 	image: texRes = 128
140.0805 	EXP 	image: image = 'localizer//stimuli//objects019.bmp'
140.0805 	EXP 	image: autoDraw = True
140.0805 	EXP 	fixation: autoDraw = True
140.3920 	EXP 	image: autoDraw = False
140.8784 	EXP 	New trial (rep=0, index=12): OrderedDict([('block_type', 'block'), ('condition', 'objects'), ('img_name', 'objects028.bmp')])
140.8977 	EXP 	image: autoDraw = False
140.8977 	EXP 	fixation: autoDraw = False
140.8977 	EXP 	fixation_null: autoDraw = True
140.8977 	EXP 	fixation_null: autoDraw = False
140.8977 	EXP 	fixation_wait_for_t: autoDraw = True
140.8977 	EXP 	fixation_wait_for_t: autoDraw = False
140.8977 	EXP 	image: texRes = 128
140.8977 	EXP 	image: image = 'localizer//stimuli//objects028.bmp'
140.8977 	EXP 	image: autoDraw = True
140.8977 	EXP 	fixation: autoDraw = True
141.2087 	EXP 	image: autoDraw = False
141.6867 	EXP 	New trial (rep=0, index=13): OrderedDict([('block_type', 'block'), ('condition', 'objects'), ('img_name', 'objects039.bmp')])
141.7136 	EXP 	image: autoDraw = False
141.7136 	EXP 	fixation: autoDraw = False
141.7136 	EXP 	fixation_null: autoDraw = True
141.7136 	EXP 	fixation_null: autoDraw = False
141.7136 	EXP 	fixation_wait_for_t: autoDraw = True
141.7136 	EXP 	fixation_wait_for_t: autoDraw = False
141.7136 	EXP 	image: texRes = 128
141.7136 	EXP 	image: image = 'localizer//stimuli//objects039.bmp'
141.7136 	EXP 	image: autoDraw = True
141.7136 	EXP 	fixation: autoDraw = True
141.8957 	DATA 	Keypress: t
142.0253 	EXP 	image: autoDraw = False
142.4949 	EXP 	New trial (rep=0, index=14): OrderedDict([('block_type', 'block'), ('condition', 'objects'), ('img_name', 'objects054.bmp')])
142.5145 	EXP 	image: autoDraw = False
142.5145 	EXP 	fixation: autoDraw = False
142.5145 	EXP 	fixation_null: autoDraw = True
142.5145 	EXP 	fixation_null: autoDraw = False
142.5145 	EXP 	fixation_wait_for_t: autoDraw = True
142.5145 	EXP 	fixation_wait_for_t: autoDraw = False
142.5145 	EXP 	image: texRes = 128
142.5145 	EXP 	image: image = 'localizer//stimuli//objects054.bmp'
142.5145 	EXP 	image: autoDraw = True
142.5145 	EXP 	fixation: autoDraw = True
142.8253 	EXP 	image: autoDraw = False
143.3107 	EXP 	New trial (rep=0, index=15): OrderedDict([('block_type', 'block_end'), ('condition', 'objects'), ('img_name', 'objects036.bmp')])
143.3289 	EXP 	image: autoDraw = False
143.3289 	EXP 	fixation: autoDraw = False
143.3289 	EXP 	fixation_null: autoDraw = True
143.3289 	EXP 	fixation_null: autoDraw = False
143.3289 	EXP 	fixation_wait_for_t: autoDraw = True
143.3289 	EXP 	fixation_wait_for_t: autoDraw = False
143.3289 	EXP 	image: texRes = 128
143.3289 	EXP 	image: image = 'localizer//stimuli//objects036.bmp'
143.3289 	EXP 	image: autoDraw = True
143.3289 	EXP 	fixation: autoDraw = True
143.6425 	EXP 	image: autoDraw = False
143.8980 	DATA 	Keypress: t
144.1275 	EXP 	New trial (rep=0, index=16): OrderedDict([('block_type', 'block_start'), ('condition', 'faces'), ('img_name', 'faces036.bmp')])
144.1418 	EXP 	image: autoDraw = False
144.1418 	EXP 	fixation: autoDraw = False
144.1418 	EXP 	fixation_null: autoDraw = True
144.1418 	EXP 	fixation_null: autoDraw = False
144.1418 	EXP 	fixation_wait_for_t: autoDraw = True
145.9115 	DATA 	Keypress: t
145.9163 	EXP 	fixation_wait_for_t: autoDraw = False
145.9163 	EXP 	image: texRes = 128
145.9163 	EXP 	image: image = 'localizer//stimuli//faces036.bmp'
145.9163 	EXP 	image: autoDraw = True
145.9163 	EXP 	fixation: autoDraw = True
146.2260 	EXP 	image: autoDraw = False
146.7109 	EXP 	New trial (rep=0, index=17): OrderedDict([('block_type', 'block'), ('condition', 'faces'), ('img_name', 'faces085.bmp')])
146.7294 	EXP 	image: autoDraw = False
146.7294 	EXP 	fixation: autoDraw = False
146.7294 	EXP 	fixation_null: autoDraw = True
146.7294 	EXP 	fixation_null: autoDraw = False
146.7294 	EXP 	fixation_wait_for_t: autoDraw = True
146.7294 	EXP 	fixation_wait_for_t: autoDraw = False
146.7294 	EXP 	image: texRes = 128
146.7294 	EXP 	image: image = 'localizer//stimuli//faces085.bmp'
146.7294 	EXP 	image: autoDraw = True
146.7294 	EXP 	fixation: autoDraw = True
147.0420 	EXP 	image: autoDraw = False
147.5283 	EXP 	New trial (rep=0, index=18): OrderedDict([('block_type', 'block'), ('condition', 'faces'), ('img_name', 'faces024.bmp')])
147.5481 	EXP 	image: autoDraw = False
147.5481 	EXP 	fixation: autoDraw = False
147.5481 	EXP 	fixation_null: autoDraw = True
147.5481 	EXP 	fixation_null: autoDraw = False
147.5481 	EXP 	fixation_wait_for_t: autoDraw = True
147.5481 	EXP 	fixation_wait_for_t: autoDraw = False
147.5481 	EXP 	image: texRes = 128
147.5481 	EXP 	image: image = 'localizer//stimuli//faces024.bmp'
147.5481 	EXP 	image: autoDraw = True
147.5481 	EXP 	fixation: autoDraw = True
147.8584 	EXP 	image: autoDraw = False
147.8959 	DATA 	Keypress: t
148.3454 	EXP 	New trial (rep=0, index=19): OrderedDict([('block_type', 'block'), ('condition', 'faces'), ('img_name', 'faces080.bmp')])
148.3688 	EXP 	image: autoDraw = False
148.3688 	EXP 	fixation: autoDraw = False
148.3688 	EXP 	fixation_null: autoDraw = True
148.3688 	EXP 	fixation_null: autoDraw = False
148.3688 	EXP 	fixation_wait_for_t: autoDraw = True
148.3688 	EXP 	fixation_wait_for_t: autoDraw = False
148.3688 	EXP 	image: texRes = 128
148.3688 	EXP 	image: image = 'localizer//stimuli//faces080.bmp'
148.3688 	EXP 	image: autoDraw = True
148.3688 	EXP 	fixation: autoDraw = True
148.6759 	EXP 	image: autoDraw = False
149.1620 	EXP 	New trial (rep=0, index=20): OrderedDict([('block_type', 'block'), ('condition', 'faces'), ('img_name', 'faces065.bmp')])
149.1886 	EXP 	image: autoDraw = False
149.1886 	EXP 	fixation: autoDraw = False
149.1886 	EXP 	fixation_null: autoDraw = True
149.1886 	EXP 	fixation_null: autoDraw = False
149.1886 	EXP 	fixation_wait_for_t: autoDraw = True
149.1886 	EXP 	fixation_wait_for_t: autoDraw = False
149.1886 	EXP 	image: texRes = 128
149.1886 	EXP 	image: image = 'localizer//stimuli//faces065.bmp'
149.1886 	EXP 	image: autoDraw = True
149.1886 	EXP 	fixation: autoDraw = True
149.4928 	EXP 	image: autoDraw = False
149.8974 	DATA 	Keypress: t
149.9788 	EXP 	New trial (rep=0, index=21): OrderedDict([('block_type', 'block'), ('condition', 'faces'), ('img_name', 'faces010.bmp')])
150.0003 	EXP 	image: autoDraw = False
150.0003 	EXP 	fixation: autoDraw = False
150.0003 	EXP 	fixation_null: autoDraw = True
150.0003 	EXP 	fixation_null: autoDraw = False
150.0003 	EXP 	fixation_wait_for_t: autoDraw = True
150.0003 	EXP 	fixation_wait_for_t: autoDraw = False
150.0003 	EXP 	image: texRes = 128
150.0003 	EXP 	image: image = 'localizer//stimuli//faces010.bmp'
150.0003 	EXP 	image: autoDraw = True
150.0003 	EXP 	fixation: autoDraw = True
150.3094 	EXP 	image: autoDraw = False
150.7958 	EXP 	New trial (rep=0, index=22): OrderedDict([('block_type', 'block'), ('condition', 'faces'), ('img_name', 'faces006.bmp')])
150.8175 	EXP 	image: autoDraw = False
150.8175 	EXP 	fixation: autoDraw = False
150.8175 	EXP 	fixation_null: autoDraw = True
150.8175 	EXP 	fixation_null: autoDraw = False
150.8175 	EXP 	fixation_wait_for_t: autoDraw = True
150.8175 	EXP 	fixation_wait_for_t: autoDraw = False
150.8175 	EXP 	image: texRes = 128
150.8175 	EXP 	image: image = 'localizer//stimuli//faces006.bmp'
150.8175 	EXP 	image: autoDraw = True
150.8175 	EXP 	fixation: autoDraw = True
151.1262 	EXP 	image: autoDraw = False
151.6123 	EXP 	New trial (rep=0, index=23): OrderedDict([('block_type', 'block'), ('condition', 'faces'), ('img_name', 'faces047.bmp')])
151.6334 	EXP 	image: autoDraw = False
151.6334 	EXP 	fixation: autoDraw = False
151.6334 	EXP 	fixation_null: autoDraw = True
151.6334 	EXP 	fixation_null: autoDraw = False
151.6334 	EXP 	fixation_wait_for_t: autoDraw = True
151.6334 	EXP 	fixation_wait_for_t: autoDraw = False
151.6334 	EXP 	image: texRes = 128
151.6334 	EXP 	image: image = 'localizer//stimuli//faces047.bmp'
151.6334 	EXP 	image: autoDraw = True
151.6334 	EXP 	fixation: autoDraw = True
151.8966 	DATA 	Keypress: t
151.9423 	EXP 	image: autoDraw = False
152.4289 	EXP 	New trial (rep=0, index=24): OrderedDict([('block_type', 'block'), ('condition', 'faces'), ('img_name', 'faces055.bmp')])
152.4491 	EXP 	image: autoDraw = False
152.4491 	EXP 	fixation: autoDraw = False
152.4491 	EXP 	fixation_null: autoDraw = True
152.4491 	EXP 	fixation_null: autoDraw = False
152.4491 	EXP 	fixation_wait_for_t: autoDraw = True
152.4491 	EXP 	fixation_wait_for_t: autoDraw = False
152.4491 	EXP 	image: texRes = 128
152.4491 	EXP 	image: image = 'localizer//stimuli//faces055.bmp'
152.4491 	EXP 	image: autoDraw = True
152.4491 	EXP 	fixation: autoDraw = True
152.7591 	EXP 	image: autoDraw = False
153.2467 	EXP 	New trial (rep=0, index=25): OrderedDict([('block_type', 'block'), ('condition', 'faces'), ('img_name', 'faces075.bmp')])
153.2692 	EXP 	image: autoDraw = False
153.2692 	EXP 	fixation: autoDraw = False
153.2692 	EXP 	fixation_null: autoDraw = True
153.2692 	EXP 	fixation_null: autoDraw = False
153.2692 	EXP 	fixation_wait_for_t: autoDraw = True
153.2692 	EXP 	fixation_wait_for_t: autoDraw = False
153.2692 	EXP 	image: texRes = 128
153.2692 	EXP 	image: image = 'localizer//stimuli//faces075.bmp'
153.2692 	EXP 	image: autoDraw = True
153.2692 	EXP 	fixation: autoDraw = True
153.5756 	EXP 	image: autoDraw = False
153.8968 	DATA 	Keypress: t
154.0613 	EXP 	New trial (rep=0, index=26): OrderedDict([('block_type', 'block'), ('condition', 'faces'), ('img_name', 'faces066.bmp')])
154.0852 	EXP 	image: autoDraw = False
154.0852 	EXP 	fixation: autoDraw = False
154.0852 	EXP 	fixation_null: autoDraw = True
154.0852 	EXP 	fixation_null: autoDraw = False
154.0852 	EXP 	fixation_wait_for_t: autoDraw = True
154.0852 	EXP 	fixation_wait_for_t: autoDraw = False
154.0852 	EXP 	image: texRes = 128
154.0852 	EXP 	image: image = 'localizer//stimuli//faces066.bmp'
154.0852 	EXP 	image: autoDraw = True
154.0852 	EXP 	fixation: autoDraw = True
154.3923 	EXP 	image: autoDraw = False
154.8783 	EXP 	New trial (rep=0, index=27): OrderedDict([('block_type', 'block'), ('condition', 'faces'), ('img_name', 'faces030.bmp')])
154.8979 	EXP 	image: autoDraw = False
154.8979 	EXP 	fixation: autoDraw = False
154.8979 	EXP 	fixation_null: autoDraw = True
154.8979 	EXP 	fixation_null: autoDraw = False
154.8979 	EXP 	fixation_wait_for_t: autoDraw = True
154.8979 	EXP 	fixation_wait_for_t: autoDraw = False
154.8979 	EXP 	image: texRes = 128
154.8979 	EXP 	image: image = 'localizer//stimuli//faces030.bmp'
154.8979 	EXP 	image: autoDraw = True
154.8979 	EXP 	fixation: autoDraw = True
155.2088 	EXP 	image: autoDraw = False
155.6957 	EXP 	New trial (rep=0, index=28): OrderedDict([('block_type', 'block'), ('condition', 'faces'), ('img_name', 'faces078.bmp')])
155.7210 	EXP 	image: autoDraw = False
155.7210 	EXP 	fixation: autoDraw = False
155.7210 	EXP 	fixation_null: autoDraw = True
155.7210 	EXP 	fixation_null: autoDraw = False
155.7210 	EXP 	fixation_wait_for_t: autoDraw = True
155.7210 	EXP 	fixation_wait_for_t: autoDraw = False
155.7210 	EXP 	image: texRes = 128
155.7210 	EXP 	image: image = 'localizer//stimuli//faces078.bmp'
155.7210 	EXP 	image: autoDraw = True
155.7210 	EXP 	fixation: autoDraw = True
155.8973 	DATA 	Keypress: t
156.0258 	EXP 	image: autoDraw = False
156.5117 	EXP 	New trial (rep=0, index=29): OrderedDict([('block_type', 'block'), ('condition', 'faces'), ('img_name', 'faces070.bmp')])
156.5325 	EXP 	image: autoDraw = False
156.5325 	EXP 	fixation: autoDraw = False
156.5325 	EXP 	fixation_null: autoDraw = True
156.5325 	EXP 	fixation_null: autoDraw = False
156.5325 	EXP 	fixation_wait_for_t: autoDraw = True
156.5325 	EXP 	fixation_wait_for_t: autoDraw = False
156.5325 	EXP 	image: texRes = 128
156.5325 	EXP 	image: image = 'localizer//stimuli//faces070.bmp'
156.5325 	EXP 	image: autoDraw = True
156.5325 	EXP 	fixation: autoDraw = True
156.8428 	EXP 	image: autoDraw = False
157.3288 	EXP 	New trial (rep=0, index=30): OrderedDict([('block_type', 'block_end'), ('condition', 'faces'), ('img_name', 'faces044.bmp')])
157.3499 	EXP 	image: autoDraw = False
157.3499 	EXP 	fixation: autoDraw = False
157.3499 	EXP 	fixation_null: autoDraw = True
157.3499 	EXP 	fixation_null: autoDraw = False
157.3499 	EXP 	fixation_wait_for_t: autoDraw = True
157.3499 	EXP 	fixation_wait_for_t: autoDraw = False
157.3499 	EXP 	image: texRes = 128
157.3499 	EXP 	image: image = 'localizer//stimuli//faces044.bmp'
157.3499 	EXP 	image: autoDraw = True
157.3499 	EXP 	fixation: autoDraw = True
157.6588 	EXP 	image: autoDraw = False
157.8978 	DATA 	Keypress: t
158.1450 	EXP 	New trial (rep=0, index=31): OrderedDict([('block_type', 'block_start'), ('condition', 'scrambled'), ('img_name', 'scrambled032.bmp')])
158.1590 	EXP 	image: autoDraw = False
158.1590 	EXP 	fixation: autoDraw = False
158.1590 	EXP 	fixation_null: autoDraw = True
158.1590 	EXP 	fixation_null: autoDraw = False
158.1590 	EXP 	fixation_wait_for_t: autoDraw = True
159.9116 	DATA 	Keypress: t
159.9165 	EXP 	fixation_wait_for_t: autoDraw = False
159.9165 	EXP 	image: texRes = 128
159.9165 	EXP 	image: image = 'localizer//stimuli//scrambled032.bmp'
159.9165 	EXP 	image: autoDraw = True
159.9165 	EXP 	fixation: autoDraw = True
160.2259 	EXP 	image: autoDraw = False
160.7113 	EXP 	New trial (rep=0, index=32): OrderedDict([('block_type', 'block'), ('condition', 'scrambled'), ('img_name', 'scrambled005.bmp')])
160.7337 	EXP 	image: autoDraw = False
160.7337 	EXP 	fixation: autoDraw = False
160.7337 	EXP 	fixation_null: autoDraw = True
160.7337 	EXP 	fixation_null: autoDraw = False
160.7337 	EXP 	fixation_wait_for_t: autoDraw = True
160.7337 	EXP 	fixation_wait_for_t: autoDraw = False
160.7337 	EXP 	image: texRes = 128
160.7337 	EXP 	image: image = 'localizer//stimuli//scrambled005.bmp'
160.7337 	EXP 	image: autoDraw = True
160.7337 	EXP 	fixation: autoDraw = True
161.0422 	EXP 	image: autoDraw = False
161.5283 	EXP 	New trial (rep=0, index=33): OrderedDict([('block_type', 'block'), ('condition', 'scrambled'), ('img_name', 'scrambled047.bmp')])
161.5479 	EXP 	image: autoDraw = False
161.5479 	EXP 	fixation: autoDraw = False
161.5479 	EXP 	fixation_null: autoDraw = True
161.5479 	EXP 	fixation_null: autoDraw = False
161.5479 	EXP 	fixation_wait_for_t: autoDraw = True
161.5479 	EXP 	fixation_wait_for_t: autoDraw = False
161.5479 	EXP 	image: texRes = 128
161.5479 	EXP 	image: image = 'localizer//stimuli//scrambled047.bmp'
161.5479 	EXP 	image: autoDraw = True
161.5479 	EXP 	fixation: autoDraw = True
161.8587 	EXP 	image: autoDraw = False
161.8962 	DATA 	Keypress: t
162.3449 	EXP 	New trial (rep=0, index=34): OrderedDict([('block_type', 'block'), ('condition', 'scrambled'), ('img_name', 'scrambled064.bmp')])
162.3617 	EXP 	image: autoDraw = False
162.3617 	EXP 	fixation: autoDraw = False
162.3617 	EXP 	fixation_null: autoDraw = True
162.3617 	EXP 	fixation_null: autoDraw = False
162.3617 	EXP 	fixation_wait_for_t: autoDraw = True
162.3617 	EXP 	fixation_wait_for_t: autoDraw = False
162.3617 	EXP 	image: texRes = 128
162.3617 	EXP 	image: image = 'localizer//stimuli//scrambled064.bmp'
162.3617 	EXP 	image: autoDraw = True
162.3617 	EXP 	fixation: autoDraw = True
162.6755 	EXP 	image: autoDraw = False
163.1619 	EXP 	New trial (rep=0, index=35): OrderedDict([('block_type', 'block'), ('condition', 'scrambled'), ('img_name', 'scrambled074.bmp')])
163.1822 	EXP 	image: autoDraw = False
163.1822 	EXP 	fixation: autoDraw = False
163.1822 	EXP 	fixation_null: autoDraw = True
163.1822 	EXP 	fixation_null: autoDraw = False
163.1822 	EXP 	fixation_wait_for_t: autoDraw = True
163.1822 	EXP 	fixation_wait_for_t: autoDraw = False
163.1822 	EXP 	image: texRes = 128
163.1822 	EXP 	image: image = 'localizer//stimuli//scrambled074.bmp'
163.1822 	EXP 	image: autoDraw = True
163.1822 	EXP 	fixation: autoDraw = True
163.4923 	EXP 	image: autoDraw = False
163.8966 	DATA 	Keypress: t
163.9781 	EXP 	New trial (rep=0, index=36): OrderedDict([('block_type', 'block'), ('condition', 'scrambled'), ('img_name', 'scrambled044.bmp')])
163.9974 	EXP 	image: autoDraw = False
163.9974 	EXP 	fixation: autoDraw = False
163.9974 	EXP 	fixation_null: autoDraw = True
163.9974 	EXP 	fixation_null: autoDraw = False
163.9974 	EXP 	fixation_wait_for_t: autoDraw = True
163.9974 	EXP 	fixation_wait_for_t: autoDraw = False
163.9974 	EXP 	image: texRes = 128
163.9974 	EXP 	image: image = 'localizer//stimuli//scrambled044.bmp'
163.9974 	EXP 	image: autoDraw = True
163.9974 	EXP 	fixation: autoDraw = True
164.3089 	EXP 	image: autoDraw = False
164.7950 	EXP 	New trial (rep=0, index=37): OrderedDict([('block_type', 'block'), ('condition', 'scrambled'), ('img_name', 'scrambled061.bmp')])
164.8146 	EXP 	image: autoDraw = False
164.8146 	EXP 	fixation: autoDraw = False
164.8146 	EXP 	fixation_null: autoDraw = True
164.8146 	EXP 	fixation_null: autoDraw = False
164.8146 	EXP 	fixation_wait_for_t: autoDraw = True
164.8146 	EXP 	fixation_wait_for_t: autoDraw = False
164.8146 	EXP 	image: texRes = 128
164.8146 	EXP 	image: image = 'localizer//stimuli//scrambled061.bmp'
164.8146 	EXP 	image: autoDraw = True
164.8146 	EXP 	fixation: autoDraw = True
165.1256 	EXP 	image: autoDraw = False
165.6121 	EXP 	New trial (rep=0, index=38): OrderedDict([('block_type', 'block'), ('condition', 'scrambled'), ('img_name', 'scrambled035.bmp')])
165.6329 	EXP 	image: autoDraw = False
165.6329 	EXP 	fixation: autoDraw = False
165.6329 	EXP 	fixation_null: autoDraw = True
165.6329 	EXP 	fixation_null: autoDraw = False
165.6329 	EXP 	fixation_wait_for_t: autoDraw = True
165.6329 	EXP 	fixation_wait_for_t: autoDraw = False
165.6329 	EXP 	image: texRes = 128
165.6329 	EXP 	image: image = 'localizer//stimuli//scrambled035.bmp'
165.6329 	EXP 	image: autoDraw = True
165.6329 	EXP 	fixation: autoDraw = True
165.8960 	DATA 	Keypress: t
165.9484 	EXP 	image: autoDraw = False
166.4274 	EXP 	New trial (rep=0, index=39): OrderedDict([('block_type', 'block'), ('condition', 'scrambled'), ('img_name', 'scrambled011.bmp')])
166.4473 	EXP 	image: autoDraw = False
166.4473 	EXP 	fixation: autoDraw = False
166.4473 	EXP 	fixation_null: autoDraw = True
166.4473 	EXP 	fixation_null: autoDraw = False
166.4473 	EXP 	fixation_wait_for_t: autoDraw = True
166.4473 	EXP 	fixation_wait_for_t: autoDraw = False
166.4473 	EXP 	image: texRes = 128
166.4473 	EXP 	image: image = 'localizer//stimuli//scrambled011.bmp'
166.4473 	EXP 	image: autoDraw = True
166.4473 	EXP 	fixation: autoDraw = True
166.7590 	EXP 	image: autoDraw = False
167.2448 	EXP 	New trial (rep=0, index=40): OrderedDict([('block_type', 'block'), ('condition', 'scrambled'), ('img_name', 'scrambled056.bmp')])
167.2635 	EXP 	image: autoDraw = False
167.2635 	EXP 	fixation: autoDraw = False
167.2635 	EXP 	fixation_null: autoDraw = True
167.2635 	EXP 	fixation_null: autoDraw = False
167.2635 	EXP 	fixation_wait_for_t: autoDraw = True
167.2635 	EXP 	fixation_wait_for_t: autoDraw = False
167.2635 	EXP 	image: texRes = 128
167.2635 	EXP 	image: image = 'localizer//stimuli//scrambled056.bmp'
167.2635 	EXP 	image: autoDraw = True
167.2635 	EXP 	fixation: autoDraw = True
167.5757 	EXP 	image: autoDraw = False
167.8982 	DATA 	Keypress: t
168.0618 	EXP 	New trial (rep=0, index=41): OrderedDict([('block_type', 'block'), ('condition', 'scrambled'), ('img_name', 'scrambled033.bmp')])
168.0824 	EXP 	image: autoDraw = False
168.0824 	EXP 	fixation: autoDraw = False
168.0824 	EXP 	fixation_null: autoDraw = True
168.0824 	EXP 	fixation_null: autoDraw = False
168.0824 	EXP 	fixation_wait_for_t: autoDraw = True
168.0824 	EXP 	fixation_wait_for_t: autoDraw = False
168.0824 	EXP 	image: texRes = 128
168.0824 	EXP 	image: image = 'localizer//stimuli//scrambled033.bmp'
168.0824 	EXP 	image: autoDraw = True
168.0824 	EXP 	fixation: autoDraw = True
168.3926 	EXP 	image: autoDraw = False
168.8785 	EXP 	New trial (rep=0, index=42): OrderedDict([('block_type', 'block'), ('condition', 'scrambled'), ('img_name', 'scrambled082.bmp')])
168.9018 	EXP 	image: autoDraw = False
168.9018 	EXP 	fixation: autoDraw = False
168.9018 	EXP 	fixation_null: autoDraw = True
168.9018 	EXP 	fixation_null: autoDraw = False
168.9018 	EXP 	fixation_wait_for_t: autoDraw = True
168.9018 	EXP 	fixation_wait_for_t: autoDraw = False
168.9018 	EXP 	image: texRes = 128
168.9018 	EXP 	image: image = 'localizer//stimuli//scrambled082.bmp'
168.9018 	EXP 	image: autoDraw = True
168.9018 	EXP 	fixation: autoDraw = True
169.2086 	EXP 	image: autoDraw = False
169.6950 	EXP 	New trial (rep=0, index=43): OrderedDict([('block_type', 'block'), ('condition', 'scrambled'), ('img_name', 'scrambled042.bmp')])
169.7153 	EXP 	image: autoDraw = False
169.7153 	EXP 	fixation: autoDraw = False
169.7153 	EXP 	fixation_null: autoDraw = True
169.7153 	EXP 	fixation_null: autoDraw = False
169.7153 	EXP 	fixation_wait_for_t: autoDraw = True
169.7153 	EXP 	fixation_wait_for_t: autoDraw = False
169.7153 	EXP 	image: texRes = 128
169.7153 	EXP 	image: image = 'localizer//stimuli//scrambled042.bmp'
169.7153 	EXP 	image: autoDraw = True
169.7153 	EXP 	fixation: autoDraw = True
169.8978 	DATA 	Keypress: t
170.0255 	EXP 	image: autoDraw = False
170.5115 	EXP 	New trial (rep=0, index=44): OrderedDict([('block_type', 'block'), ('condition', 'scrambled'), ('img_name', 'scrambled071.bmp')])
170.5305 	EXP 	image: autoDraw = False
170.5305 	EXP 	fixation: autoDraw = False
170.5305 	EXP 	fixation_null: autoDraw = True
170.5305 	EXP 	fixation_null: autoDraw = False
170.5305 	EXP 	fixation_wait_for_t: autoDraw = True
170.5305 	EXP 	fixation_wait_for_t: autoDraw = False
170.5305 	EXP 	image: texRes = 128
170.5305 	EXP 	image: image = 'localizer//stimuli//scrambled071.bmp'
170.5305 	EXP 	image: autoDraw = True
170.5305 	EXP 	fixation: autoDraw = True
170.8429 	EXP 	image: autoDraw = False
171.3290 	EXP 	New trial (rep=0, index=45): OrderedDict([('block_type', 'block_end'), ('condition', 'scrambled'), ('img_name', 'scrambled025.bmp')])
171.3546 	EXP 	image: autoDraw = False
171.3546 	EXP 	fixation: autoDraw = False
171.3546 	EXP 	fixation_null: autoDraw = True
171.3546 	EXP 	fixation_null: autoDraw = False
171.3546 	EXP 	fixation_wait_for_t: autoDraw = True
171.3546 	EXP 	fixation_wait_for_t: autoDraw = False
171.3546 	EXP 	image: texRes = 128
171.3546 	EXP 	image: image = 'localizer//stimuli//scrambled025.bmp'
171.3546 	EXP 	image: autoDraw = True
171.3546 	EXP 	fixation: autoDraw = True
171.6587 	EXP 	image: autoDraw = False
171.8967 	DATA 	Keypress: t
172.1511 	EXP 	New trial (rep=0, index=46): OrderedDict([('block_type', 'block_start'), ('condition', 'scenes'), ('img_name', 'scenes048.bmp')])
172.1600 	EXP 	image: autoDraw = False
172.1600 	EXP 	fixation: autoDraw = False
172.1600 	EXP 	fixation_null: autoDraw = True
172.1600 	EXP 	fixation_null: autoDraw = False
172.1600 	EXP 	fixation_wait_for_t: autoDraw = True
173.9246 	DATA 	Keypress: t
173.9297 	EXP 	fixation_wait_for_t: autoDraw = False
173.9297 	EXP 	image: texRes = 128
173.9297 	EXP 	image: image = 'localizer//stimuli//scenes048.bmp'
173.9297 	EXP 	image: autoDraw = True
173.9297 	EXP 	fixation: autoDraw = True
174.2423 	EXP 	image: autoDraw = False
174.7118 	EXP 	New trial (rep=0, index=47): OrderedDict([('block_type', 'block'), ('condition', 'scenes'), ('img_name', 'scenes088.bmp')])
174.7358 	EXP 	image: autoDraw = False
174.7358 	EXP 	fixation: autoDraw = False
174.7358 	EXP 	fixation_null: autoDraw = True
174.7358 	EXP 	fixation_null: autoDraw = False
174.7358 	EXP 	fixation_wait_for_t: autoDraw = True
174.7358 	EXP 	fixation_wait_for_t: autoDraw = False
174.7358 	EXP 	image: texRes = 128
174.7358 	EXP 	image: image = 'localizer//stimuli//scenes088.bmp'
174.7358 	EXP 	image: autoDraw = True
174.7358 	EXP 	fixation: autoDraw = True
175.0430 	EXP 	image: autoDraw = False
175.5289 	EXP 	New trial (rep=0, index=48): OrderedDict([('block_type', 'block'), ('condition', 'scenes'), ('img_name', 'scenes047.bmp')])
175.5498 	EXP 	image: autoDraw = False
175.5498 	EXP 	fixation: autoDraw = False
175.5498 	EXP 	fixation_null: autoDraw = True
175.5498 	EXP 	fixation_null: autoDraw = False
175.5498 	EXP 	fixation_wait_for_t: autoDraw = True
175.5498 	EXP 	fixation_wait_for_t: autoDraw = False
175.5498 	EXP 	image: texRes = 128
175.5498 	EXP 	image: image = 'localizer//stimuli//scenes047.bmp'
175.5498 	EXP 	image: autoDraw = True
175.5498 	EXP 	fixation: autoDraw = True
175.8590 	EXP 	image: autoDraw = False
175.8959 	DATA 	Keypress: t
176.3458 	EXP 	New trial (rep=0, index=49): OrderedDict([('block_type', 'block'), ('condition', 'scenes'), ('img_name', 'scenes042.bmp')])
176.3685 	EXP 	image: autoDraw = False
176.3685 	EXP 	fixation: autoDraw = False
176.3685 	EXP 	fixation_null: autoDraw = True
176.3685 	EXP 	fixation_null: autoDraw = False
176.3685 	EXP 	fixation_wait_for_t: autoDraw = True
176.3685 	EXP 	fixation_wait_for_t: autoDraw = False
176.3685 	EXP 	image: texRes = 128
176.3685 	EXP 	image: image = 'localizer//stimuli//scenes042.bmp'
176.3685 	EXP 	image: autoDraw = True
176.3685 	EXP 	fixation: autoDraw = True
176.6755 	EXP 	image: autoDraw = False
177.1615 	EXP 	New trial (rep=0, index=50): OrderedDict([('block_type', 'block'), ('condition', 'scenes'), ('img_name', 'scenes089.bmp')])
177.1851 	EXP 	image: autoDraw = False
177.1851 	EXP 	fixation: autoDraw = False
177.1851 	EXP 	fixation_null: autoDraw = True
177.1851 	EXP 	fixation_null: autoDraw = False
177.1851 	EXP 	fixation_wait_for_t: autoDraw = True
177.1851 	EXP 	fixation_wait_for_t: autoDraw = False
177.1851 	EXP 	image: texRes = 128
177.1851 	EXP 	image: image = 'localizer//stimuli//scenes089.bmp'
177.1851 	EXP 	image: autoDraw = True
177.1851 	EXP 	fixation: autoDraw = True
177.4923 	EXP 	image: autoDraw = False
177.8975 	DATA 	Keypress: t
177.9783 	EXP 	New trial (rep=0, index=51): OrderedDict([('block_type', 'block'), ('condition', 'scenes'), ('img_name', 'scenes009.bmp')])
177.9980 	EXP 	image: autoDraw = False
177.9980 	EXP 	fixation: autoDraw = False
177.9980 	EXP 	fixation_null: autoDraw = True
177.9980 	EXP 	fixation_null: autoDraw = False
177.9980 	EXP 	fixation_wait_for_t: autoDraw = True
177.9980 	EXP 	fixation_wait_for_t: autoDraw = False
177.9980 	EXP 	image: texRes = 128
177.9980 	EXP 	image: image = 'localizer//stimuli//scenes009.bmp'
177.9980 	EXP 	image: autoDraw = True
177.9980 	EXP 	fixation: autoDraw = True
178.3089 	EXP 	image: autoDraw = False
178.7954 	EXP 	New trial (rep=0, index=52): OrderedDict([('block_type', 'block'), ('condition', 'scenes'), ('img_name', 'scenes080.bmp')])
178.8198 	EXP 	image: autoDraw = False
178.8198 	EXP 	fixation: autoDraw = False
178.8198 	EXP 	fixation_null: autoDraw = True
178.8198 	EXP 	fixation_null: autoDraw = False
178.8198 	EXP 	fixation_wait_for_t: autoDraw = True
178.8198 	EXP 	fixation_wait_for_t: autoDraw = False
178.8198 	EXP 	image: texRes = 128
178.8198 	EXP 	image: image = 'localizer//stimuli//scenes080.bmp'
178.8198 	EXP 	image: autoDraw = True
178.8198 	EXP 	fixation: autoDraw = True
179.1256 	EXP 	image: autoDraw = False
179.6114 	EXP 	New trial (rep=0, index=53): OrderedDict([('block_type', 'block'), ('condition', 'scenes'), ('img_name', 'scenes054.bmp')])
179.6361 	EXP 	image: autoDraw = False
179.6361 	EXP 	fixation: autoDraw = False
179.6361 	EXP 	fixation_null: autoDraw = True
179.6361 	EXP 	fixation_null: autoDraw = False
179.6361 	EXP 	fixation_wait_for_t: autoDraw = True
179.6361 	EXP 	fixation_wait_for_t: autoDraw = False
179.6361 	EXP 	image: texRes = 128
179.6361 	EXP 	image: image = 'localizer//stimuli//scenes054.bmp'
179.6361 	EXP 	image: autoDraw = True
179.6361 	EXP 	fixation: autoDraw = True
179.8970 	DATA 	Keypress: t
179.9424 	EXP 	image: autoDraw = False
180.4284 	EXP 	New trial (rep=0, index=54): OrderedDict([('block_type', 'block'), ('condition', 'scenes'), ('img_name', 'scenes068.bmp')])
180.4484 	EXP 	image: autoDraw = False
180.4484 	EXP 	fixation: autoDraw = False
180.4484 	EXP 	fixation_null: autoDraw = True
180.4484 	EXP 	fixation_null: autoDraw = False
180.4484 	EXP 	fixation_wait_for_t: autoDraw = True
180.4484 	EXP 	fixation_wait_for_t: autoDraw = False
180.4484 	EXP 	image: texRes = 128
180.4484 	EXP 	image: image = 'localizer//stimuli//scenes068.bmp'
180.4484 	EXP 	image: autoDraw = True
180.4484 	EXP 	fixation: autoDraw = True
180.7593 	EXP 	image: autoDraw = False
181.2455 	EXP 	New trial (rep=0, index=55): OrderedDict([('block_type', 'block'), ('condition', 'scenes'), ('img_name', 'scenes033.bmp')])
181.2682 	EXP 	image: autoDraw = False
181.2682 	EXP 	fixation: autoDraw = False
181.2682 	EXP 	fixation_null: autoDraw = True
181.2682 	EXP 	fixation_null: autoDraw = False
181.2682 	EXP 	fixation_wait_for_t: autoDraw = True
181.2682 	EXP 	fixation_wait_for_t: autoDraw = False
181.2682 	EXP 	image: texRes = 128
181.2682 	EXP 	image: image = 'localizer//stimuli//scenes033.bmp'
181.2682 	EXP 	image: autoDraw = True
181.2682 	EXP 	fixation: autoDraw = True
181.5763 	EXP 	image: autoDraw = False
181.8964 	DATA 	Keypress: t
182.0617 	EXP 	New trial (rep=0, index=56): OrderedDict([('block_type', 'block'), ('condition', 'scenes'), ('img_name', 'scenes011.bmp')])
182.0818 	EXP 	image: autoDraw = False
182.0818 	EXP 	fixation: autoDraw = False
182.0818 	EXP 	fixation_null: autoDraw = True
182.0818 	EXP 	fixation_null: autoDraw = False
182.0818 	EXP 	fixation_wait_for_t: autoDraw = True
182.0818 	EXP 	fixation_wait_for_t: autoDraw = False
182.0818 	EXP 	image: texRes = 128
182.0818 	EXP 	image: image = 'localizer//stimuli//scenes011.bmp'
182.0818 	EXP 	image: autoDraw = True
182.0818 	EXP 	fixation: autoDraw = True
182.3922 	EXP 	image: autoDraw = False
182.8783 	EXP 	New trial (rep=0, index=57): OrderedDict([('block_type', 'block'), ('condition', 'scenes'), ('img_name', 'scenes011.bmp')])
182.8933 	EXP 	image: autoDraw = False
182.8933 	EXP 	fixation: autoDraw = False
182.8933 	EXP 	fixation_null: autoDraw = True
182.8933 	EXP 	fixation_null: autoDraw = False
182.8933 	EXP 	fixation_wait_for_t: autoDraw = True
182.8933 	EXP 	fixation_wait_for_t: autoDraw = False
182.8933 	EXP 	image: texRes = 128
182.8933 	EXP 	image: image = 'localizer//stimuli//scenes011.bmp'
182.8933 	EXP 	image: autoDraw = True
182.8933 	EXP 	fixation: autoDraw = True
183.2090 	EXP 	image: autoDraw = False
183.5796 	DATA 	Keypress: y
183.6802 	EXP 	New trial (rep=0, index=58): OrderedDict([('block_type', 'block'), ('condition', 'scenes'), ('img_name', 'scenes061.bmp')])
183.6999 	EXP 	fixation: autoDraw = False
183.6999 	EXP 	image: autoDraw = False
183.6999 	EXP 	fixation: autoDraw = False
183.6999 	EXP 	fixation_null: autoDraw = True
183.6999 	EXP 	fixation_null: autoDraw = False
183.6999 	EXP 	fixation_wait_for_t: autoDraw = True
183.6999 	EXP 	fixation_wait_for_t: autoDraw = False
183.6999 	EXP 	image: texRes = 128
183.6999 	EXP 	image: image = 'localizer//stimuli//scenes061.bmp'
183.6999 	EXP 	image: autoDraw = True
183.6999 	EXP 	fixation: autoDraw = True
184.0090 	EXP 	image: autoDraw = False
184.4954 	EXP 	New trial (rep=0, index=59): OrderedDict([('block_type', 'block'), ('condition', 'scenes'), ('img_name', 'scenes040.bmp')])
184.5204 	EXP 	image: autoDraw = False
184.5204 	EXP 	fixation: autoDraw = False
184.5204 	EXP 	fixation_null: autoDraw = True
184.5204 	EXP 	fixation_null: autoDraw = False
184.5204 	EXP 	fixation_wait_for_t: autoDraw = True
184.5204 	EXP 	fixation_wait_for_t: autoDraw = False
184.5204 	EXP 	image: texRes = 128
184.5204 	EXP 	image: image = 'localizer//stimuli//scenes040.bmp'
184.5204 	EXP 	image: autoDraw = True
184.5204 	EXP 	fixation: autoDraw = True
184.8260 	EXP 	image: autoDraw = False
185.3121 	EXP 	New trial (rep=0, index=60): OrderedDict([('block_type', 'block_end'), ('condition', 'scenes'), ('img_name', 'scenes050.bmp')])
185.3328 	EXP 	image: autoDraw = False
185.3328 	EXP 	fixation: autoDraw = False
185.3328 	EXP 	fixation_null: autoDraw = True
185.3328 	EXP 	fixation_null: autoDraw = False
185.3328 	EXP 	fixation_wait_for_t: autoDraw = True
185.3328 	EXP 	fixation_wait_for_t: autoDraw = False
185.3328 	EXP 	image: texRes = 128
185.3328 	EXP 	image: image = 'localizer//stimuli//scenes050.bmp'
185.3328 	EXP 	image: autoDraw = True
185.3328 	EXP 	fixation: autoDraw = True
185.6423 	EXP 	image: autoDraw = False
185.9298 	DATA 	Keypress: lwindows
186.1287 	EXP 	New trial (rep=0, index=61): OrderedDict([('block_type', 'block_start'), ('condition', 'scenes'), ('img_name', 'scenes055.bmp')])
186.1419 	EXP 	image: autoDraw = False
186.1419 	EXP 	fixation: autoDraw = False
186.1419 	EXP 	fixation_null: autoDraw = True
186.1419 	EXP 	fixation_null: autoDraw = False
186.1419 	EXP 	fixation_wait_for_t: autoDraw = True
192.3862 	DATA 	Mouse: Left button down, pos=(1190,632)
192.5985 	DATA 	Mouse:  Left button up, pos=(1190,632)
193.6128 	DATA 	Keypress: escape
193.6967 	EXP 	window1: mouseVisible = True
