0.8585 	WARNING 	We strongly recommend you activate the PTB sound engine in PsychoPy prefs as the preferred audio engine. Its timing is vastly superior. Your prefs are currently set to use ['sounddevice', 'PTB', 'pyo', 'pygame'] (in that order).
19.0573 	INFO 	Loaded monitor calibration from ['2021_06_16 15:12']
19.0591 	WARNING 	User requested fullscreen with size [1536  864], but screen is actually [1920, 1080]. Using actual size
20.3378 	EXP 	Created window1 = Window(allowGUI=False, allowStencil=False, autoLog=True, backendConf=UNKNOWN, bitsMode=UNKNOWN, blendMode='avg', bpc=(8, 8, 8), color=array([0.4, 0.4, 0.4]), colorSpace='rgb', depthBits=8, fullscr=<method-wrapper '__getattribute__' of attributeSetter object at 0x0000020BDDA89D30>, gamma=None, gammaErrorPolicy='raise', lms=UNKNOWN, monitor=<psychopy.monitors.calibTools.Monitor object at 0x0000020BDDA657F0>, multiSample=False, name='window1', numSamples=2, pos=[0.0, 0.0], screen=0, size=array([1920, 1080]), stencilBits=0, stereo=False, units='height', useFBO=True, useRetina=False, viewOri=0.0, viewPos=None, viewScale=None, waitBlanking=True, winType='pyglet')
20.3380 	EXP 	window1: mouseVisible = True
20.3380 	EXP 	window1: recordFrameIntervals = False
20.5041 	EXP 	window1: recordFrameIntervals = True
20.6873 	DEBUG 	Screen (0) actual frame rate measured at 60.07
20.6874 	EXP 	window1: recordFrameIntervals = False
20.8289 	EXP 	Created Ready_experimenter_text = TextStim(__class__=<class 'psychopy.visual.text.TextStim'>, alignHoriz=method-wrapper(...), alignText='center', alignVert=method-wrapper(...), anchorHoriz='center', anchorVert='center', antialias=True, autoLog=True, bold=False, color=array([-1, -1, -1]), colorSpace='rgb', contrast=1.0, depth=0.0, flipHoriz=False, flipVert=False, font='Arial', fontFiles=[], height=0.075, italic=False, languageStyle='LTR', name='Ready_experimenter_text', opacity=1, ori=0, pos=array([0., 0.]), rgb=UNKNOWN, text='Waiting for the experimenter…', units='height', win=Window(...), wrapWidth=1.5)
20.8304 	EXP 	Created Alignment_background = Rect(__class__=<class 'psychopy.visual.rect.Rect'>, autoDraw=False, autoLog=True, closeShape=True, color=method-wrapper(...), colorSpace='rgb', contrast=None, depth=-1.0, fillColor=array([-1, -1, -1]), fillColorSpace='rgb', fillRGB=UNKNOWN, interpolate=True, lineColor=array([-1, -1, -1]), lineColorSpace='rgb', lineRGB=UNKNOWN, lineWidth=1, name='Alignment_background', opacity=1, ori=0.0, pos=array([0., 0.]), size=array([2., 2.]), units='height', vertices=ndarray(...), win=Window(...))
20.8648 	EXP 	Created Alignment_image = ImageStim(__class__=<class 'psychopy.visual.image.ImageStim'>, autoLog=True, color=array([1, 1, 1]), colorSpace='rgb', contrast=1.0, depth=-2.0, flipHoriz=False, flipVert=False, image='Alignment.png', interpolate=True, mask=None, maskParams=None, name='Alignment_image', opacity=1, ori=0.0, pos=array([0., 0.]), size=array([1.4, 1. ]), texRes=512, units='height', win=Window(...))
20.8725 	EXP 	Created Button_text = TextStim(__class__=<class 'psychopy.visual.text.TextStim'>, alignHoriz=method-wrapper(...), alignText='center', alignVert=method-wrapper(...), anchorHoriz='center', anchorVert='center', antialias=True, autoLog=True, bold=False, color=array([-1, -1, -1]), colorSpace='rgb', contrast=1.0, depth=0.0, flipHoriz=False, flipVert=False, font='Arial', fontFiles=[], height=0.075, italic=False, languageStyle='LTR', name='Button_text', opacity=1, ori=0, pos=array([0., 0.]), rgb=UNKNOWN, text='Button check.', units='height', win=Window(...), wrapWidth=1)
20.8798 	EXP 	Created Index_text = TextStim(__class__=<class 'psychopy.visual.text.TextStim'>, alignHoriz=method-wrapper(...), alignText='center', alignVert=method-wrapper(...), anchorHoriz='center', anchorVert='center', antialias=True, autoLog=True, bold=False, color=array([-1, -1, -1]), colorSpace='rgb', contrast=1.0, depth=0.0, flipHoriz=False, flipVert=False, font='Arial', fontFiles=[], height=0.075, italic=False, languageStyle='LTR', name='Index_text', opacity=1, ori=0, pos=array([0., 0.]), rgb=UNKNOWN, text='Press the button under your index finger.', units='height', win=Window(...), wrapWidth=1.5)
20.8851 	EXP 	Created Middle_text = TextStim(__class__=<class 'psychopy.visual.text.TextStim'>, alignHoriz=method-wrapper(...), alignText='center', alignVert=method-wrapper(...), anchorHoriz='center', anchorVert='center', antialias=True, autoLog=True, bold=False, color=array([-1, -1, -1]), colorSpace='rgb', contrast=1.0, depth=0.0, flipHoriz=False, flipVert=False, font='Arial', fontFiles=[], height=0.075, italic=False, languageStyle='LTR', name='Middle_text', opacity=1, ori=0, pos=array([0., 0.]), rgb=UNKNOWN, text='Press the button under your middle finger.', units='height', win=Window(...), wrapWidth=1.5)
20.8892 	EXP 	Created Ring_text = TextStim(__class__=<class 'psychopy.visual.text.TextStim'>, alignHoriz=method-wrapper(...), alignText='center', alignVert=method-wrapper(...), anchorHoriz='center', anchorVert='center', antialias=True, autoLog=True, bold=False, color=array([-1, -1, -1]), colorSpace='rgb', contrast=1.0, depth=0.0, flipHoriz=False, flipVert=False, font='Arial', fontFiles=[], height=0.075, italic=False, languageStyle='LTR', name='Ring_text', opacity=1, ori=0, pos=array([0., 0.]), rgb=UNKNOWN, text='Press the button under your ring finger.', units='height', win=Window(...), wrapWidth=1.5)
20.8933 	EXP 	Created Pinky_text = TextStim(__class__=<class 'psychopy.visual.text.TextStim'>, alignHoriz=method-wrapper(...), alignText='center', alignVert=method-wrapper(...), anchorHoriz='center', anchorVert='center', antialias=True, autoLog=True, bold=False, color=array([-1, -1, -1]), colorSpace='rgb', contrast=1.0, depth=0.0, flipHoriz=False, flipVert=False, font='Arial', fontFiles=[], height=0.075, italic=False, languageStyle='LTR', name='Pinky_text', opacity=1, ori=0, pos=array([0., 0.]), rgb=UNKNOWN, text='Press the button under your pinky finger.', units='height', win=Window(...), wrapWidth=1.5)
20.9027 	EXP 	Created Repeat_text = TextStim(__class__=<class 'psychopy.visual.text.TextStim'>, alignHoriz=method-wrapper(...), alignText='center', alignVert=method-wrapper(...), anchorHoriz='center', anchorVert='center', antialias=True, autoLog=True, bold=False, color=array([-1, -1, -1]), colorSpace='rgb', contrast=1.0, depth=-1.0, flipHoriz=False, flipVert=False, font='Arial', fontFiles=[], height=0.075, italic=False, languageStyle='LTR', name='Repeat_text', opacity=1, ori=0, pos=array([0., 0.]), rgb=UNKNOWN, text=str(...), units='height', win=Window(...), wrapWidth=1)
20.9057 	EXP 	Created Ready_scanner_text = TextStim(__class__=<class 'psychopy.visual.text.TextStim'>, alignHoriz=method-wrapper(...), alignText='center', alignVert=method-wrapper(...), anchorHoriz='center', anchorVert='center', antialias=True, autoLog=True, bold=False, color=array([-1, -1, -1]), colorSpace='rgb', contrast=1.0, depth=0.0, flipHoriz=False, flipVert=False, font='Arial', fontFiles=[], height=0.075, italic=False, languageStyle='LTR', name='Ready_scanner_text', opacity=1, ori=0, pos=array([0., 0.]), rgb=UNKNOWN, text='Waiting for the scanner…', units='height', win=Window(...), wrapWidth=1.5)
20.9126 	EXP 	Created Learning_1_instruction = TextStim(__class__=<class 'psychopy.visual.text.TextStim'>, alignHoriz=method-wrapper(...), alignText='center', alignVert=method-wrapper(...), anchorHoriz='center', anchorVert='center', antialias=True, autoLog=True, bold=False, color=array([-1, -1, -1]), colorSpace='rgb', contrast=1.0, depth=-1.0, flipHoriz=False, flipVert=False, font='Arial', fontFiles=[], height=0.075, italic=False, languageStyle='LTR', name='Learning_1_instruction', opacity=1, ori=0, pos=array([0., 0.]), rgb=UNKNOWN, text='Spatial Video!\n\nLearn the layout.', units='height', win=Window(...), wrapWidth=1)
20.9147 	EXP 	Created Learning_1_3 = TextStim(__class__=<class 'psychopy.visual.text.TextStim'>, alignHoriz=method-wrapper(...), alignText='center', alignVert=method-wrapper(...), anchorHoriz='center', anchorVert='center', antialias=True, autoLog=True, bold=False, color=array([-1, -1, -1]), colorSpace='rgb', contrast=1.0, depth=-2.0, flipHoriz=False, flipVert=False, font='Arial', fontFiles=[], height=0.075, italic=False, languageStyle='LTR', name='Learning_1_3', opacity=1, ori=0, pos=array([0., 0.]), rgb=UNKNOWN, text='3', units='height', win=Window(...), wrapWidth=1)
20.9168 	EXP 	Created Learning_1_2 = TextStim(__class__=<class 'psychopy.visual.text.TextStim'>, alignHoriz=method-wrapper(...), alignText='center', alignVert=method-wrapper(...), anchorHoriz='center', anchorVert='center', antialias=True, autoLog=True, bold=False, color=array([-1, -1, -1]), colorSpace='rgb', contrast=1.0, depth=-3.0, flipHoriz=False, flipVert=False, font='Arial', fontFiles=[], height=0.075, italic=False, languageStyle='LTR', name='Learning_1_2', opacity=1, ori=0, pos=array([0., 0.]), rgb=UNKNOWN, text='2', units='height', win=Window(...), wrapWidth=1)
20.9189 	EXP 	Created Learning_1_1 = TextStim(__class__=<class 'psychopy.visual.text.TextStim'>, alignHoriz=method-wrapper(...), alignText='center', alignVert=method-wrapper(...), anchorHoriz='center', anchorVert='center', antialias=True, autoLog=True, bold=False, color=array([-1, -1, -1]), colorSpace='rgb', contrast=1.0, depth=-4.0, flipHoriz=False, flipVert=False, font='Arial', fontFiles=[], height=0.075, italic=False, languageStyle='LTR', name='Learning_1_1', opacity=1, ori=0, pos=array([0., 0.]), rgb=UNKNOWN, text='1', units='height', win=Window(...), wrapWidth=1)
21.0091 	EXP 	Created Learning_1_video = MovieStim3(__class__=<class 'psychopy.visual.movie3.MovieStim3'>, autoLog=True, color=UNKNOWN, colorSpace=UNKNOWN, depth=-5.0, filename='./DSP_Videos/Learning/Learning_Alternate.mp4', flipHoriz=False, flipVert=False, fps=UNKNOWN, interpolate=True, loop=False, name='Learning_1_video', noAudio=True, opacity=1, ori=method-wrapper(...), pos=array([0., 0.]), size=method-wrapper(...), units='pix', vframe_callback=UNKNOWN, volume=UNKNOWN, win=Window(...))
22.3971 	EXP 	Created Learning_1_fixation_horz = Line(__class__=<class 'psychopy.visual.line.Line'>, autoDraw=False, autoLog=True, closeShape=False, color=array([-1, -1, -1]), colorSpace='rgb', contrast=None, depth=-6.0, fillColor=array([0, 0, 0]), fillColorSpace='rgb', fillRGB=UNKNOWN, interpolate=True, lineColor=array([-1, -1, -1]), lineColorSpace='rgb', lineRGB=UNKNOWN, lineWidth=5, name='Learning_1_fixation_horz', opacity=0.5, ori=0.0, pos=array([0., 0.]), size=array([1., 1.]), units='height', vertices=ndarray(...), win=Window(...), windingRule=None)
22.3980 	EXP 	Created Learning_1_fixation_vert = Line(__class__=<class 'psychopy.visual.line.Line'>, autoDraw=False, autoLog=True, closeShape=False, color=array([-1, -1, -1]), colorSpace='rgb', contrast=None, depth=-7.0, fillColor=array([0, 0, 0]), fillColorSpace='rgb', fillRGB=UNKNOWN, interpolate=True, lineColor=array([-1, -1, -1]), lineColorSpace='rgb', lineRGB=UNKNOWN, lineWidth=5, name='Learning_1_fixation_vert', opacity=0.5, ori=90.0, pos=array([0., 0.]), size=array([1., 1.]), units='height', vertices=ndarray(...), win=Window(...), windingRule=None)
22.4061 	EXP 	Created Control_1_instruction = TextStim(__class__=<class 'psychopy.visual.text.TextStim'>, alignHoriz=method-wrapper(...), alignText='center', alignVert=method-wrapper(...), anchorHoriz='center', anchorVert='center', antialias=True, autoLog=True, bold=False, color=array([-1, -1, -1]), colorSpace='rgb', contrast=1.0, depth=-1.0, flipHoriz=False, flipVert=False, font='Arial', fontFiles=[], height=0.075, italic=False, languageStyle='LTR', name='Control_1_instruction', opacity=1, ori=0, pos=array([0., 0.]), rgb=UNKNOWN, text=str(...), units='height', win=Window(...), wrapWidth=1)
22.4074 	EXP 	Created Control_1_3 = TextStim(__class__=<class 'psychopy.visual.text.TextStim'>, alignHoriz=method-wrapper(...), alignText='center', alignVert=method-wrapper(...), anchorHoriz='center', anchorVert='center', antialias=True, autoLog=True, bold=False, color=array([-1, -1, -1]), colorSpace='rgb', contrast=1.0, depth=-2.0, flipHoriz=False, flipVert=False, font='Arial', fontFiles=[], height=0.075, italic=False, languageStyle='LTR', name='Control_1_3', opacity=1, ori=0, pos=array([0., 0.]), rgb=UNKNOWN, text='3', units='height', win=Window(...), wrapWidth=1)
22.4086 	EXP 	Created Control_1_2 = TextStim(__class__=<class 'psychopy.visual.text.TextStim'>, alignHoriz=method-wrapper(...), alignText='center', alignVert=method-wrapper(...), anchorHoriz='center', anchorVert='center', antialias=True, autoLog=True, bold=False, color=array([-1, -1, -1]), colorSpace='rgb', contrast=1.0, depth=-3.0, flipHoriz=False, flipVert=False, font='Arial', fontFiles=[], height=0.075, italic=False, languageStyle='LTR', name='Control_1_2', opacity=1, ori=0, pos=array([0., 0.]), rgb=UNKNOWN, text='2', units='height', win=Window(...), wrapWidth=1)
22.4098 	EXP 	Created Control_1_1 = TextStim(__class__=<class 'psychopy.visual.text.TextStim'>, alignHoriz=method-wrapper(...), alignText='center', alignVert=method-wrapper(...), anchorHoriz='center', anchorVert='center', antialias=True, autoLog=True, bold=False, color=array([-1, -1, -1]), colorSpace='rgb', contrast=1.0, depth=-4.0, flipHoriz=False, flipVert=False, font='Arial', fontFiles=[], height=0.075, italic=False, languageStyle='LTR', name='Control_1_1', opacity=1, ori=0, pos=array([0., 0.]), rgb=UNKNOWN, text='1', units='height', win=Window(...), wrapWidth=1)
22.4136 	EXP 	Created Control_1_same_different_text = TextStim(__class__=<class 'psychopy.visual.text.TextStim'>, alignHoriz=method-wrapper(...), alignText='center', alignVert=method-wrapper(...), anchorHoriz='center', anchorVert='center', antialias=True, autoLog=True, bold=False, color=array([-1, -1, -1]), colorSpace='rgb', contrast=1.0, depth=-7.0, flipHoriz=False, flipVert=False, font='Arial', fontFiles=[], height=0.075, italic=False, languageStyle='LTR', name='Control_1_same_different_text', opacity=1, ori=0, pos=array([0., 0.]), rgb=UNKNOWN, text='Same or different color?', units='height', win=Window(...), wrapWidth=1)
22.4173 	EXP 	Created Control_1_resp_recorded_text = TextStim(__class__=<class 'psychopy.visual.text.TextStim'>, alignHoriz=method-wrapper(...), alignText='center', alignVert=method-wrapper(...), anchorHoriz='center', anchorVert='center', antialias=True, autoLog=True, bold=False, color=array([-1, -1, -1]), colorSpace='rgb', contrast=1.0, depth=-8.0, flipHoriz=False, flipVert=False, font='Arial', fontFiles=[], height=0.075, italic=False, languageStyle='LTR', name='Control_1_resp_recorded_text', opacity=1, ori=0, pos=array([0., 0.]), rgb=UNKNOWN, text='Response recorded!', units='height', win=Window(...), wrapWidth=1)
22.4181 	EXP 	Created Control_1_fixation_horz = Line(__class__=<class 'psychopy.visual.line.Line'>, autoDraw=False, autoLog=True, closeShape=False, color=array([-1, -1, -1]), colorSpace='rgb', contrast=None, depth=-9.0, fillColor=array([0, 0, 0]), fillColorSpace='rgb', fillRGB=UNKNOWN, interpolate=True, lineColor=array([-1, -1, -1]), lineColorSpace='rgb', lineRGB=UNKNOWN, lineWidth=5, name='Control_1_fixation_horz', opacity=0.5, ori=0.0, pos=array([0., 0.]), size=array([1., 1.]), units='height', vertices=ndarray(...), win=Window(...), windingRule=None)
22.4190 	EXP 	Created Control_1_fixation_vert = Line(__class__=<class 'psychopy.visual.line.Line'>, autoDraw=False, autoLog=True, closeShape=False, color=array([-1, -1, -1]), colorSpace='rgb', contrast=None, depth=-10.0, fillColor=array([0, 0, 0]), fillColorSpace='rgb', fillRGB=UNKNOWN, interpolate=True, lineColor=array([-1, -1, -1]), lineColorSpace='rgb', lineRGB=UNKNOWN, lineWidth=5, name='Control_1_fixation_vert', opacity=0.5, ori=90.0, pos=array([0., 0.]), size=array([1., 1.]), units='height', vertices=ndarray(...), win=Window(...), windingRule=None)
22.4232 	EXP 	Created Learning_2_instruction = TextStim(__class__=<class 'psychopy.visual.text.TextStim'>, alignHoriz=method-wrapper(...), alignText='center', alignVert=method-wrapper(...), anchorHoriz='center', anchorVert='center', antialias=True, autoLog=True, bold=False, color=array([-1, -1, -1]), colorSpace='rgb', contrast=1.0, depth=0.0, flipHoriz=False, flipVert=False, font='Arial', fontFiles=[], height=0.075, italic=False, languageStyle='LTR', name='Learning_2_instruction', opacity=1, ori=0, pos=array([0., 0.]), rgb=UNKNOWN, text='Spatial Video!\n\nLearn the layout.', units='height', win=Window(...), wrapWidth=1)
22.4245 	EXP 	Created Learning_2_3 = TextStim(__class__=<class 'psychopy.visual.text.TextStim'>, alignHoriz=method-wrapper(...), alignText='center', alignVert=method-wrapper(...), anchorHoriz='center', anchorVert='center', antialias=True, autoLog=True, bold=False, color=array([-1, -1, -1]), colorSpace='rgb', contrast=1.0, depth=-1.0, flipHoriz=False, flipVert=False, font='Arial', fontFiles=[], height=0.075, italic=False, languageStyle='LTR', name='Learning_2_3', opacity=1, ori=0, pos=array([0., 0.]), rgb=UNKNOWN, text='3', units='height', win=Window(...), wrapWidth=1)
22.4258 	EXP 	Created Learning_2_2 = TextStim(__class__=<class 'psychopy.visual.text.TextStim'>, alignHoriz=method-wrapper(...), alignText='center', alignVert=method-wrapper(...), anchorHoriz='center', anchorVert='center', antialias=True, autoLog=True, bold=False, color=array([-1, -1, -1]), colorSpace='rgb', contrast=1.0, depth=-2.0, flipHoriz=False, flipVert=False, font='Arial', fontFiles=[], height=0.075, italic=False, languageStyle='LTR', name='Learning_2_2', opacity=1, ori=0, pos=array([0., 0.]), rgb=UNKNOWN, text='2', units='height', win=Window(...), wrapWidth=1)
22.4273 	EXP 	Created Learning_2_1 = TextStim(__class__=<class 'psychopy.visual.text.TextStim'>, alignHoriz=method-wrapper(...), alignText='center', alignVert=method-wrapper(...), anchorHoriz='center', anchorVert='center', antialias=True, autoLog=True, bold=False, color=array([-1, -1, -1]), colorSpace='rgb', contrast=1.0, depth=-3.0, flipHoriz=False, flipVert=False, font='Arial', fontFiles=[], height=0.075, italic=False, languageStyle='LTR', name='Learning_2_1', opacity=1, ori=0, pos=array([0., 0.]), rgb=UNKNOWN, text='1', units='height', win=Window(...), wrapWidth=1)
22.4274 	EXP 	Created Learning_2_video = MovieStim3(__class__=<class 'psychopy.visual.movie3.MovieStim3'>, autoLog=True, color=UNKNOWN, colorSpace=UNKNOWN, depth=-4.0, filename='./DSP_Videos/Learning/Learning_Alternate.mp4', flipHoriz=False, flipVert=False, fps=UNKNOWN, interpolate=True, loop=False, name='Learning_2_video', noAudio=False, opacity=1, ori=method-wrapper(...), pos=array([0., 0.]), size=method-wrapper(...), units='pix', vframe_callback=UNKNOWN, volume=UNKNOWN, win=Window(...))
23.8081 	EXP 	Created Learning_2_fixation_horz = Line(__class__=<class 'psychopy.visual.line.Line'>, autoDraw=False, autoLog=True, closeShape=False, color=array([-1, -1, -1]), colorSpace='rgb', contrast=None, depth=-5.0, fillColor=array([0, 0, 0]), fillColorSpace='rgb', fillRGB=UNKNOWN, interpolate=True, lineColor=array([-1, -1, -1]), lineColorSpace='rgb', lineRGB=UNKNOWN, lineWidth=5, name='Learning_2_fixation_horz', opacity=0.5, ori=0.0, pos=array([0., 0.]), size=array([1., 1.]), units='height', vertices=ndarray(...), win=Window(...), windingRule=None)
23.8091 	EXP 	Created Learning_2_fixation_vert = Line(__class__=<class 'psychopy.visual.line.Line'>, autoDraw=False, autoLog=True, closeShape=False, color=array([-1, -1, -1]), colorSpace='rgb', contrast=None, depth=-6.0, fillColor=array([0, 0, 0]), fillColorSpace='rgb', fillRGB=UNKNOWN, interpolate=True, lineColor=array([-1, -1, -1]), lineColorSpace='rgb', lineRGB=UNKNOWN, lineWidth=5, name='Learning_2_fixation_vert', opacity=0.5, ori=90.0, pos=array([0., 0.]), size=array([1., 1.]), units='height', vertices=ndarray(...), win=Window(...), windingRule=None)
23.8148 	EXP 	Created Control_2_instruction = TextStim(__class__=<class 'psychopy.visual.text.TextStim'>, alignHoriz=method-wrapper(...), alignText='center', alignVert=method-wrapper(...), anchorHoriz='center', anchorVert='center', antialias=True, autoLog=True, bold=False, color=array([-1, -1, -1]), colorSpace='rgb', contrast=1.0, depth=-1.0, flipHoriz=False, flipVert=False, font='Arial', fontFiles=[], height=0.075, italic=False, languageStyle='LTR', name='Control_2_instruction', opacity=1, ori=0, pos=array([0., 0.]), rgb=UNKNOWN, text=str(...), units='height', win=Window(...), wrapWidth=1)
23.8161 	EXP 	Created Control_2_3 = TextStim(__class__=<class 'psychopy.visual.text.TextStim'>, alignHoriz=method-wrapper(...), alignText='center', alignVert=method-wrapper(...), anchorHoriz='center', anchorVert='center', antialias=True, autoLog=True, bold=False, color=array([-1, -1, -1]), colorSpace='rgb', contrast=1.0, depth=-2.0, flipHoriz=False, flipVert=False, font='Arial', fontFiles=[], height=0.075, italic=False, languageStyle='LTR', name='Control_2_3', opacity=1, ori=0, pos=array([0., 0.]), rgb=UNKNOWN, text='3', units='height', win=Window(...), wrapWidth=1)
23.8174 	EXP 	Created Control_2_2 = TextStim(__class__=<class 'psychopy.visual.text.TextStim'>, alignHoriz=method-wrapper(...), alignText='center', alignVert=method-wrapper(...), anchorHoriz='center', anchorVert='center', antialias=True, autoLog=True, bold=False, color=array([-1, -1, -1]), colorSpace='rgb', contrast=1.0, depth=-3.0, flipHoriz=False, flipVert=False, font='Arial', fontFiles=[], height=0.075, italic=False, languageStyle='LTR', name='Control_2_2', opacity=1, ori=0, pos=array([0., 0.]), rgb=UNKNOWN, text='2', units='height', win=Window(...), wrapWidth=1)
23.8187 	EXP 	Created Control_2_1 = TextStim(__class__=<class 'psychopy.visual.text.TextStim'>, alignHoriz=method-wrapper(...), alignText='center', alignVert=method-wrapper(...), anchorHoriz='center', anchorVert='center', antialias=True, autoLog=True, bold=False, color=array([-1, -1, -1]), colorSpace='rgb', contrast=1.0, depth=-4.0, flipHoriz=False, flipVert=False, font='Arial', fontFiles=[], height=0.075, italic=False, languageStyle='LTR', name='Control_2_1', opacity=1, ori=0, pos=array([0., 0.]), rgb=UNKNOWN, text='1', units='height', win=Window(...), wrapWidth=1)
23.8225 	EXP 	Created Control_2_same_different_text = TextStim(__class__=<class 'psychopy.visual.text.TextStim'>, alignHoriz=method-wrapper(...), alignText='center', alignVert=method-wrapper(...), anchorHoriz='center', anchorVert='center', antialias=True, autoLog=True, bold=False, color=array([-1, -1, -1]), colorSpace='rgb', contrast=1.0, depth=-7.0, flipHoriz=False, flipVert=False, font='Arial', fontFiles=[], height=0.075, italic=False, languageStyle='LTR', name='Control_2_same_different_text', opacity=1, ori=0, pos=array([0., 0.]), rgb=UNKNOWN, text='Same or different color?', units='height', win=Window(...), wrapWidth=1)
23.8260 	EXP 	Created Control_2_resp_recorded_text = TextStim(__class__=<class 'psychopy.visual.text.TextStim'>, alignHoriz=method-wrapper(...), alignText='center', alignVert=method-wrapper(...), anchorHoriz='center', anchorVert='center', antialias=True, autoLog=True, bold=False, color=array([-1, -1, -1]), colorSpace='rgb', contrast=1.0, depth=-8.0, flipHoriz=False, flipVert=False, font='Arial', fontFiles=[], height=0.075, italic=False, languageStyle='LTR', name='Control_2_resp_recorded_text', opacity=1, ori=0, pos=array([0., 0.]), rgb=UNKNOWN, text='Response recorded!', units='height', win=Window(...), wrapWidth=1)
23.8269 	EXP 	Created Control_2_fixation_horz = Line(__class__=<class 'psychopy.visual.line.Line'>, autoDraw=False, autoLog=True, closeShape=False, color=array([-1, -1, -1]), colorSpace='rgb', contrast=None, depth=-9.0, fillColor=array([0, 0, 0]), fillColorSpace='rgb', fillRGB=UNKNOWN, interpolate=True, lineColor=array([-1, -1, -1]), lineColorSpace='rgb', lineRGB=UNKNOWN, lineWidth=5, name='Control_2_fixation_horz', opacity=0.5, ori=0.0, pos=array([0., 0.]), size=array([1., 1.]), units='height', vertices=ndarray(...), win=Window(...), windingRule=None)
23.8277 	EXP 	Created Control_2_fixation_vert = Line(__class__=<class 'psychopy.visual.line.Line'>, autoDraw=False, autoLog=True, closeShape=False, color=array([-1, -1, -1]), colorSpace='rgb', contrast=None, depth=-10.0, fillColor=array([0, 0, 0]), fillColorSpace='rgb', fillRGB=UNKNOWN, interpolate=True, lineColor=array([-1, -1, -1]), lineColorSpace='rgb', lineRGB=UNKNOWN, lineWidth=5, name='Control_2_fixation_vert', opacity=0.5, ori=90.0, pos=array([0., 0.]), size=array([1., 1.]), units='height', vertices=ndarray(...), win=Window(...), windingRule=None)
23.8317 	EXP 	Created Learning_3_instruction = TextStim(__class__=<class 'psychopy.visual.text.TextStim'>, alignHoriz=method-wrapper(...), alignText='center', alignVert=method-wrapper(...), anchorHoriz='center', anchorVert='center', antialias=True, autoLog=True, bold=False, color=array([-1, -1, -1]), colorSpace='rgb', contrast=1.0, depth=-1.0, flipHoriz=False, flipVert=False, font='Arial', fontFiles=[], height=0.075, italic=False, languageStyle='LTR', name='Learning_3_instruction', opacity=1, ori=0, pos=array([0., 0.]), rgb=UNKNOWN, text='Spatial Video!\n\nLearn the layout.', units='height', win=Window(...), wrapWidth=1)
23.8329 	EXP 	Created Learning_3_3 = TextStim(__class__=<class 'psychopy.visual.text.TextStim'>, alignHoriz=method-wrapper(...), alignText='center', alignVert=method-wrapper(...), anchorHoriz='center', anchorVert='center', antialias=True, autoLog=True, bold=False, color=array([-1, -1, -1]), colorSpace='rgb', contrast=1.0, depth=-2.0, flipHoriz=False, flipVert=False, font='Arial', fontFiles=[], height=0.075, italic=False, languageStyle='LTR', name='Learning_3_3', opacity=1, ori=0, pos=array([0., 0.]), rgb=UNKNOWN, text='3', units='height', win=Window(...), wrapWidth=1)
23.8342 	EXP 	Created Learning_3_2 = TextStim(__class__=<class 'psychopy.visual.text.TextStim'>, alignHoriz=method-wrapper(...), alignText='center', alignVert=method-wrapper(...), anchorHoriz='center', anchorVert='center', antialias=True, autoLog=True, bold=False, color=array([-1, -1, -1]), colorSpace='rgb', contrast=1.0, depth=-3.0, flipHoriz=False, flipVert=False, font='Arial', fontFiles=[], height=0.075, italic=False, languageStyle='LTR', name='Learning_3_2', opacity=1, ori=0, pos=array([0., 0.]), rgb=UNKNOWN, text='2', units='height', win=Window(...), wrapWidth=1)
23.8356 	EXP 	Created Learning_3_1 = TextStim(__class__=<class 'psychopy.visual.text.TextStim'>, alignHoriz=method-wrapper(...), alignText='center', alignVert=method-wrapper(...), anchorHoriz='center', anchorVert='center', antialias=True, autoLog=True, bold=False, color=array([-1, -1, -1]), colorSpace='rgb', contrast=1.0, depth=-4.0, flipHoriz=False, flipVert=False, font='Arial', fontFiles=[], height=0.075, italic=False, languageStyle='LTR', name='Learning_3_1', opacity=1, ori=0, pos=array([0., 0.]), rgb=UNKNOWN, text='1', units='height', win=Window(...), wrapWidth=1)
23.8357 	EXP 	Created Learning_3_video = MovieStim3(__class__=<class 'psychopy.visual.movie3.MovieStim3'>, autoLog=True, color=UNKNOWN, colorSpace=UNKNOWN, depth=-5.0, filename='./DSP_Videos/Learning/Learning_Alternate.mp4', flipHoriz=False, flipVert=False, fps=UNKNOWN, interpolate=True, loop=False, name='Learning_3_video', noAudio=False, opacity=1, ori=method-wrapper(...), pos=array([0., 0.]), size=method-wrapper(...), units='pix', vframe_callback=UNKNOWN, volume=UNKNOWN, win=Window(...))
25.2253 	EXP 	Created Learning_3_fixation_horz = Line(__class__=<class 'psychopy.visual.line.Line'>, autoDraw=False, autoLog=True, closeShape=False, color=array([-1, -1, -1]), colorSpace='rgb', contrast=None, depth=-6.0, fillColor=array([0, 0, 0]), fillColorSpace='rgb', fillRGB=UNKNOWN, interpolate=True, lineColor=array([-1, -1, -1]), lineColorSpace='rgb', lineRGB=UNKNOWN, lineWidth=5, name='Learning_3_fixation_horz', opacity=0.5, ori=0.0, pos=array([0., 0.]), size=array([1., 1.]), units='height', vertices=ndarray(...), win=Window(...), windingRule=None)
25.2261 	EXP 	Created Learning_3_fixation_vert = Line(__class__=<class 'psychopy.visual.line.Line'>, autoDraw=False, autoLog=True, closeShape=False, color=array([-1, -1, -1]), colorSpace='rgb', contrast=None, depth=-7.0, fillColor=array([0, 0, 0]), fillColorSpace='rgb', fillRGB=UNKNOWN, interpolate=True, lineColor=array([-1, -1, -1]), lineColorSpace='rgb', lineRGB=UNKNOWN, lineWidth=5, name='Learning_3_fixation_vert', opacity=0.5, ori=90.0, pos=array([0., 0.]), size=array([1., 1.]), units='height', vertices=ndarray(...), win=Window(...), windingRule=None)
25.2291 	EXP 	Created Done_text = TextStim(__class__=<class 'psychopy.visual.text.TextStim'>, alignHoriz=method-wrapper(...), alignText='center', alignVert=method-wrapper(...), anchorHoriz='center', anchorVert='center', antialias=True, autoLog=True, bold=False, color=array([-1, -1, -1]), colorSpace='rgb', contrast=1.0, depth=0.0, flipHoriz=False, flipVert=False, font='Arial', fontFiles=[], height=0.075, italic=False, languageStyle='LTR', name='Done_text', opacity=1, ori=0, pos=array([0., 0.]), rgb=UNKNOWN, text='Done!', units='height', win=Window(...), wrapWidth=1.5)
25.2614 	EXP 	Learning_1_video: autoLog = True
25.2614 	EXP 	Learning_1_video: movie = './DSP_Videos/Learning/Learning_Alternate.mp4'
25.2614 	EXP 	Learning_1_video: size = array([1920., 1080.])
25.2614 	EXP 	Learning_1_video: ori = 0
25.2614 	EXP 	Learning_2_video: autoLog = True
25.2614 	EXP 	Learning_2_video: movie = './DSP_Videos/Learning/Learning_Alternate.mp4'
25.2614 	EXP 	Learning_2_video: size = array([1920., 1080.])
25.2614 	EXP 	Learning_2_video: ori = 0
25.2614 	EXP 	Learning_3_video: autoLog = True
25.2614 	EXP 	Learning_3_video: movie = './DSP_Videos/Learning/Learning_Alternate.mp4'
25.2614 	EXP 	Learning_3_video: size = array([1920., 1080.])
25.2614 	EXP 	Learning_3_video: ori = 0
25.2614 	EXP 	Ready_experimenter_text: autoDraw = True
26.3441 	EXP 	Created sequence: random, trialTypes=1, nReps=5, seed=None
26.3444 	EXP 	New trial (rep=0, index=0): None
26.3492 	DATA 	Keypress: return
26.3545 	EXP 	Ready_experimenter_text: autoDraw = False
26.3545 	EXP 	Alignment_background: autoDraw = True
26.3545 	EXP 	Alignment_image: autoDraw = True
26.3545 	EXP 	Alignment_background: autoDraw = False
26.3545 	EXP 	Alignment_image: autoDraw = False
26.3545 	EXP 	Button_text: autoDraw = True
27.3540 	EXP 	Button_text: autoDraw = False
27.3540 	EXP 	Button_text: autoDraw = False
27.3540 	EXP 	Index_text: autoDraw = True
28.6789 	DATA 	Keypress: b
28.7067 	EXP 	Index_text: autoDraw = False
28.7067 	EXP 	Middle_text: autoDraw = True
29.4335 	DATA 	Keypress: r
29.4387 	EXP 	Middle_text: autoDraw = False
29.4387 	EXP 	Ring_text: autoDraw = True
29.7469 	DATA 	Keypress: g
29.7540 	EXP 	Ring_text: autoDraw = False
29.7540 	EXP 	Pinky_text: autoDraw = True
30.1287 	DATA 	Keypress: y
30.1579 	EXP 	Pinky_text: autoDraw = False
30.1579 	EXP 	Repeat_text: autoDraw = True
31.6143 	DATA 	Keypress: n
31.6206 	EXP 	Repeat_text: autoDraw = False
31.6206 	EXP 	Ready_scanner_text: autoDraw = True
34.5499 	DATA 	Keypress: t
34.5552 	EXP 	Ready_scanner_text: autoDraw = False
34.5552 	EXP 	Learning_1_instruction: autoDraw = True
37.5374 	EXP 	Learning_1_3: autoDraw = True
37.5707 	EXP 	Learning_1_instruction: autoDraw = False
38.5374 	EXP 	Learning_1_3: autoDraw = False
38.5374 	EXP 	Learning_1_2: autoDraw = True
39.5374 	EXP 	Learning_1_2: autoDraw = False
39.5374 	EXP 	Learning_1_1: autoDraw = True
40.5379 	EXP 	Learning_1_1: autoDraw = False
40.5379 	EXP 	Learning_1_video: autoDraw = True
100.5373 	EXP 	Learning_1_video: autoDraw = False
100.5373 	EXP 	Learning_1_fixation_horz: autoDraw = True
100.5373 	EXP 	Learning_1_fixation_vert: autoDraw = True
115.5414 	DEBUG 	Read excel file with openpyxl: Control_Alternate_A.xlsx
115.5440 	EXP 	Imported Control_Alternate_A.xlsx as conditions, 1 conditions, 8 params
115.5444 	EXP 	Created sequence: sequential, trialTypes=1, nReps=1, seed=None
115.5449 	EXP 	New trial (rep=0, index=0): {'video_file': './DSP_Videos/Control/Alternate/Videos/Control_Route_3_Alternate_A_000_same.mp4', 'environment': 'alternate', 'layout': 3, 'route': 'A', 'video': 1, 'same_or_different': 'same', 'run': 4, 'control_video': 1}
115.5455 	EXP 	Created Control_1_video = MovieStim3(__class__=<class 'psychopy.visual.movie3.MovieStim3'>, autoLog=True, color=UNKNOWN, colorSpace=UNKNOWN, depth=-5.0, filename=str(...), flipHoriz=False, flipVert=False, fps=UNKNOWN, interpolate=True, loop=False, name='Control_1_video', noAudio=False, opacity=1, ori=method-wrapper(...), pos=array([0., 0.]), size=method-wrapper(...), units='pix', vframe_callback=UNKNOWN, volume=UNKNOWN, win=Window(...))
116.9493 	EXP 	Learning_1_fixation_horz: autoDraw = False
116.9493 	EXP 	Learning_1_fixation_vert: autoDraw = False
116.9493 	EXP 	Learning_1_instruction: autoDraw = False
116.9493 	EXP 	Learning_1_3: autoDraw = False
116.9493 	EXP 	Learning_1_2: autoDraw = False
116.9493 	EXP 	Learning_1_1: autoDraw = False
116.9493 	EXP 	Learning_1_video: autoDraw = False
116.9493 	EXP 	Learning_1_fixation_horz: autoDraw = False
116.9493 	EXP 	Learning_1_fixation_vert: autoDraw = False
116.9493 	EXP 	Control_1_video: autoLog = True
116.9493 	EXP 	Control_1_video: movie = './DSP_Videos/Control/Alternate/Videos/Control_Route_3_Alternate_A_000_same.mp4'
116.9493 	EXP 	Control_1_video: size = array([1920., 1080.])
116.9493 	EXP 	Control_1_video: ori = 0
116.9493 	EXP 	Control_1_instruction: autoDraw = True
119.9380 	EXP 	Control_1_3: autoDraw = True
119.9547 	EXP 	Control_1_instruction: autoDraw = False
120.9379 	EXP 	Control_1_3: autoDraw = False
120.9379 	EXP 	Control_1_2: autoDraw = True
121.9379 	EXP 	Control_1_2: autoDraw = False
121.9379 	EXP 	Control_1_1: autoDraw = True
122.9385 	EXP 	Control_1_1: autoDraw = False
122.9385 	EXP 	Control_1_video: autoDraw = True
182.9385 	EXP 	Control_1_video: autoDraw = False
182.9385 	EXP 	Control_1_same_different_text: autoDraw = True
184.7296 	DATA 	Keypress: s
184.7551 	EXP 	Control_1_same_different_text: autoDraw = False
184.7551 	EXP 	Control_1_resp_recorded_text: autoDraw = True
192.9385 	EXP 	Control_1_resp_recorded_text: autoDraw = False
192.9385 	EXP 	Control_1_fixation_horz: autoDraw = True
192.9385 	EXP 	Control_1_fixation_vert: autoDraw = True
207.9411 	EXP 	Control_1_fixation_horz: autoDraw = False
207.9411 	EXP 	Control_1_fixation_vert: autoDraw = False
207.9411 	EXP 	Control_1_instruction: autoDraw = False
207.9411 	EXP 	Control_1_3: autoDraw = False
207.9411 	EXP 	Control_1_2: autoDraw = False
207.9411 	EXP 	Control_1_1: autoDraw = False
207.9411 	EXP 	Control_1_video: autoDraw = False
207.9411 	EXP 	Control_1_same_different_text: autoDraw = False
207.9411 	EXP 	Control_1_resp_recorded_text: autoDraw = False
207.9411 	EXP 	Control_1_fixation_horz: autoDraw = False
207.9411 	EXP 	Control_1_fixation_vert: autoDraw = False
207.9411 	EXP 	Learning_2_instruction: autoDraw = True
210.9221 	EXP 	Learning_2_3: autoDraw = True
210.9555 	EXP 	Learning_2_instruction: autoDraw = False
211.9217 	EXP 	Learning_2_3: autoDraw = False
211.9217 	EXP 	Learning_2_2: autoDraw = True
212.9219 	EXP 	Learning_2_2: autoDraw = False
212.9219 	EXP 	Learning_2_1: autoDraw = True
213.9226 	EXP 	Learning_2_1: autoDraw = False
213.9226 	EXP 	Learning_2_video: autoDraw = True
273.9226 	EXP 	Learning_2_video: autoDraw = False
273.9226 	EXP 	Learning_2_fixation_horz: autoDraw = True
273.9226 	EXP 	Learning_2_fixation_vert: autoDraw = True
288.9239 	DEBUG 	Read excel file with openpyxl: Control_Alternate_A.xlsx
288.9270 	EXP 	Imported Control_Alternate_A.xlsx as conditions, 1 conditions, 8 params
288.9273 	EXP 	Created sequence: sequential, trialTypes=1, nReps=1, seed=None
288.9278 	EXP 	New trial (rep=0, index=0): {'video_file': './DSP_Videos/Control/Alternate/Videos/Control_Route_2_Alternate_B_000_same.mp4', 'environment': 'alternate', 'layout': 2, 'route': 'B', 'video': 1, 'same_or_different': 'same', 'run': 4, 'control_video': 2}
288.9284 	EXP 	Created Control_2_video = MovieStim3(__class__=<class 'psychopy.visual.movie3.MovieStim3'>, autoLog=True, color=UNKNOWN, colorSpace=UNKNOWN, depth=-5.0, filename=str(...), flipHoriz=False, flipVert=False, fps=UNKNOWN, interpolate=True, loop=False, name='Control_2_video', noAudio=False, opacity=1, ori=method-wrapper(...), pos=array([0., 0.]), size=method-wrapper(...), units='pix', vframe_callback=UNKNOWN, volume=UNKNOWN, win=Window(...))
290.3441 	EXP 	Learning_2_fixation_horz: autoDraw = False
290.3441 	EXP 	Learning_2_fixation_vert: autoDraw = False
290.3441 	EXP 	Learning_2_instruction: autoDraw = False
290.3441 	EXP 	Learning_2_3: autoDraw = False
290.3441 	EXP 	Learning_2_2: autoDraw = False
290.3441 	EXP 	Learning_2_1: autoDraw = False
290.3441 	EXP 	Learning_2_video: autoDraw = False
290.3441 	EXP 	Learning_2_fixation_horz: autoDraw = False
290.3441 	EXP 	Learning_2_fixation_vert: autoDraw = False
290.3441 	EXP 	Control_2_video: autoLog = True
290.3441 	EXP 	Control_2_video: movie = './DSP_Videos/Control/Alternate/Videos/Control_Route_2_Alternate_B_000_same.mp4'
290.3441 	EXP 	Control_2_video: size = array([1920., 1080.])
290.3441 	EXP 	Control_2_video: ori = 0
290.3441 	EXP 	Control_2_instruction: autoDraw = True
293.3395 	EXP 	Control_2_3: autoDraw = True
293.3561 	EXP 	Control_2_instruction: autoDraw = False
294.3394 	EXP 	Control_2_3: autoDraw = False
294.3394 	EXP 	Control_2_2: autoDraw = True
295.3394 	EXP 	Control_2_2: autoDraw = False
295.3394 	EXP 	Control_2_1: autoDraw = True
296.3400 	EXP 	Control_2_1: autoDraw = False
296.3400 	EXP 	Control_2_video: autoDraw = True
356.3397 	EXP 	Control_2_video: autoDraw = False
356.3397 	EXP 	Control_2_same_different_text: autoDraw = True
357.6970 	DATA 	Keypress: s
357.7400 	EXP 	Control_2_same_different_text: autoDraw = False
357.7400 	EXP 	Control_2_resp_recorded_text: autoDraw = True
366.3400 	EXP 	Control_2_resp_recorded_text: autoDraw = False
366.3400 	EXP 	Control_2_fixation_horz: autoDraw = True
366.3400 	EXP 	Control_2_fixation_vert: autoDraw = True
381.3442 	EXP 	Control_2_fixation_horz: autoDraw = False
381.3442 	EXP 	Control_2_fixation_vert: autoDraw = False
381.3442 	EXP 	Control_2_instruction: autoDraw = False
381.3442 	EXP 	Control_2_3: autoDraw = False
381.3442 	EXP 	Control_2_2: autoDraw = False
381.3442 	EXP 	Control_2_1: autoDraw = False
381.3442 	EXP 	Control_2_video: autoDraw = False
381.3442 	EXP 	Control_2_same_different_text: autoDraw = False
381.3442 	EXP 	Control_2_resp_recorded_text: autoDraw = False
381.3442 	EXP 	Control_2_fixation_horz: autoDraw = False
381.3442 	EXP 	Control_2_fixation_vert: autoDraw = False
381.3442 	EXP 	Learning_3_instruction: autoDraw = True
384.3235 	EXP 	Learning_3_3: autoDraw = True
384.3568 	EXP 	Learning_3_instruction: autoDraw = False
385.3231 	EXP 	Learning_3_3: autoDraw = False
385.3231 	EXP 	Learning_3_2: autoDraw = True
386.3234 	EXP 	Learning_3_2: autoDraw = False
386.3234 	EXP 	Learning_3_1: autoDraw = True
387.3240 	EXP 	Learning_3_1: autoDraw = False
387.3240 	EXP 	Learning_3_video: autoDraw = True
447.3239 	EXP 	Learning_3_video: autoDraw = False
447.3239 	EXP 	Learning_3_fixation_horz: autoDraw = True
447.3239 	EXP 	Learning_3_fixation_vert: autoDraw = True
462.3242 	EXP 	Learning_3_fixation_horz: autoDraw = False
462.3242 	EXP 	Learning_3_fixation_vert: autoDraw = False
462.3242 	EXP 	Learning_3_instruction: autoDraw = False
462.3242 	EXP 	Learning_3_3: autoDraw = False
462.3242 	EXP 	Learning_3_2: autoDraw = False
462.3242 	EXP 	Learning_3_1: autoDraw = False
462.3242 	EXP 	Learning_3_video: autoDraw = False
462.3242 	EXP 	Learning_3_fixation_horz: autoDraw = False
462.3242 	EXP 	Learning_3_fixation_vert: autoDraw = False
462.3242 	EXP 	Done_text: autoDraw = True
463.9284 	DATA 	Keypress: return
463.9407 	EXP 	Done_text: autoDraw = False
463.9426 	INFO 	saved data to 'C:\\Users\\Public\\Moore_fMRI\\PsychoPy\\data/11001_4_alt_A.csv'
463.9437 	INFO 	saved data to C:\Users\Public\Moore_fMRI\PsychoPy\data/11001_4_alt_A.psydat
464.0719 	EXP 	window1: mouseVisible = True
464.0723 	DEBUG 	Saving data for Moore ExperimentHandler
