0.6622 	WARNING 	We strongly recommend you activate the PTB sound engine in PsychoPy prefs as the preferred audio engine. Its timing is vastly superior. Your prefs are currently set to use ['sounddevice', 'PTB', 'pyo', 'pygame'] (in that order).
10.4620 	INFO 	Loaded monitor calibration from ['2021_09_24 13:53']
10.4650 	WARNING 	User requested fullscreen with size [1536  864], but screen is actually [1920, 1080]. Using actual size
13.1797 	EXP 	Created window1 = Window(allowGUI=False, allowStencil=False, autoLog=True, backendConf=UNKNOWN, bitsMode=UNKNOWN, blendMode='avg', bpc=(8, 8, 8), color=array([0.4, 0.4, 0.4]), colorSpace='rgb', depthBits=8, fullscr=<method-wrapper '__getattribute__' of attributeSetter object at 0x0000028FF56A59E8>, gamma=None, gammaErrorPolicy='raise', lms=UNKNOWN, monitor=<psychopy.monitors.calibTools.Monitor object at 0x0000028FF5683438>, multiSample=False, name='window1', numSamples=2, pos=[0.0, 0.0], screen=0, size=array([1920, 1080]), stencilBits=0, stereo=False, units='height', useFBO=True, useRetina=False, viewOri=0.0, viewPos=None, viewScale=None, waitBlanking=True, winType='pyglet')
13.1803 	EXP 	window1: mouseVisible = True
13.1804 	EXP 	window1: recordFrameIntervals = False
13.3450 	EXP 	window1: recordFrameIntervals = True
13.5281 	DEBUG 	Screen (0) actual frame rate measured at 60.07
13.5282 	EXP 	window1: recordFrameIntervals = False
13.6541 	EXP 	Created Ready_experimenter_text = TextStim(__class__=<class 'psychopy.visual.text.TextStim'>, alignHoriz=method-wrapper(...), alignText='center', alignVert=method-wrapper(...), anchorHoriz='center', anchorVert='center', antialias=True, autoLog=True, bold=False, color=array([-1, -1, -1]), colorSpace='rgb', contrast=1.0, depth=0.0, flipHoriz=False, flipVert=False, font='Arial', fontFiles=[], height=0.075, italic=False, languageStyle='LTR', name='Ready_experimenter_text', opacity=1, ori=0, pos=array([0., 0.]), rgb=UNKNOWN, text='Waiting for the experimenter…', units='height', win=Window(...), wrapWidth=1.5)
13.6542 	EXP 	window1: mouseVisible = False
13.6642 	EXP 	Created Learning_1_instruction = TextStim(__class__=<class 'psychopy.visual.text.TextStim'>, alignHoriz=method-wrapper(...), alignText='center', alignVert=method-wrapper(...), anchorHoriz='center', anchorVert='center', antialias=True, autoLog=True, bold=False, color=array([-1, -1, -1]), colorSpace='rgb', contrast=1.0, depth=-1.0, flipHoriz=False, flipVert=False, font='Arial', fontFiles=[], height=0.075, italic=False, languageStyle='LTR', name='Learning_1_instruction', opacity=1, ori=0, pos=array([0., 0.]), rgb=UNKNOWN, text='Spatial Video!\n\nLearn the layout.', units='height', win=Window(...), wrapWidth=1.5)
13.6662 	EXP 	Created Learning_1_3 = TextStim(__class__=<class 'psychopy.visual.text.TextStim'>, alignHoriz=method-wrapper(...), alignText='center', alignVert=method-wrapper(...), anchorHoriz='center', anchorVert='center', antialias=True, autoLog=True, bold=False, color=array([-1, -1, -1]), colorSpace='rgb', contrast=1.0, depth=-2.0, flipHoriz=False, flipVert=False, font='Arial', fontFiles=[], height=0.075, italic=False, languageStyle='LTR', name='Learning_1_3', opacity=1, ori=0, pos=array([0., 0.]), rgb=UNKNOWN, text='3', units='height', win=Window(...), wrapWidth=1)
13.6682 	EXP 	Created Learning_1_2 = TextStim(__class__=<class 'psychopy.visual.text.TextStim'>, alignHoriz=method-wrapper(...), alignText='center', alignVert=method-wrapper(...), anchorHoriz='center', anchorVert='center', antialias=True, autoLog=True, bold=False, color=array([-1, -1, -1]), colorSpace='rgb', contrast=1.0, depth=-3.0, flipHoriz=False, flipVert=False, font='Arial', fontFiles=[], height=0.075, italic=False, languageStyle='LTR', name='Learning_1_2', opacity=1, ori=0, pos=array([0., 0.]), rgb=UNKNOWN, text='2', units='height', win=Window(...), wrapWidth=1)
13.6701 	EXP 	Created Learning_1_1 = TextStim(__class__=<class 'psychopy.visual.text.TextStim'>, alignHoriz=method-wrapper(...), alignText='center', alignVert=method-wrapper(...), anchorHoriz='center', anchorVert='center', antialias=True, autoLog=True, bold=False, color=array([-1, -1, -1]), colorSpace='rgb', contrast=1.0, depth=-4.0, flipHoriz=False, flipVert=False, font='Arial', fontFiles=[], height=0.075, italic=False, languageStyle='LTR', name='Learning_1_1', opacity=1, ori=0, pos=array([0., 0.]), rgb=UNKNOWN, text='1', units='height', win=Window(...), wrapWidth=1)
13.7613 	EXP 	Created Learning_1_video = MovieStim3(__class__=<class 'psychopy.visual.movie3.MovieStim3'>, autoLog=True, color=UNKNOWN, colorSpace=UNKNOWN, depth=-5.0, filename='./DSP_Videos/Learning/Learning_Normal.mp4', flipHoriz=False, flipVert=False, fps=UNKNOWN, interpolate=True, loop=False, name='Learning_1_video', noAudio=True, opacity=1, ori=method-wrapper(...), pos=array([0., 0.]), size=method-wrapper(...), units='pix', vframe_callback=UNKNOWN, volume=UNKNOWN, win=Window(...))
13.8837 	EXP 	Created Learning_2_5_instruction = TextStim(__class__=<class 'psychopy.visual.text.TextStim'>, alignHoriz=method-wrapper(...), alignText='center', alignVert=method-wrapper(...), anchorHoriz='center', anchorVert='center', antialias=True, autoLog=True, bold=False, color=array([-1, -1, -1]), colorSpace='rgb', contrast=1.0, depth=-1.0, flipHoriz=False, flipVert=False, font='Arial', fontFiles=[], height=0.075, italic=False, languageStyle='LTR', name='Learning_2_5_instruction', opacity=1, ori=0, pos=array([0., 0.]), rgb=UNKNOWN, text='Spatial Video!\n\nLearn the layout.', units='height', win=Window(...), wrapWidth=1.5)
13.8850 	EXP 	Created Learning_2_5_3 = TextStim(__class__=<class 'psychopy.visual.text.TextStim'>, alignHoriz=method-wrapper(...), alignText='center', alignVert=method-wrapper(...), anchorHoriz='center', anchorVert='center', antialias=True, autoLog=True, bold=False, color=array([-1, -1, -1]), colorSpace='rgb', contrast=1.0, depth=-2.0, flipHoriz=False, flipVert=False, font='Arial', fontFiles=[], height=0.075, italic=False, languageStyle='LTR', name='Learning_2_5_3', opacity=1, ori=0, pos=array([0., 0.]), rgb=UNKNOWN, text='3', units='height', win=Window(...), wrapWidth=1)
13.8863 	EXP 	Created Learning_2_5_2 = TextStim(__class__=<class 'psychopy.visual.text.TextStim'>, alignHoriz=method-wrapper(...), alignText='center', alignVert=method-wrapper(...), anchorHoriz='center', anchorVert='center', antialias=True, autoLog=True, bold=False, color=array([-1, -1, -1]), colorSpace='rgb', contrast=1.0, depth=-3.0, flipHoriz=False, flipVert=False, font='Arial', fontFiles=[], height=0.075, italic=False, languageStyle='LTR', name='Learning_2_5_2', opacity=1, ori=0, pos=array([0., 0.]), rgb=UNKNOWN, text='2', units='height', win=Window(...), wrapWidth=1)
13.8876 	EXP 	Created Learning_2_5_1 = TextStim(__class__=<class 'psychopy.visual.text.TextStim'>, alignHoriz=method-wrapper(...), alignText='center', alignVert=method-wrapper(...), anchorHoriz='center', anchorVert='center', antialias=True, autoLog=True, bold=False, color=array([-1, -1, -1]), colorSpace='rgb', contrast=1.0, depth=-4.0, flipHoriz=False, flipVert=False, font='Arial', fontFiles=[], height=0.075, italic=False, languageStyle='LTR', name='Learning_2_5_1', opacity=1, ori=0, pos=array([0., 0.]), rgb=UNKNOWN, text='1', units='height', win=Window(...), wrapWidth=1)
13.8915 	EXP 	Created Done_text = TextStim(__class__=<class 'psychopy.visual.text.TextStim'>, alignHoriz=method-wrapper(...), alignText='center', alignVert=method-wrapper(...), anchorHoriz='center', anchorVert='center', antialias=True, autoLog=True, bold=False, color=array([-1, -1, -1]), colorSpace='rgb', contrast=1.0, depth=-1.0, flipHoriz=False, flipVert=False, font='Arial', fontFiles=[], height=0.075, italic=False, languageStyle='LTR', name='Done_text', opacity=1, ori=0, pos=array([0., 0.]), rgb=UNKNOWN, text='Done!', units='height', win=Window(...), wrapWidth=1.5)
13.9211 	EXP 	Learning_1_video: autoLog = True
13.9211 	EXP 	Learning_1_video: movie = './DSP_Videos/Learning/Learning_Normal.mp4'
13.9211 	EXP 	Learning_1_video: size = array([1920., 1080.])
13.9211 	EXP 	Learning_1_video: ori = 0
13.9211 	EXP 	Ready_experimenter_text: autoDraw = True
14.9359 	DATA 	Keypress: return
14.9613 	EXP 	Ready_experimenter_text: autoDraw = False
14.9613 	EXP 	Learning_1_instruction: autoDraw = True
17.9449 	EXP 	Learning_1_3: autoDraw = True
17.9613 	EXP 	Learning_1_instruction: autoDraw = False
18.9449 	EXP 	Learning_1_3: autoDraw = False
18.9449 	EXP 	Learning_1_2: autoDraw = True
19.9448 	EXP 	Learning_1_2: autoDraw = False
19.9448 	EXP 	Learning_1_1: autoDraw = True
20.9573 	EXP 	Learning_1_1: autoDraw = False
20.9573 	EXP 	Learning_1_video: autoDraw = True
80.9491 	EXP 	Created sequence: random, trialTypes=1, nReps=4, seed=None
80.9492 	EXP 	New trial (rep=0, index=0): None
80.9494 	EXP 	Created Learning_2_5_video = MovieStim3(__class__=<class 'psychopy.visual.movie3.MovieStim3'>, autoLog=True, color=UNKNOWN, colorSpace=UNKNOWN, depth=-5.0, filename='./DSP_Videos/Learning/Learning_Normal.mp4', flipHoriz=False, flipVert=False, fps=UNKNOWN, interpolate=True, loop=False, name='Learning_2_5_video', noAudio=True, opacity=1, ori=method-wrapper(...), pos=array([0., 0.]), size=method-wrapper(...), units='pix', vframe_callback=UNKNOWN, volume=UNKNOWN, win=Window(...))
81.0601 	EXP 	Learning_1_video: autoDraw = False
81.0601 	EXP 	Learning_1_instruction: autoDraw = False
81.0601 	EXP 	Learning_1_3: autoDraw = False
81.0601 	EXP 	Learning_1_2: autoDraw = False
81.0601 	EXP 	Learning_1_1: autoDraw = False
81.0601 	EXP 	Learning_1_video: autoDraw = False
81.0601 	EXP 	Learning_2_5_video: autoLog = True
81.0601 	EXP 	Learning_2_5_video: movie = './DSP_Videos/Learning/Learning_Normal.mp4'
81.0601 	EXP 	Learning_2_5_video: size = array([1920., 1080.])
81.0601 	EXP 	Learning_2_5_video: ori = 0
81.0601 	EXP 	Learning_2_5_instruction: autoDraw = True
84.0453 	EXP 	Learning_2_5_3: autoDraw = True
84.0620 	EXP 	Learning_2_5_instruction: autoDraw = False
85.0453 	EXP 	Learning_2_5_3: autoDraw = False
85.0453 	EXP 	Learning_2_5_2: autoDraw = True
86.0453 	EXP 	Learning_2_5_2: autoDraw = False
86.0453 	EXP 	Learning_2_5_1: autoDraw = True
87.0459 	EXP 	Learning_2_5_1: autoDraw = False
87.0459 	EXP 	Learning_2_5_video: autoDraw = True
146.9650 	EXP 	New trial (rep=1, index=0): None
146.9652 	EXP 	Created Learning_2_5_video = MovieStim3(__class__=<class 'psychopy.visual.movie3.MovieStim3'>, autoLog=True, color=UNKNOWN, colorSpace=UNKNOWN, depth=-5.0, filename='./DSP_Videos/Learning/Learning_Normal.mp4', flipHoriz=False, flipVert=False, fps=UNKNOWN, interpolate=True, loop=False, name='Learning_2_5_video', noAudio=True, opacity=1, ori=method-wrapper(...), pos=array([0., 0.]), size=method-wrapper(...), units='pix', vframe_callback=UNKNOWN, volume=UNKNOWN, win=Window(...))
147.1224 	EXP 	Learning_2_5_instruction: autoDraw = False
147.1224 	EXP 	Learning_2_5_3: autoDraw = False
147.1224 	EXP 	Learning_2_5_2: autoDraw = False
147.1224 	EXP 	Learning_2_5_1: autoDraw = False
147.1224 	EXP 	Learning_2_5_video: autoDraw = False
147.1224 	EXP 	Learning_2_5_video: autoLog = True
147.1224 	EXP 	Learning_2_5_video: movie = './DSP_Videos/Learning/Learning_Normal.mp4'
147.1224 	EXP 	Learning_2_5_video: size = array([1920., 1080.])
147.1224 	EXP 	Learning_2_5_video: ori = 0
147.1224 	EXP 	Learning_2_5_instruction: autoDraw = True
150.1123 	EXP 	Learning_2_5_3: autoDraw = True
150.1290 	EXP 	Learning_2_5_instruction: autoDraw = False
151.1124 	EXP 	Learning_2_5_3: autoDraw = False
151.1124 	EXP 	Learning_2_5_2: autoDraw = True
152.1125 	EXP 	Learning_2_5_2: autoDraw = False
152.1125 	EXP 	Learning_2_5_1: autoDraw = True
153.1131 	EXP 	Learning_2_5_1: autoDraw = False
153.1131 	EXP 	Learning_2_5_video: autoDraw = True
212.9651 	EXP 	New trial (rep=2, index=0): None
212.9653 	EXP 	Created Learning_2_5_video = MovieStim3(__class__=<class 'psychopy.visual.movie3.MovieStim3'>, autoLog=True, color=UNKNOWN, colorSpace=UNKNOWN, depth=-5.0, filename='./DSP_Videos/Learning/Learning_Normal.mp4', flipHoriz=False, flipVert=False, fps=UNKNOWN, interpolate=True, loop=False, name='Learning_2_5_video', noAudio=True, opacity=1, ori=method-wrapper(...), pos=array([0., 0.]), size=method-wrapper(...), units='pix', vframe_callback=UNKNOWN, volume=UNKNOWN, win=Window(...))
213.1248 	EXP 	Learning_2_5_instruction: autoDraw = False
213.1248 	EXP 	Learning_2_5_3: autoDraw = False
213.1248 	EXP 	Learning_2_5_2: autoDraw = False
213.1248 	EXP 	Learning_2_5_1: autoDraw = False
213.1248 	EXP 	Learning_2_5_video: autoDraw = False
213.1248 	EXP 	Learning_2_5_video: autoLog = True
213.1248 	EXP 	Learning_2_5_video: movie = './DSP_Videos/Learning/Learning_Normal.mp4'
213.1248 	EXP 	Learning_2_5_video: size = array([1920., 1080.])
213.1248 	EXP 	Learning_2_5_video: ori = 0
213.1248 	EXP 	Learning_2_5_instruction: autoDraw = True
216.1129 	EXP 	Learning_2_5_3: autoDraw = True
216.1295 	EXP 	Learning_2_5_instruction: autoDraw = False
217.1129 	EXP 	Learning_2_5_3: autoDraw = False
217.1129 	EXP 	Learning_2_5_2: autoDraw = True
218.1128 	EXP 	Learning_2_5_2: autoDraw = False
218.1128 	EXP 	Learning_2_5_1: autoDraw = True
219.1134 	EXP 	Learning_2_5_1: autoDraw = False
219.1134 	EXP 	Learning_2_5_video: autoDraw = True
278.9651 	EXP 	New trial (rep=3, index=0): None
278.9654 	EXP 	Created Learning_2_5_video = MovieStim3(__class__=<class 'psychopy.visual.movie3.MovieStim3'>, autoLog=True, color=UNKNOWN, colorSpace=UNKNOWN, depth=-5.0, filename='./DSP_Videos/Learning/Learning_Normal.mp4', flipHoriz=False, flipVert=False, fps=UNKNOWN, interpolate=True, loop=False, name='Learning_2_5_video', noAudio=True, opacity=1, ori=method-wrapper(...), pos=array([0., 0.]), size=method-wrapper(...), units='pix', vframe_callback=UNKNOWN, volume=UNKNOWN, win=Window(...))
279.1158 	EXP 	Learning_2_5_instruction: autoDraw = False
279.1158 	EXP 	Learning_2_5_3: autoDraw = False
279.1158 	EXP 	Learning_2_5_2: autoDraw = False
279.1158 	EXP 	Learning_2_5_1: autoDraw = False
279.1158 	EXP 	Learning_2_5_video: autoDraw = False
279.1158 	EXP 	Learning_2_5_video: autoLog = True
279.1158 	EXP 	Learning_2_5_video: movie = './DSP_Videos/Learning/Learning_Normal.mp4'
279.1158 	EXP 	Learning_2_5_video: size = array([1920., 1080.])
279.1158 	EXP 	Learning_2_5_video: ori = 0
279.1158 	EXP 	Learning_2_5_instruction: autoDraw = True
282.1133 	EXP 	Learning_2_5_3: autoDraw = True
282.1298 	EXP 	Learning_2_5_instruction: autoDraw = False
283.1134 	EXP 	Learning_2_5_3: autoDraw = False
283.1134 	EXP 	Learning_2_5_2: autoDraw = True
284.1133 	EXP 	Learning_2_5_2: autoDraw = False
284.1133 	EXP 	Learning_2_5_1: autoDraw = True
285.1140 	EXP 	Learning_2_5_1: autoDraw = False
285.1140 	EXP 	Learning_2_5_video: autoDraw = True
344.9804 	EXP 	Learning_2_5_instruction: autoDraw = False
344.9804 	EXP 	Learning_2_5_3: autoDraw = False
344.9804 	EXP 	Learning_2_5_2: autoDraw = False
344.9804 	EXP 	Learning_2_5_1: autoDraw = False
344.9804 	EXP 	Learning_2_5_video: autoDraw = False
344.9804 	EXP 	Done_text: autoDraw = True
353.2508 	DATA 	Keypress: return
353.2636 	EXP 	Done_text: autoDraw = False
353.2652 	INFO 	saved data to 'C:\\Users\\Public\\Moore_fMRI\\DSP_PsychoPy\\data/11007_DSP_Behavioral_Only_Encoding_nor.csv'
353.2661 	INFO 	saved data to C:\Users\Public\Moore_fMRI\DSP_PsychoPy\data/11007_DSP_Behavioral_Only_Encoding_nor.psydat
354.8499 	EXP 	window1: mouseVisible = True
354.8501 	DEBUG 	Saving data for DSP_Behavioral_Only_Encoding ExperimentHandler
