1.3307 	WARNING 	We strongly recommend you activate the PTB sound engine in PsychoPy prefs as the preferred audio engine. Its timing is vastly superior. Your prefs are currently set to use ['sounddevice', 'PTB', 'pyo', 'pygame'] (in that order).
16.0523 	INFO 	Loaded monitor calibration from ['2021_09_24 13:53']
16.0563 	WARNING 	User requested fullscreen with size [1536  864], but screen is actually [1920, 1080]. Using actual size
17.2475 	EXP 	Created window1 = Window(allowGUI=False, allowStencil=False, args=UNKNOWN, autoLog=True, bitsMode=UNKNOWN, blendMode='avg', bpc=(8, 8, 8), color=array([0.4, 0.4, 0.4]), colorSpace='rgb', depthBits=8, fullscr=<method-wrapper '__getattribute__' of attributeSetter object at 0x000001FDE6D317B8>, gamma=None, gammaErrorPolicy='raise', kwargs=UNKNOWN, lms=UNKNOWN, monitor=<psychopy.monitors.calibTools.Monitor object at 0x000001FDE6C53048>, multiSample=False, name='window1', numSamples=2, pos=[0.0, 0.0], screen=0, size=array([1920, 1080]), stencilBits=0, stereo=False, units='height', useFBO=True, useRetina=False, viewOri=0.0, viewPos=None, viewScale=None, waitBlanking=True, winType='pyglet')
17.2482 	EXP 	window1: mouseVisible = True
17.2482 	EXP 	window1: recordFrameIntervals = False
17.4102 	EXP 	window1: recordFrameIntervals = True
17.5953 	DEBUG 	Screen (0) actual frame rate measured at 59.51
17.5953 	EXP 	window1: recordFrameIntervals = False
17.7251 	EXP 	Created Ready_experimenter_text = TextStim(__class__=<class 'psychopy.visual.text.TextStim'>, alignHoriz=method-wrapper(...), alignText='center', alignVert=method-wrapper(...), anchorHoriz='center', anchorVert='center', antialias=True, autoLog=True, bold=False, color='black', colorSpace='named', contrast=1.0, depth=0.0, flipHoriz=False, flipVert=False, font='Arial', fontFiles=[], height=0.075, italic=False, languageStyle='LTR', name='Ready_experimenter_text', opacity=1.0, ori=0, pos=array([0., 0.]), rgb=array([0., 0., 0.]), text='Waiting for the experimenter…', units='height', win=Window(...), wrapWidth=1.5)
17.7252 	EXP 	window1: mouseVisible = False
17.7259 	EXP 	Created Alignment_background = Rect(__class__=<class 'psychopy.visual.rect.Rect'>, autoDraw=False, autoLog=True, closeShape=True, color=method-wrapper(...), colorSpace=None, contrast=1.0, depth=-1.0, fillColor='black', fillColorSpace='named', fillRGB=array([0., 0., 0.]), interpolate=True, lineColor='black', lineColorSpace='named', lineRGB=array([0., 0., 0.]), lineWidth=1, name='Alignment_background', opacity=1.0, ori=array(0.), pos=array([0., 0.]), size=array([2., 2.]), units='height', vertices=ndarray(...), win=Window(...))
17.7346 	EXP 	Created Alignment_image = ImageStim(__class__=<class 'psychopy.visual.image.ImageStim'>, autoLog=True, color=array([1., 1., 1.]), colorSpace='rgb', contrast=1.0, depth=-2.0, flipHoriz=False, flipVert=False, image='Alignment.png', interpolate=True, mask=None, maskParams=None, name='Alignment_image', opacity=1.0, ori=0.0, pos=array([0., 0.]), size=array([1.4, 1. ]), texRes=512, units='height', win=Window(...))
17.7402 	EXP 	Created Button_text = TextStim(__class__=<class 'psychopy.visual.text.TextStim'>, alignHoriz=method-wrapper(...), alignText='center', alignVert=method-wrapper(...), anchorHoriz='center', anchorVert='center', antialias=True, autoLog=True, bold=False, color='black', colorSpace='named', contrast=1.0, depth=0.0, flipHoriz=False, flipVert=False, font='Arial', fontFiles=[], height=0.075, italic=False, languageStyle='LTR', name='Button_text', opacity=1.0, ori=0, pos=array([0., 0.]), rgb=array([0., 0., 0.]), text='Button check.', units='height', win=Window(...), wrapWidth=1)
17.7466 	EXP 	Created Index_text = TextStim(__class__=<class 'psychopy.visual.text.TextStim'>, alignHoriz=method-wrapper(...), alignText='center', alignVert=method-wrapper(...), anchorHoriz='center', anchorVert='center', antialias=True, autoLog=True, bold=False, color='black', colorSpace='named', contrast=1.0, depth=0.0, flipHoriz=False, flipVert=False, font='Arial', fontFiles=[], height=0.075, italic=False, languageStyle='LTR', name='Index_text', opacity=1.0, ori=0, pos=array([0., 0.]), rgb=array([0., 0., 0.]), text='Press the button under your index finger.', units='height', win=Window(...), wrapWidth=1.5)
17.7514 	EXP 	Created Middle_text = TextStim(__class__=<class 'psychopy.visual.text.TextStim'>, alignHoriz=method-wrapper(...), alignText='center', alignVert=method-wrapper(...), anchorHoriz='center', anchorVert='center', antialias=True, autoLog=True, bold=False, color='black', colorSpace='named', contrast=1.0, depth=0.0, flipHoriz=False, flipVert=False, font='Arial', fontFiles=[], height=0.075, italic=False, languageStyle='LTR', name='Middle_text', opacity=1.0, ori=0, pos=array([0., 0.]), rgb=array([0., 0., 0.]), text='Press the button under your middle finger.', units='height', win=Window(...), wrapWidth=1.5)
17.7596 	EXP 	Created Repeat_text = TextStim(__class__=<class 'psychopy.visual.text.TextStim'>, alignHoriz=method-wrapper(...), alignText='center', alignVert=method-wrapper(...), anchorHoriz='center', anchorVert='center', antialias=True, autoLog=True, bold=False, color='black', colorSpace='named', contrast=1.0, depth=-1.0, flipHoriz=False, flipVert=False, font='Arial', fontFiles=[], height=0.075, italic=False, languageStyle='LTR', name='Repeat_text', opacity=1.0, ori=0, pos=array([0., 0.]), rgb=array([0., 0., 0.]), text=str(...), units='height', win=Window(...), wrapWidth=1)
17.7647 	EXP 	Created Ready_scanner_text = TextStim(__class__=<class 'psychopy.visual.text.TextStim'>, alignHoriz=method-wrapper(...), alignText='center', alignVert=method-wrapper(...), anchorHoriz='center', anchorVert='center', antialias=True, autoLog=True, bold=False, color='black', colorSpace='named', contrast=1.0, depth=-1.0, flipHoriz=False, flipVert=False, font='Arial', fontFiles=[], height=0.075, italic=False, languageStyle='LTR', name='Ready_scanner_text', opacity=1.0, ori=0, pos=array([0., 0.]), rgb=array([0., 0., 0.]), text='Waiting for the scanner…', units='height', win=Window(...), wrapWidth=1.5)
17.7709 	EXP 	Created Learning_1_instruction = TextStim(__class__=<class 'psychopy.visual.text.TextStim'>, alignHoriz=method-wrapper(...), alignText='center', alignVert=method-wrapper(...), anchorHoriz='center', anchorVert='center', antialias=True, autoLog=True, bold=False, color='black', colorSpace='named', contrast=1.0, depth=-1.0, flipHoriz=False, flipVert=False, font='Arial', fontFiles=[], height=0.075, italic=False, languageStyle='LTR', name='Learning_1_instruction', opacity=1.0, ori=0, pos=array([0., 0.]), rgb=array([0., 0., 0.]), text='Spatial Video!\n\nLearn the layout.', units='height', win=Window(...), wrapWidth=1)
17.7727 	EXP 	Created Learning_1_3 = TextStim(__class__=<class 'psychopy.visual.text.TextStim'>, alignHoriz=method-wrapper(...), alignText='center', alignVert=method-wrapper(...), anchorHoriz='center', anchorVert='center', antialias=True, autoLog=True, bold=False, color='black', colorSpace='named', contrast=1.0, depth=-2.0, flipHoriz=False, flipVert=False, font='Arial', fontFiles=[], height=0.075, italic=False, languageStyle='LTR', name='Learning_1_3', opacity=1.0, ori=0, pos=array([0., 0.]), rgb=array([0., 0., 0.]), text='3', units='height', win=Window(...), wrapWidth=1)
17.7744 	EXP 	Created Learning_1_2 = TextStim(__class__=<class 'psychopy.visual.text.TextStim'>, alignHoriz=method-wrapper(...), alignText='center', alignVert=method-wrapper(...), anchorHoriz='center', anchorVert='center', antialias=True, autoLog=True, bold=False, color='black', colorSpace='named', contrast=1.0, depth=-3.0, flipHoriz=False, flipVert=False, font='Arial', fontFiles=[], height=0.075, italic=False, languageStyle='LTR', name='Learning_1_2', opacity=1.0, ori=0, pos=array([0., 0.]), rgb=array([0., 0., 0.]), text='2', units='height', win=Window(...), wrapWidth=1)
17.7762 	EXP 	Created Learning_1_1 = TextStim(__class__=<class 'psychopy.visual.text.TextStim'>, alignHoriz=method-wrapper(...), alignText='center', alignVert=method-wrapper(...), anchorHoriz='center', anchorVert='center', antialias=True, autoLog=True, bold=False, color='black', colorSpace='named', contrast=1.0, depth=-4.0, flipHoriz=False, flipVert=False, font='Arial', fontFiles=[], height=0.075, italic=False, languageStyle='LTR', name='Learning_1_1', opacity=1.0, ori=0, pos=array([0., 0.]), rgb=array([0., 0., 0.]), text='1', units='height', win=Window(...), wrapWidth=1)
17.8634 	EXP 	Created Learning_1_video = MovieStim3(__class__=<class 'psychopy.visual.movie3.MovieStim3'>, autoLog=True, color=UNKNOWN, colorSpace=UNKNOWN, depth=-5.0, filename='./DSP_Videos/Learning/Learning_Normal.mp4', flipHoriz=False, flipVert=False, fps=UNKNOWN, interpolate=True, loop=False, name='Learning_1_video', noAudio=True, opacity=1.0, ori=method-wrapper(...), pos=array([0., 0.]), size=method-wrapper(...), units='pix', vframe_callback=UNKNOWN, volume=UNKNOWN, win=Window(...))
17.9744 	EXP 	Created Learning_1_fixation_horz = Line(__class__=<class 'psychopy.visual.line.Line'>, autoDraw=False, autoLog=True, closeShape=False, contrast=1.0, depth=-6.0, fillColor=None, fillColorSpace=None, interpolate=True, lineColor='black', lineColorSpace='named', lineWidth=5, name='Learning_1_fixation_horz', opacity=1.0, ori=array(0.), pos=array([0., 0.]), size=array([1., 1.]), units='height', vertices=ndarray(...), win=Window(...), windingRule=None)
17.9748 	EXP 	Created Learning_1_fixation_vert = Line(__class__=<class 'psychopy.visual.line.Line'>, autoDraw=False, autoLog=True, closeShape=False, contrast=1.0, depth=-7.0, fillColor=None, fillColorSpace=None, interpolate=True, lineColor='black', lineColorSpace='named', lineWidth=5, name='Learning_1_fixation_vert', opacity=1.0, ori=array(90.), pos=array([0., 0.]), size=array([1., 1.]), units='height', vertices=ndarray(...), win=Window(...), windingRule=None)
17.9823 	EXP 	Created Control_1_instruction = TextStim(__class__=<class 'psychopy.visual.text.TextStim'>, alignHoriz=method-wrapper(...), alignText='center', alignVert=method-wrapper(...), anchorHoriz='center', anchorVert='center', antialias=True, autoLog=True, bold=False, color='black', colorSpace='named', contrast=1.0, depth=-2.0, flipHoriz=False, flipVert=False, font='Arial', fontFiles=[], height=0.075, italic=False, languageStyle='LTR', name='Control_1_instruction', opacity=1.0, ori=0, pos=array([0., 0.]), rgb=array([0., 0., 0.]), text=str(...), units='height', win=Window(...), wrapWidth=1)
17.9834 	EXP 	Created Control_1_3 = TextStim(__class__=<class 'psychopy.visual.text.TextStim'>, alignHoriz=method-wrapper(...), alignText='center', alignVert=method-wrapper(...), anchorHoriz='center', anchorVert='center', antialias=True, autoLog=True, bold=False, color='black', colorSpace='named', contrast=1.0, depth=-3.0, flipHoriz=False, flipVert=False, font='Arial', fontFiles=[], height=0.075, italic=False, languageStyle='LTR', name='Control_1_3', opacity=1.0, ori=0, pos=array([0., 0.]), rgb=array([0., 0., 0.]), text='3', units='height', win=Window(...), wrapWidth=1)
17.9846 	EXP 	Created Control_1_2 = TextStim(__class__=<class 'psychopy.visual.text.TextStim'>, alignHoriz=method-wrapper(...), alignText='center', alignVert=method-wrapper(...), anchorHoriz='center', anchorVert='center', antialias=True, autoLog=True, bold=False, color='black', colorSpace='named', contrast=1.0, depth=-4.0, flipHoriz=False, flipVert=False, font='Arial', fontFiles=[], height=0.075, italic=False, languageStyle='LTR', name='Control_1_2', opacity=1.0, ori=0, pos=array([0., 0.]), rgb=array([0., 0., 0.]), text='2', units='height', win=Window(...), wrapWidth=1)
17.9856 	EXP 	Created Control_1_1 = TextStim(__class__=<class 'psychopy.visual.text.TextStim'>, alignHoriz=method-wrapper(...), alignText='center', alignVert=method-wrapper(...), anchorHoriz='center', anchorVert='center', antialias=True, autoLog=True, bold=False, color='black', colorSpace='named', contrast=1.0, depth=-5.0, flipHoriz=False, flipVert=False, font='Arial', fontFiles=[], height=0.075, italic=False, languageStyle='LTR', name='Control_1_1', opacity=1.0, ori=0, pos=array([0., 0.]), rgb=array([0., 0., 0.]), text='1', units='height', win=Window(...), wrapWidth=1)
17.9858 	EXP 	Created Control_1_video = MovieStim3(__class__=<class 'psychopy.visual.movie3.MovieStim3'>, autoLog=True, color=UNKNOWN, colorSpace=UNKNOWN, depth=-6.0, filename=str(...), flipHoriz=False, flipVert=False, fps=UNKNOWN, interpolate=True, loop=False, name='Control_1_video', noAudio=False, opacity=1.0, ori=method-wrapper(...), pos=array([0., 0.]), size=method-wrapper(...), units='pix', vframe_callback=UNKNOWN, volume=UNKNOWN, win=Window(...))
18.0979 	EXP 	Created Control_1_same_different_text = TextStim(__class__=<class 'psychopy.visual.text.TextStim'>, alignHoriz=method-wrapper(...), alignText='center', alignVert=method-wrapper(...), anchorHoriz='center', anchorVert='center', antialias=True, autoLog=True, bold=False, color='black', colorSpace='named', contrast=1.0, depth=-8.0, flipHoriz=False, flipVert=False, font='Arial', fontFiles=[], height=0.075, italic=False, languageStyle='LTR', name='Control_1_same_different_text', opacity=1.0, ori=0, pos=array([0., 0.]), rgb=array([0., 0., 0.]), text='Same or different color?', units='height', win=Window(...), wrapWidth=1)
18.1022 	EXP 	Created Control_1_resp_recorded_text = TextStim(__class__=<class 'psychopy.visual.text.TextStim'>, alignHoriz=method-wrapper(...), alignText='center', alignVert=method-wrapper(...), anchorHoriz='center', anchorVert='center', antialias=True, autoLog=True, bold=False, color='black', colorSpace='named', contrast=1.0, depth=-9.0, flipHoriz=False, flipVert=False, font='Arial', fontFiles=[], height=0.075, italic=False, languageStyle='LTR', name='Control_1_resp_recorded_text', opacity=1.0, ori=0, pos=array([0., 0.]), rgb=array([0., 0., 0.]), text='Response recorded!', units='height', win=Window(...), wrapWidth=1)
18.1027 	EXP 	Created Control_1_fixation_horz = Line(__class__=<class 'psychopy.visual.line.Line'>, autoDraw=False, autoLog=True, closeShape=False, contrast=1.0, depth=-10.0, fillColor=None, fillColorSpace=None, interpolate=True, lineColor='black', lineColorSpace='named', lineWidth=5, name='Control_1_fixation_horz', opacity=1.0, ori=array(0.), pos=array([0., 0.]), size=array([1., 1.]), units='height', vertices=ndarray(...), win=Window(...), windingRule=None)
18.1031 	EXP 	Created Control_1_fixation_vert = Line(__class__=<class 'psychopy.visual.line.Line'>, autoDraw=False, autoLog=True, closeShape=False, contrast=1.0, depth=-11.0, fillColor=None, fillColorSpace=None, interpolate=True, lineColor='black', lineColorSpace='named', lineWidth=5, name='Control_1_fixation_vert', opacity=1.0, ori=array(90.), pos=array([0., 0.]), size=array([1., 1.]), units='height', vertices=ndarray(...), win=Window(...), windingRule=None)
18.1072 	EXP 	Created Learning_2_instruction = TextStim(__class__=<class 'psychopy.visual.text.TextStim'>, alignHoriz=method-wrapper(...), alignText='center', alignVert=method-wrapper(...), anchorHoriz='center', anchorVert='center', antialias=True, autoLog=True, bold=False, color='black', colorSpace='named', contrast=1.0, depth=-1.0, flipHoriz=False, flipVert=False, font='Arial', fontFiles=[], height=0.075, italic=False, languageStyle='LTR', name='Learning_2_instruction', opacity=1.0, ori=0, pos=array([0., 0.]), rgb=array([0., 0., 0.]), text='Spatial Video!\n\nLearn the layout.', units='height', win=Window(...), wrapWidth=1)
18.1083 	EXP 	Created Learning_2_3 = TextStim(__class__=<class 'psychopy.visual.text.TextStim'>, alignHoriz=method-wrapper(...), alignText='center', alignVert=method-wrapper(...), anchorHoriz='center', anchorVert='center', antialias=True, autoLog=True, bold=False, color='black', colorSpace='named', contrast=1.0, depth=-2.0, flipHoriz=False, flipVert=False, font='Arial', fontFiles=[], height=0.075, italic=False, languageStyle='LTR', name='Learning_2_3', opacity=1.0, ori=0, pos=array([0., 0.]), rgb=array([0., 0., 0.]), text='3', units='height', win=Window(...), wrapWidth=1)
18.1094 	EXP 	Created Learning_2_2 = TextStim(__class__=<class 'psychopy.visual.text.TextStim'>, alignHoriz=method-wrapper(...), alignText='center', alignVert=method-wrapper(...), anchorHoriz='center', anchorVert='center', antialias=True, autoLog=True, bold=False, color='black', colorSpace='named', contrast=1.0, depth=-3.0, flipHoriz=False, flipVert=False, font='Arial', fontFiles=[], height=0.075, italic=False, languageStyle='LTR', name='Learning_2_2', opacity=1.0, ori=0, pos=array([0., 0.]), rgb=array([0., 0., 0.]), text='2', units='height', win=Window(...), wrapWidth=1)
18.1104 	EXP 	Created Learning_2_1 = TextStim(__class__=<class 'psychopy.visual.text.TextStim'>, alignHoriz=method-wrapper(...), alignText='center', alignVert=method-wrapper(...), anchorHoriz='center', anchorVert='center', antialias=True, autoLog=True, bold=False, color='black', colorSpace='named', contrast=1.0, depth=-4.0, flipHoriz=False, flipVert=False, font='Arial', fontFiles=[], height=0.075, italic=False, languageStyle='LTR', name='Learning_2_1', opacity=1.0, ori=0, pos=array([0., 0.]), rgb=array([0., 0., 0.]), text='1', units='height', win=Window(...), wrapWidth=1)
18.1106 	EXP 	Created Learning_2_video = MovieStim3(__class__=<class 'psychopy.visual.movie3.MovieStim3'>, autoLog=True, color=UNKNOWN, colorSpace=UNKNOWN, depth=-5.0, filename='./DSP_Videos/Learning/Learning_Normal.mp4', flipHoriz=False, flipVert=False, fps=UNKNOWN, interpolate=True, loop=False, name='Learning_2_video', noAudio=False, opacity=1.0, ori=method-wrapper(...), pos=array([0., 0.]), size=method-wrapper(...), units='pix', vframe_callback=UNKNOWN, volume=UNKNOWN, win=Window(...))
18.2171 	EXP 	Created Learning_2_fixation_horz = Line(__class__=<class 'psychopy.visual.line.Line'>, autoDraw=False, autoLog=True, closeShape=False, contrast=1.0, depth=-6.0, fillColor=None, fillColorSpace=None, interpolate=True, lineColor='black', lineColorSpace='named', lineWidth=5, name='Learning_2_fixation_horz', opacity=1.0, ori=array(0.), pos=array([0., 0.]), size=array([1., 1.]), units='height', vertices=ndarray(...), win=Window(...), windingRule=None)
18.2175 	EXP 	Created Learning_2_fixation_vert = Line(__class__=<class 'psychopy.visual.line.Line'>, autoDraw=False, autoLog=True, closeShape=False, contrast=1.0, depth=-7.0, fillColor=None, fillColorSpace=None, interpolate=True, lineColor='black', lineColorSpace='named', lineWidth=5, name='Learning_2_fixation_vert', opacity=1.0, ori=array(90.), pos=array([0., 0.]), size=array([1., 1.]), units='height', vertices=ndarray(...), win=Window(...), windingRule=None)
18.2228 	EXP 	Created Control_2_instruction = TextStim(__class__=<class 'psychopy.visual.text.TextStim'>, alignHoriz=method-wrapper(...), alignText='center', alignVert=method-wrapper(...), anchorHoriz='center', anchorVert='center', antialias=True, autoLog=True, bold=False, color='black', colorSpace='named', contrast=1.0, depth=-2.0, flipHoriz=False, flipVert=False, font='Arial', fontFiles=[], height=0.075, italic=False, languageStyle='LTR', name='Control_2_instruction', opacity=1.0, ori=0, pos=array([0., 0.]), rgb=array([0., 0., 0.]), text=str(...), units='height', win=Window(...), wrapWidth=1)
18.2239 	EXP 	Created Control_2_3 = TextStim(__class__=<class 'psychopy.visual.text.TextStim'>, alignHoriz=method-wrapper(...), alignText='center', alignVert=method-wrapper(...), anchorHoriz='center', anchorVert='center', antialias=True, autoLog=True, bold=False, color='black', colorSpace='named', contrast=1.0, depth=-3.0, flipHoriz=False, flipVert=False, font='Arial', fontFiles=[], height=0.075, italic=False, languageStyle='LTR', name='Control_2_3', opacity=1.0, ori=0, pos=array([0., 0.]), rgb=array([0., 0., 0.]), text='3', units='height', win=Window(...), wrapWidth=1)
18.2250 	EXP 	Created Control_2_2 = TextStim(__class__=<class 'psychopy.visual.text.TextStim'>, alignHoriz=method-wrapper(...), alignText='center', alignVert=method-wrapper(...), anchorHoriz='center', anchorVert='center', antialias=True, autoLog=True, bold=False, color='black', colorSpace='named', contrast=1.0, depth=-4.0, flipHoriz=False, flipVert=False, font='Arial', fontFiles=[], height=0.075, italic=False, languageStyle='LTR', name='Control_2_2', opacity=1.0, ori=0, pos=array([0., 0.]), rgb=array([0., 0., 0.]), text='2', units='height', win=Window(...), wrapWidth=1)
18.2261 	EXP 	Created Control_2_1 = TextStim(__class__=<class 'psychopy.visual.text.TextStim'>, alignHoriz=method-wrapper(...), alignText='center', alignVert=method-wrapper(...), anchorHoriz='center', anchorVert='center', antialias=True, autoLog=True, bold=False, color='black', colorSpace='named', contrast=1.0, depth=-5.0, flipHoriz=False, flipVert=False, font='Arial', fontFiles=[], height=0.075, italic=False, languageStyle='LTR', name='Control_2_1', opacity=1.0, ori=0, pos=array([0., 0.]), rgb=array([0., 0., 0.]), text='1', units='height', win=Window(...), wrapWidth=1)
18.2262 	EXP 	Created Control_2_video = MovieStim3(__class__=<class 'psychopy.visual.movie3.MovieStim3'>, autoLog=True, color=UNKNOWN, colorSpace=UNKNOWN, depth=-6.0, filename=str(...), flipHoriz=False, flipVert=False, fps=UNKNOWN, interpolate=True, loop=False, name='Control_2_video', noAudio=False, opacity=1.0, ori=method-wrapper(...), pos=array([0., 0.]), size=method-wrapper(...), units='pix', vframe_callback=UNKNOWN, volume=UNKNOWN, win=Window(...))
18.3345 	EXP 	Created Control_2_same_different_text = TextStim(__class__=<class 'psychopy.visual.text.TextStim'>, alignHoriz=method-wrapper(...), alignText='center', alignVert=method-wrapper(...), anchorHoriz='center', anchorVert='center', antialias=True, autoLog=True, bold=False, color='black', colorSpace='named', contrast=1.0, depth=-8.0, flipHoriz=False, flipVert=False, font='Arial', fontFiles=[], height=0.075, italic=False, languageStyle='LTR', name='Control_2_same_different_text', opacity=1.0, ori=0, pos=array([0., 0.]), rgb=array([0., 0., 0.]), text='Same or different color?', units='height', win=Window(...), wrapWidth=1)
18.3378 	EXP 	Created Control_2_resp_recorded_text = TextStim(__class__=<class 'psychopy.visual.text.TextStim'>, alignHoriz=method-wrapper(...), alignText='center', alignVert=method-wrapper(...), anchorHoriz='center', anchorVert='center', antialias=True, autoLog=True, bold=False, color='black', colorSpace='named', contrast=1.0, depth=-9.0, flipHoriz=False, flipVert=False, font='Arial', fontFiles=[], height=0.075, italic=False, languageStyle='LTR', name='Control_2_resp_recorded_text', opacity=1.0, ori=0, pos=array([0., 0.]), rgb=array([0., 0., 0.]), text='Response recorded!', units='height', win=Window(...), wrapWidth=1)
18.3383 	EXP 	Created Control_2_fixation_horz = Line(__class__=<class 'psychopy.visual.line.Line'>, autoDraw=False, autoLog=True, closeShape=False, contrast=1.0, depth=-10.0, fillColor=None, fillColorSpace=None, interpolate=True, lineColor='black', lineColorSpace='named', lineWidth=5, name='Control_2_fixation_horz', opacity=1.0, ori=array(0.), pos=array([0., 0.]), size=array([1., 1.]), units='height', vertices=ndarray(...), win=Window(...), windingRule=None)
18.3388 	EXP 	Created Control_2_fixation_vert = Line(__class__=<class 'psychopy.visual.line.Line'>, autoDraw=False, autoLog=True, closeShape=False, contrast=1.0, depth=-11.0, fillColor=None, fillColorSpace=None, interpolate=True, lineColor='black', lineColorSpace='named', lineWidth=5, name='Control_2_fixation_vert', opacity=1.0, ori=array(90.), pos=array([0., 0.]), size=array([1., 1.]), units='height', vertices=ndarray(...), win=Window(...), windingRule=None)
18.3426 	EXP 	Created Learning_3_instruction = TextStim(__class__=<class 'psychopy.visual.text.TextStim'>, alignHoriz=method-wrapper(...), alignText='center', alignVert=method-wrapper(...), anchorHoriz='center', anchorVert='center', antialias=True, autoLog=True, bold=False, color='black', colorSpace='named', contrast=1.0, depth=-1.0, flipHoriz=False, flipVert=False, font='Arial', fontFiles=[], height=0.075, italic=False, languageStyle='LTR', name='Learning_3_instruction', opacity=1.0, ori=0, pos=array([0., 0.]), rgb=array([0., 0., 0.]), text='Spatial Video!\n\nLearn the layout.', units='height', win=Window(...), wrapWidth=1)
18.3437 	EXP 	Created Learning_3_3 = TextStim(__class__=<class 'psychopy.visual.text.TextStim'>, alignHoriz=method-wrapper(...), alignText='center', alignVert=method-wrapper(...), anchorHoriz='center', anchorVert='center', antialias=True, autoLog=True, bold=False, color='black', colorSpace='named', contrast=1.0, depth=-2.0, flipHoriz=False, flipVert=False, font='Arial', fontFiles=[], height=0.075, italic=False, languageStyle='LTR', name='Learning_3_3', opacity=1.0, ori=0, pos=array([0., 0.]), rgb=array([0., 0., 0.]), text='3', units='height', win=Window(...), wrapWidth=1)
18.3448 	EXP 	Created Learning_3_2 = TextStim(__class__=<class 'psychopy.visual.text.TextStim'>, alignHoriz=method-wrapper(...), alignText='center', alignVert=method-wrapper(...), anchorHoriz='center', anchorVert='center', antialias=True, autoLog=True, bold=False, color='black', colorSpace='named', contrast=1.0, depth=-3.0, flipHoriz=False, flipVert=False, font='Arial', fontFiles=[], height=0.075, italic=False, languageStyle='LTR', name='Learning_3_2', opacity=1.0, ori=0, pos=array([0., 0.]), rgb=array([0., 0., 0.]), text='2', units='height', win=Window(...), wrapWidth=1)
18.3459 	EXP 	Created Learning_3_1 = TextStim(__class__=<class 'psychopy.visual.text.TextStim'>, alignHoriz=method-wrapper(...), alignText='center', alignVert=method-wrapper(...), anchorHoriz='center', anchorVert='center', antialias=True, autoLog=True, bold=False, color='black', colorSpace='named', contrast=1.0, depth=-4.0, flipHoriz=False, flipVert=False, font='Arial', fontFiles=[], height=0.075, italic=False, languageStyle='LTR', name='Learning_3_1', opacity=1.0, ori=0, pos=array([0., 0.]), rgb=array([0., 0., 0.]), text='1', units='height', win=Window(...), wrapWidth=1)
18.3460 	EXP 	Created Learning_3_video = MovieStim3(__class__=<class 'psychopy.visual.movie3.MovieStim3'>, autoLog=True, color=UNKNOWN, colorSpace=UNKNOWN, depth=-5.0, filename='./DSP_Videos/Learning/Learning_Normal.mp4', flipHoriz=False, flipVert=False, fps=UNKNOWN, interpolate=True, loop=False, name='Learning_3_video', noAudio=False, opacity=1.0, ori=method-wrapper(...), pos=array([0., 0.]), size=method-wrapper(...), units='pix', vframe_callback=UNKNOWN, volume=UNKNOWN, win=Window(...))
18.4513 	EXP 	Created Learning_3_fixation_horz = Line(__class__=<class 'psychopy.visual.line.Line'>, autoDraw=False, autoLog=True, closeShape=False, contrast=1.0, depth=-6.0, fillColor=None, fillColorSpace=None, interpolate=True, lineColor='black', lineColorSpace='named', lineWidth=5, name='Learning_3_fixation_horz', opacity=1.0, ori=array(0.), pos=array([0., 0.]), size=array([1., 1.]), units='height', vertices=ndarray(...), win=Window(...), windingRule=None)
18.4518 	EXP 	Created Learning_3_fixation_vert = Line(__class__=<class 'psychopy.visual.line.Line'>, autoDraw=False, autoLog=True, closeShape=False, contrast=1.0, depth=-7.0, fillColor=None, fillColorSpace=None, interpolate=True, lineColor='black', lineColorSpace='named', lineWidth=5, name='Learning_3_fixation_vert', opacity=1.0, ori=array(90.), pos=array([0., 0.]), size=array([1., 1.]), units='height', vertices=ndarray(...), win=Window(...), windingRule=None)
18.4540 	EXP 	Created Done_text = TextStim(__class__=<class 'psychopy.visual.text.TextStim'>, alignHoriz=method-wrapper(...), alignText='center', alignVert=method-wrapper(...), anchorHoriz='center', anchorVert='center', antialias=True, autoLog=True, bold=False, color='black', colorSpace='named', contrast=1.0, depth=-1.0, flipHoriz=False, flipVert=False, font='Arial', fontFiles=[], height=0.075, italic=False, languageStyle='LTR', name='Done_text', opacity=1.0, ori=0, pos=array([0., 0.]), rgb=array([0., 0., 0.]), text='Done!', units='height', win=Window(...), wrapWidth=1.5)
18.4870 	EXP 	Learning_1_video: autoLog = True
18.4870 	EXP 	Learning_1_video: movie = './DSP_Videos/Learning/Learning_Normal.mp4'
18.4870 	EXP 	Learning_1_video: size = array([1920., 1080.])
18.4870 	EXP 	Learning_1_video: ori = 0
18.4870 	EXP 	Control_1_video: autoLog = True
18.4870 	EXP 	Control_1_video: movie = './DSP_Videos/Control/Normal/Videos/Control_Route_1_Normal_A_000_same.mp4'
18.4870 	EXP 	Control_1_video: size = array([1920., 1080.])
18.4870 	EXP 	Control_1_video: ori = 0
18.4870 	EXP 	Learning_2_video: autoLog = True
18.4870 	EXP 	Learning_2_video: movie = './DSP_Videos/Learning/Learning_Normal.mp4'
18.4870 	EXP 	Learning_2_video: size = array([1920., 1080.])
18.4870 	EXP 	Learning_2_video: ori = 0
18.4870 	EXP 	Control_2_video: autoLog = True
18.4870 	EXP 	Control_2_video: movie = './DSP_Videos/Control/Normal/Videos/Control_Route_3_Normal_A_001_different.mp4'
18.4870 	EXP 	Control_2_video: size = array([1920., 1080.])
18.4870 	EXP 	Control_2_video: ori = 0
18.4870 	EXP 	Learning_3_video: autoLog = True
18.4870 	EXP 	Learning_3_video: movie = './DSP_Videos/Learning/Learning_Normal.mp4'
18.4870 	EXP 	Learning_3_video: size = array([1920., 1080.])
18.4870 	EXP 	Learning_3_video: ori = 0
18.4870 	EXP 	Ready_experimenter_text: autoDraw = True
82.9350 	EXP 	Created sequence: random, trialTypes=1, nReps=5, seed=None
82.9353 	EXP 	New trial (rep=0, index=0): None
82.9395 	DATA 	Keypress: return
82.9468 	EXP 	Ready_experimenter_text: autoDraw = False
82.9468 	EXP 	Alignment_background: autoDraw = True
82.9468 	EXP 	Alignment_image: autoDraw = True
82.9468 	EXP 	Alignment_background: autoDraw = False
82.9468 	EXP 	Alignment_image: autoDraw = False
82.9468 	EXP 	Button_text: autoDraw = True
83.9630 	EXP 	Button_text: autoDraw = False
83.9630 	EXP 	Index_text: autoDraw = True
85.7334 	DATA 	Keypress: y
85.7457 	EXP 	Index_text: autoDraw = False
85.7457 	EXP 	Middle_text: autoDraw = True
86.8190 	DATA 	Keypress: b
86.8345 	EXP 	Middle_text: autoDraw = False
86.8345 	EXP 	Repeat_text: autoDraw = True
88.2878 	DATA 	Keypress: n
88.2971 	EXP 	Repeat_text: autoDraw = False
88.2971 	EXP 	Ready_scanner_text: autoDraw = True
119.8178 	DATA 	Keypress: t
119.8294 	EXP 	Ready_scanner_text: autoDraw = False
119.8294 	EXP 	Learning_1_instruction: autoDraw = True
121.3130 	DATA 	Keypress: t
122.8107 	EXP 	Learning_1_3: autoDraw = True
122.8133 	DATA 	Keypress: t
122.8441 	EXP 	Learning_1_instruction: autoDraw = False
123.8111 	EXP 	Learning_1_3: autoDraw = False
123.8111 	EXP 	Learning_1_2: autoDraw = True
124.3140 	DATA 	Keypress: t
124.8110 	EXP 	Learning_1_2: autoDraw = False
124.8110 	EXP 	Learning_1_1: autoDraw = True
125.8063 	DATA 	Keypress: t
125.8141 	EXP 	Learning_1_1: autoDraw = False
125.8141 	EXP 	Learning_1_video: autoDraw = True
127.3058 	DATA 	Keypress: t
128.8057 	DATA 	Keypress: t
130.3056 	DATA 	Keypress: t
131.8047 	DATA 	Keypress: t
133.3061 	DATA 	Keypress: t
134.8065 	DATA 	Keypress: t
136.3053 	DATA 	Keypress: t
137.8062 	DATA 	Keypress: t
139.3064 	DATA 	Keypress: t
140.8057 	DATA 	Keypress: t
142.3058 	DATA 	Keypress: t
143.8070 	DATA 	Keypress: t
145.3060 	DATA 	Keypress: t
146.8055 	DATA 	Keypress: t
148.3056 	DATA 	Keypress: t
149.8057 	DATA 	Keypress: t
151.3064 	DATA 	Keypress: t
152.8064 	DATA 	Keypress: t
154.3057 	DATA 	Keypress: t
155.8064 	DATA 	Keypress: t
157.3059 	DATA 	Keypress: t
158.8059 	DATA 	Keypress: t
160.3063 	DATA 	Keypress: t
161.8056 	DATA 	Keypress: t
163.3060 	DATA 	Keypress: t
164.8049 	DATA 	Keypress: t
166.3050 	DATA 	Keypress: t
167.8045 	DATA 	Keypress: t
169.3060 	DATA 	Keypress: t
170.8063 	DATA 	Keypress: t
172.3065 	DATA 	Keypress: t
173.8060 	DATA 	Keypress: t
175.3066 	DATA 	Keypress: t
176.8065 	DATA 	Keypress: t
178.3047 	DATA 	Keypress: t
179.8214 	DATA 	Keypress: t
181.3060 	DATA 	Keypress: t
182.8054 	DATA 	Keypress: t
184.3059 	DATA 	Keypress: t
185.8014 	DATA 	Keypress: t
185.8122 	EXP 	Learning_1_video: autoDraw = False
185.8122 	EXP 	Learning_1_fixation_horz: autoDraw = True
185.8122 	EXP 	Learning_1_fixation_vert: autoDraw = True
187.3154 	DATA 	Keypress: t
188.8137 	DATA 	Keypress: t
190.3138 	DATA 	Keypress: t
191.8145 	DATA 	Keypress: t
193.3132 	DATA 	Keypress: t
194.8147 	DATA 	Keypress: t
196.3147 	DATA 	Keypress: t
197.8146 	DATA 	Keypress: t
199.3165 	DATA 	Keypress: t
200.8014 	DATA 	Keypress: t
200.8130 	EXP 	Learning_1_fixation_horz: autoDraw = False
200.8130 	EXP 	Learning_1_fixation_vert: autoDraw = False
200.8130 	EXP 	Learning_1_instruction: autoDraw = False
200.8130 	EXP 	Learning_1_3: autoDraw = False
200.8130 	EXP 	Learning_1_2: autoDraw = False
200.8130 	EXP 	Learning_1_1: autoDraw = False
200.8130 	EXP 	Learning_1_video: autoDraw = False
200.8130 	EXP 	Learning_1_fixation_horz: autoDraw = False
200.8130 	EXP 	Learning_1_fixation_vert: autoDraw = False
200.8130 	EXP 	Control_1_instruction: autoDraw = True
202.3162 	DATA 	Keypress: t
203.7948 	EXP 	Control_1_3: autoDraw = True
203.8145 	DATA 	Keypress: t
203.8283 	EXP 	Control_1_instruction: autoDraw = False
204.7950 	EXP 	Control_1_3: autoDraw = False
204.7950 	EXP 	Control_1_2: autoDraw = True
205.3150 	DATA 	Keypress: t
205.7961 	EXP 	Control_1_2: autoDraw = False
205.7961 	EXP 	Control_1_1: autoDraw = True
206.7948 	EXP 	Control_1_1: autoDraw = False
206.7948 	EXP 	Control_1_video: autoDraw = True
206.8231 	DATA 	Keypress: t
208.3073 	DATA 	Keypress: t
209.8055 	DATA 	Keypress: t
211.3061 	DATA 	Keypress: t
212.8050 	DATA 	Keypress: t
214.3052 	DATA 	Keypress: t
215.8065 	DATA 	Keypress: t
217.3062 	DATA 	Keypress: t
218.8215 	DATA 	Keypress: t
220.3066 	DATA 	Keypress: t
221.8066 	DATA 	Keypress: t
223.3050 	DATA 	Keypress: t
224.8066 	DATA 	Keypress: t
226.3054 	DATA 	Keypress: t
227.8062 	DATA 	Keypress: t
229.3066 	DATA 	Keypress: t
230.8049 	DATA 	Keypress: t
232.3049 	DATA 	Keypress: t
233.8063 	DATA 	Keypress: t
235.3064 	DATA 	Keypress: t
236.8054 	DATA 	Keypress: t
238.3051 	DATA 	Keypress: t
239.8069 	DATA 	Keypress: t
241.3052 	DATA 	Keypress: t
242.8065 	DATA 	Keypress: t
244.3050 	DATA 	Keypress: t
245.8061 	DATA 	Keypress: t
247.3051 	DATA 	Keypress: t
248.8057 	DATA 	Keypress: t
250.3052 	DATA 	Keypress: t
251.8065 	DATA 	Keypress: t
253.3044 	DATA 	Keypress: t
254.8064 	DATA 	Keypress: t
256.3063 	DATA 	Keypress: t
257.8067 	DATA 	Keypress: t
259.3059 	DATA 	Keypress: t
260.8065 	DATA 	Keypress: t
262.3063 	DATA 	Keypress: t
263.8066 	DATA 	Keypress: t
265.3044 	DATA 	Keypress: t
266.7828 	EXP 	Control_1_same_different_text: autoDraw = True
266.7975 	EXP 	Control_1_video: autoDraw = False
266.8014 	DATA 	Keypress: t
268.3151 	DATA 	Keypress: t
269.4382 	DATA 	Keypress: y
269.4650 	EXP 	Control_1_same_different_text: autoDraw = False
269.4650 	EXP 	Control_1_resp_recorded_text: autoDraw = True
269.8149 	DATA 	Keypress: t
271.3011 	DATA 	Keypress: t
272.8004 	DATA 	Keypress: t
274.3151 	DATA 	Keypress: t
275.8144 	DATA 	Keypress: t
276.7951 	EXP 	Control_1_resp_recorded_text: autoDraw = False
276.7951 	EXP 	Control_1_fixation_horz: autoDraw = True
276.7951 	EXP 	Control_1_fixation_vert: autoDraw = True
277.3150 	DATA 	Keypress: t
278.8152 	DATA 	Keypress: t
280.3164 	DATA 	Keypress: t
281.8153 	DATA 	Keypress: t
283.3156 	DATA 	Keypress: t
284.8152 	DATA 	Keypress: t
286.3054 	DATA 	Keypress: t
287.8150 	DATA 	Keypress: t
289.3004 	DATA 	Keypress: t
290.8162 	DATA 	Keypress: t
291.7964 	EXP 	Control_1_fixation_horz: autoDraw = False
291.7964 	EXP 	Control_1_fixation_vert: autoDraw = False
291.7964 	EXP 	Control_1_instruction: autoDraw = False
291.7964 	EXP 	Control_1_3: autoDraw = False
291.7964 	EXP 	Control_1_2: autoDraw = False
291.7964 	EXP 	Control_1_1: autoDraw = False
291.7964 	EXP 	Control_1_video: autoDraw = False
291.7964 	EXP 	Control_1_same_different_text: autoDraw = False
291.7964 	EXP 	Control_1_resp_recorded_text: autoDraw = False
291.7964 	EXP 	Control_1_fixation_horz: autoDraw = False
291.7964 	EXP 	Control_1_fixation_vert: autoDraw = False
291.7964 	EXP 	Learning_2_instruction: autoDraw = True
292.3141 	DATA 	Keypress: t
293.8150 	DATA 	Keypress: t
294.7786 	EXP 	Learning_2_3: autoDraw = True
294.7954 	EXP 	Learning_2_instruction: autoDraw = False
295.3153 	DATA 	Keypress: t
295.7780 	EXP 	Learning_2_3: autoDraw = False
295.7780 	EXP 	Learning_2_2: autoDraw = True
296.7851 	EXP 	Learning_2_2: autoDraw = False
296.7851 	EXP 	Learning_2_1: autoDraw = True
296.8079 	DATA 	Keypress: t
297.7802 	EXP 	Learning_2_video: autoDraw = True
297.7968 	EXP 	Learning_2_1: autoDraw = False
298.3053 	DATA 	Keypress: t
299.8060 	DATA 	Keypress: t
301.3067 	DATA 	Keypress: t
302.8064 	DATA 	Keypress: t
304.3073 	DATA 	Keypress: t
305.8072 	DATA 	Keypress: t
307.3207 	DATA 	Keypress: t
308.8050 	DATA 	Keypress: t
310.3066 	DATA 	Keypress: t
311.8068 	DATA 	Keypress: t
313.3063 	DATA 	Keypress: t
314.8072 	DATA 	Keypress: t
316.3050 	DATA 	Keypress: t
317.8056 	DATA 	Keypress: t
319.3064 	DATA 	Keypress: t
320.8066 	DATA 	Keypress: t
322.3055 	DATA 	Keypress: t
323.8058 	DATA 	Keypress: t
325.3069 	DATA 	Keypress: t
326.8074 	DATA 	Keypress: t
328.3067 	DATA 	Keypress: t
329.8072 	DATA 	Keypress: t
331.3070 	DATA 	Keypress: t
332.8078 	DATA 	Keypress: t
334.3069 	DATA 	Keypress: t
335.8069 	DATA 	Keypress: t
337.3056 	DATA 	Keypress: t
338.8074 	DATA 	Keypress: t
340.3052 	DATA 	Keypress: t
341.8076 	DATA 	Keypress: t
343.3071 	DATA 	Keypress: t
344.8068 	DATA 	Keypress: t
346.3066 	DATA 	Keypress: t
347.8048 	DATA 	Keypress: t
349.3064 	DATA 	Keypress: t
350.8056 	DATA 	Keypress: t
352.3054 	DATA 	Keypress: t
353.8082 	DATA 	Keypress: t
355.3081 	DATA 	Keypress: t
356.8062 	DATA 	Keypress: t
357.7667 	EXP 	Learning_2_fixation_horz: autoDraw = True
357.7667 	EXP 	Learning_2_fixation_vert: autoDraw = True
357.7806 	EXP 	Learning_2_video: autoDraw = False
358.3005 	DATA 	Keypress: t
359.8165 	DATA 	Keypress: t
361.3156 	DATA 	Keypress: t
362.8141 	DATA 	Keypress: t
364.3144 	DATA 	Keypress: t
365.8156 	DATA 	Keypress: t
367.3156 	DATA 	Keypress: t
368.8145 	DATA 	Keypress: t
370.3146 	DATA 	Keypress: t
371.8080 	DATA 	Keypress: t
372.7840 	EXP 	Learning_2_fixation_horz: autoDraw = False
372.7840 	EXP 	Learning_2_fixation_vert: autoDraw = False
372.7840 	EXP 	Learning_2_instruction: autoDraw = False
372.7840 	EXP 	Learning_2_3: autoDraw = False
372.7840 	EXP 	Learning_2_2: autoDraw = False
372.7840 	EXP 	Learning_2_1: autoDraw = False
372.7840 	EXP 	Learning_2_video: autoDraw = False
372.7840 	EXP 	Learning_2_fixation_horz: autoDraw = False
372.7840 	EXP 	Learning_2_fixation_vert: autoDraw = False
372.7840 	EXP 	Control_2_instruction: autoDraw = True
373.2999 	DATA 	Keypress: t
374.8149 	DATA 	Keypress: t
375.7618 	EXP 	Control_2_3: autoDraw = True
375.7952 	EXP 	Control_2_instruction: autoDraw = False
376.3139 	DATA 	Keypress: t
376.7625 	EXP 	Control_2_3: autoDraw = False
376.7625 	EXP 	Control_2_2: autoDraw = True
377.7631 	EXP 	Control_2_2: autoDraw = False
377.7631 	EXP 	Control_2_1: autoDraw = True
377.7991 	DATA 	Keypress: t
378.7524 	EXP 	Control_2_video: autoDraw = True
378.7684 	EXP 	Control_2_1: autoDraw = False
379.3061 	DATA 	Keypress: t
380.8079 	DATA 	Keypress: t
382.3063 	DATA 	Keypress: t
383.8084 	DATA 	Keypress: t
385.3061 	DATA 	Keypress: t
386.8079 	DATA 	Keypress: t
388.3093 	DATA 	Keypress: t
389.8068 	DATA 	Keypress: t
391.3077 	DATA 	Keypress: t
392.8083 	DATA 	Keypress: t
394.3059 	DATA 	Keypress: t
395.8071 	DATA 	Keypress: t
397.3066 	DATA 	Keypress: t
398.8062 	DATA 	Keypress: t
400.3073 	DATA 	Keypress: t
401.8074 	DATA 	Keypress: t
403.3078 	DATA 	Keypress: t
404.8077 	DATA 	Keypress: t
406.3079 	DATA 	Keypress: t
407.8085 	DATA 	Keypress: t
409.3037 	DATA 	Keypress: t
410.8065 	DATA 	Keypress: t
412.3070 	DATA 	Keypress: t
413.8073 	DATA 	Keypress: t
415.3079 	DATA 	Keypress: t
416.8071 	DATA 	Keypress: t
418.3085 	DATA 	Keypress: t
419.8077 	DATA 	Keypress: t
421.3078 	DATA 	Keypress: t
422.8072 	DATA 	Keypress: t
424.3066 	DATA 	Keypress: t
425.8060 	DATA 	Keypress: t
427.3085 	DATA 	Keypress: t
428.8075 	DATA 	Keypress: t
430.3062 	DATA 	Keypress: t
431.8061 	DATA 	Keypress: t
433.2991 	DATA 	Keypress: t
434.8075 	DATA 	Keypress: t
436.3080 	DATA 	Keypress: t
437.8066 	DATA 	Keypress: t
438.7502 	EXP 	Control_2_same_different_text: autoDraw = True
438.7650 	EXP 	Control_2_video: autoDraw = False
439.3009 	DATA 	Keypress: t
439.4665 	DATA 	Keypress: b
439.4972 	EXP 	Control_2_same_different_text: autoDraw = False
439.4972 	EXP 	Control_2_resp_recorded_text: autoDraw = True
440.8019 	DATA 	Keypress: t
442.3006 	DATA 	Keypress: t
443.8007 	DATA 	Keypress: t
445.3036 	DATA 	Keypress: t
446.8044 	DATA 	Keypress: t
448.3006 	DATA 	Keypress: t
448.7635 	EXP 	Control_2_resp_recorded_text: autoDraw = False
448.7635 	EXP 	Control_2_fixation_horz: autoDraw = True
448.7635 	EXP 	Control_2_fixation_vert: autoDraw = True
449.7992 	DATA 	Keypress: t
451.3202 	DATA 	Keypress: t
452.7986 	DATA 	Keypress: t
454.2986 	DATA 	Keypress: t
455.7992 	DATA 	Keypress: t
457.3016 	DATA 	Keypress: t
458.7986 	DATA 	Keypress: t
460.2991 	DATA 	Keypress: t
461.7995 	DATA 	Keypress: t
463.2989 	DATA 	Keypress: t
463.7639 	EXP 	Control_2_fixation_horz: autoDraw = False
463.7639 	EXP 	Control_2_fixation_vert: autoDraw = False
463.7639 	EXP 	Control_2_instruction: autoDraw = False
463.7639 	EXP 	Control_2_3: autoDraw = False
463.7639 	EXP 	Control_2_2: autoDraw = False
463.7639 	EXP 	Control_2_1: autoDraw = False
463.7639 	EXP 	Control_2_video: autoDraw = False
463.7639 	EXP 	Control_2_same_different_text: autoDraw = False
463.7639 	EXP 	Control_2_resp_recorded_text: autoDraw = False
463.7639 	EXP 	Control_2_fixation_horz: autoDraw = False
463.7639 	EXP 	Control_2_fixation_vert: autoDraw = False
463.7639 	EXP 	Learning_3_instruction: autoDraw = True
464.7993 	DATA 	Keypress: t
466.3146 	DATA 	Keypress: t
466.7463 	EXP 	Learning_3_3: autoDraw = True
466.7632 	EXP 	Learning_3_instruction: autoDraw = False
467.7458 	EXP 	Learning_3_3: autoDraw = False
467.7458 	EXP 	Learning_3_2: autoDraw = True
467.7985 	DATA 	Keypress: t
468.7466 	EXP 	Learning_3_2: autoDraw = False
468.7466 	EXP 	Learning_3_1: autoDraw = True
469.2989 	DATA 	Keypress: t
469.7464 	EXP 	Learning_3_1: autoDraw = False
469.7464 	EXP 	Learning_3_video: autoDraw = True
470.8084 	DATA 	Keypress: t
472.3078 	DATA 	Keypress: t
473.8095 	DATA 	Keypress: t
475.3077 	DATA 	Keypress: t
476.8074 	DATA 	Keypress: t
478.3077 	DATA 	Keypress: t
479.8091 	DATA 	Keypress: t
481.3062 	DATA 	Keypress: t
482.8081 	DATA 	Keypress: t
484.3190 	DATA 	Keypress: t
485.8089 	DATA 	Keypress: t
487.3092 	DATA 	Keypress: t
488.8092 	DATA 	Keypress: t
490.3075 	DATA 	Keypress: t
491.8078 	DATA 	Keypress: t
493.3077 	DATA 	Keypress: t
494.8082 	DATA 	Keypress: t
496.3076 	DATA 	Keypress: t
497.8073 	DATA 	Keypress: t
499.3079 	DATA 	Keypress: t
500.8086 	DATA 	Keypress: t
502.3078 	DATA 	Keypress: t
503.8085 	DATA 	Keypress: t
505.3070 	DATA 	Keypress: t
506.8082 	DATA 	Keypress: t
508.3081 	DATA 	Keypress: t
509.8084 	DATA 	Keypress: t
511.3082 	DATA 	Keypress: t
512.8085 	DATA 	Keypress: t
514.3086 	DATA 	Keypress: t
515.8085 	DATA 	Keypress: t
517.3085 	DATA 	Keypress: t
518.8069 	DATA 	Keypress: t
520.3087 	DATA 	Keypress: t
521.8078 	DATA 	Keypress: t
523.3077 	DATA 	Keypress: t
524.8070 	DATA 	Keypress: t
526.3074 	DATA 	Keypress: t
527.8079 	DATA 	Keypress: t
529.3021 	DATA 	Keypress: t
529.7343 	EXP 	Learning_3_fixation_horz: autoDraw = True
529.7343 	EXP 	Learning_3_fixation_vert: autoDraw = True
529.7478 	EXP 	Learning_3_video: autoDraw = False
530.7997 	DATA 	Keypress: t
532.2999 	DATA 	Keypress: t
533.7992 	DATA 	Keypress: t
535.2987 	DATA 	Keypress: t
536.7997 	DATA 	Keypress: t
538.2990 	DATA 	Keypress: t
539.7996 	DATA 	Keypress: t
541.2999 	DATA 	Keypress: t
542.7997 	DATA 	Keypress: t
544.2997 	DATA 	Keypress: t
544.7473 	EXP 	Learning_3_fixation_horz: autoDraw = False
544.7473 	EXP 	Learning_3_fixation_vert: autoDraw = False
544.7473 	EXP 	Learning_3_instruction: autoDraw = False
544.7473 	EXP 	Learning_3_3: autoDraw = False
544.7473 	EXP 	Learning_3_2: autoDraw = False
544.7473 	EXP 	Learning_3_1: autoDraw = False
544.7473 	EXP 	Learning_3_video: autoDraw = False
544.7473 	EXP 	Learning_3_fixation_horz: autoDraw = False
544.7473 	EXP 	Learning_3_fixation_vert: autoDraw = False
544.7473 	EXP 	Done_text: autoDraw = True
545.8047 	DATA 	Keypress: t
547.3002 	DATA 	Keypress: t
548.8022 	DATA 	Keypress: t
550.3006 	DATA 	Keypress: t
937.0696 	DATA 	Keypress: return
937.0988 	EXP 	Done_text: autoDraw = False
937.1010 	INFO 	saved data to 'C:\\Users\\Public\\Moore_fMRI\\DSP_PsychoPy\\data/11016_DSP_Bold_4_nor_D.csv'
937.1019 	INFO 	saved data to C:\Users\Public\Moore_fMRI\DSP_PsychoPy\data/11016_DSP_Bold_4_nor_D.psydat
937.1198 	EXP 	window1: mouseVisible = True
937.1202 	DEBUG 	Saving data for DSP_Bold ExperimentHandler
