0.6608 	WARNING 	We strongly recommend you activate the PTB sound engine in PsychoPy prefs as the preferred audio engine. Its timing is vastly superior. Your prefs are currently set to use ['sounddevice', 'PTB', 'pyo', 'pygame'] (in that order).
9.2881 	INFO 	Loaded monitor calibration from ['2021_09_24 13:53']
9.2908 	WARNING 	User requested fullscreen with size [1440  900], but screen is actually [1920, 1080]. Using actual size
12.0243 	EXP 	Created window1 = Window(allowGUI=False, allowStencil=False, autoLog=True, backendConf=UNKNOWN, bitsMode=UNKNOWN, blendMode='avg', bpc=(8, 8, 8), color=array([0.4, 0.4, 0.4]), colorSpace='rgb', depthBits=8, fullscr=<method-wrapper '__getattribute__' of attributeSetter object at 0x000002250EB46470>, gamma=None, gammaErrorPolicy='raise', lms=UNKNOWN, monitor=<psychopy.monitors.calibTools.Monitor object at 0x000002250EB59B70>, multiSample=False, name='window1', numSamples=2, pos=[0.0, 0.0], screen=0, size=array([1920, 1080]), stencilBits=0, stereo=False, units='height', useFBO=True, useRetina=False, viewOri=0.0, viewPos=None, viewScale=None, waitBlanking=True, winType='pyglet')
12.0248 	EXP 	window1: mouseVisible = True
12.0249 	EXP 	window1: recordFrameIntervals = False
12.1895 	EXP 	window1: recordFrameIntervals = True
12.3728 	DEBUG 	Screen (0) actual frame rate measured at 60.05
12.3728 	EXP 	window1: recordFrameIntervals = False
12.5005 	EXP 	Created Ready_experimenter_text = TextStim(__class__=<class 'psychopy.visual.text.TextStim'>, alignHoriz=method-wrapper(...), alignText='center', alignVert=method-wrapper(...), anchorHoriz='center', anchorVert='center', antialias=True, autoLog=True, bold=False, color=array([-1, -1, -1]), colorSpace='rgb', contrast=1.0, depth=0.0, flipHoriz=False, flipVert=False, font='Arial', fontFiles=[], height=0.075, italic=False, languageStyle='LTR', name='Ready_experimenter_text', opacity=1, ori=0, pos=array([0., 0.]), rgb=UNKNOWN, text='Waiting for the experimenter…', units='height', win=Window(...), wrapWidth=1.5)
12.5006 	EXP 	window1: mouseVisible = False
12.5098 	EXP 	Created Learning_instruction = TextStim(__class__=<class 'psychopy.visual.text.TextStim'>, alignHoriz=method-wrapper(...), alignText='center', alignVert=method-wrapper(...), anchorHoriz='center', anchorVert='center', antialias=True, autoLog=True, bold=False, color=array([-1, -1, -1]), colorSpace='rgb', contrast=1.0, depth=-1.0, flipHoriz=False, flipVert=False, font='Arial', fontFiles=[], height=0.075, italic=False, languageStyle='LTR', name='Learning_instruction', opacity=1, ori=0, pos=array([0., 0.]), rgb=UNKNOWN, text='Spatial Video!\n\nLearn the layout.', units='height', win=Window(...), wrapWidth=1)
12.5118 	EXP 	Created Learning_3 = TextStim(__class__=<class 'psychopy.visual.text.TextStim'>, alignHoriz=method-wrapper(...), alignText='center', alignVert=method-wrapper(...), anchorHoriz='center', anchorVert='center', antialias=True, autoLog=True, bold=False, color=array([-1, -1, -1]), colorSpace='rgb', contrast=1.0, depth=-2.0, flipHoriz=False, flipVert=False, font='Arial', fontFiles=[], height=0.075, italic=False, languageStyle='LTR', name='Learning_3', opacity=1, ori=0, pos=array([0., 0.]), rgb=UNKNOWN, text='3', units='height', win=Window(...), wrapWidth=1)
12.5138 	EXP 	Created Learning_2 = TextStim(__class__=<class 'psychopy.visual.text.TextStim'>, alignHoriz=method-wrapper(...), alignText='center', alignVert=method-wrapper(...), anchorHoriz='center', anchorVert='center', antialias=True, autoLog=True, bold=False, color=array([-1, -1, -1]), colorSpace='rgb', contrast=1.0, depth=-3.0, flipHoriz=False, flipVert=False, font='Arial', fontFiles=[], height=0.075, italic=False, languageStyle='LTR', name='Learning_2', opacity=1, ori=0, pos=array([0., 0.]), rgb=UNKNOWN, text='2', units='height', win=Window(...), wrapWidth=1)
12.5157 	EXP 	Created Learning_1 = TextStim(__class__=<class 'psychopy.visual.text.TextStim'>, alignHoriz=method-wrapper(...), alignText='center', alignVert=method-wrapper(...), anchorHoriz='center', anchorVert='center', antialias=True, autoLog=True, bold=False, color=array([-1, -1, -1]), colorSpace='rgb', contrast=1.0, depth=-4.0, flipHoriz=False, flipVert=False, font='Arial', fontFiles=[], height=0.075, italic=False, languageStyle='LTR', name='Learning_1', opacity=1, ori=0, pos=array([0., 0.]), rgb=UNKNOWN, text='1', units='height', win=Window(...), wrapWidth=1)
12.6109 	EXP 	Created Learning_video = MovieStim3(__class__=<class 'psychopy.visual.movie3.MovieStim3'>, autoLog=True, color=UNKNOWN, colorSpace=UNKNOWN, depth=-5.0, filename='./DSP_Videos/Learning/Learning_Normal.mp4', flipHoriz=False, flipVert=False, fps=UNKNOWN, interpolate=True, loop=False, name='Learning_video', noAudio=True, opacity=1, ori=method-wrapper(...), pos=array([0., 0.]), size=method-wrapper(...), units='pix', vframe_callback=UNKNOWN, volume=UNKNOWN, win=Window(...))
12.7219 	EXP 	Created Done_text = TextStim(__class__=<class 'psychopy.visual.text.TextStim'>, alignHoriz=method-wrapper(...), alignText='center', alignVert=method-wrapper(...), anchorHoriz='center', anchorVert='center', antialias=True, autoLog=True, bold=False, color=array([-1, -1, -1]), colorSpace='rgb', contrast=1.0, depth=0.0, flipHoriz=False, flipVert=False, font='Arial', fontFiles=[], height=0.075, italic=False, languageStyle='LTR', name='Done_text', opacity=1, ori=0, pos=array([0., 0.]), rgb=UNKNOWN, text='Done!', units='height', win=Window(...), wrapWidth=1.5)
12.7512 	EXP 	Learning_video: autoLog = True
12.7512 	EXP 	Learning_video: movie = './DSP_Videos/Learning/Learning_Normal.mp4'
12.7512 	EXP 	Learning_video: size = array([1920., 1080.])
12.7512 	EXP 	Learning_video: ori = 0
12.7512 	EXP 	Ready_experimenter_text: autoDraw = True
13.5663 	DATA 	Keypress: return
13.5726 	EXP 	Ready_experimenter_text: autoDraw = False
13.5726 	EXP 	Learning_instruction: autoDraw = True
16.5561 	EXP 	Learning_3: autoDraw = True
16.5728 	EXP 	Learning_instruction: autoDraw = False
17.5561 	EXP 	Learning_3: autoDraw = False
17.5561 	EXP 	Learning_2: autoDraw = True
18.5560 	EXP 	Learning_2: autoDraw = False
18.5560 	EXP 	Learning_1: autoDraw = True
19.5565 	EXP 	Learning_1: autoDraw = False
19.5565 	EXP 	Learning_video: autoDraw = True
79.5562 	EXP 	Learning_video: autoDraw = False
79.5562 	EXP 	Learning_instruction: autoDraw = False
79.5562 	EXP 	Learning_3: autoDraw = False
79.5562 	EXP 	Learning_2: autoDraw = False
79.5562 	EXP 	Learning_1: autoDraw = False
79.5562 	EXP 	Learning_video: autoDraw = False
79.5562 	EXP 	Done_text: autoDraw = True
90.1937 	DATA 	Keypress: return
90.2065 	EXP 	Done_text: autoDraw = False
90.2076 	INFO 	saved data to 'C:\\Users\\Public\\Moore_fMRI\\DSP_PsychoPy\\data/12016_DSP_Encoding_Refresher_nor.csv'
90.2083 	INFO 	saved data to C:\Users\Public\Moore_fMRI\DSP_PsychoPy\data/12016_DSP_Encoding_Refresher_nor.psydat
91.8043 	EXP 	window1: mouseVisible = True
91.8045 	DEBUG 	Saving data for DSP_Encoding_Refresher ExperimentHandler
