0.6525 	WARNING 	We strongly recommend you activate the PTB sound engine in PsychoPy prefs as the preferred audio engine. Its timing is vastly superior. Your prefs are currently set to use ['sounddevice', 'PTB', 'pyo', 'pygame'] (in that order).
9.9251 	INFO 	Loaded monitor calibration from ['2021_09_24 13:53']
9.9283 	WARNING 	User requested fullscreen with size [1440  900], but screen is actually [1920, 1080]. Using actual size
12.6650 	EXP 	Created window1 = Window(allowGUI=False, allowStencil=False, autoLog=True, backendConf=UNKNOWN, bitsMode=UNKNOWN, blendMode='avg', bpc=(8, 8, 8), color=array([0.4, 0.4, 0.4]), colorSpace='rgb', depthBits=8, fullscr=<method-wrapper '__getattribute__' of attributeSetter object at 0x0000023119DC5470>, gamma=None, gammaErrorPolicy='raise', lms=UNKNOWN, monitor=<psychopy.monitors.calibTools.Monitor object at 0x0000023119DD8B70>, multiSample=False, name='window1', numSamples=2, pos=[0.0, 0.0], screen=0, size=array([1920, 1080]), stencilBits=0, stereo=False, units='height', useFBO=True, useRetina=False, viewOri=0.0, viewPos=None, viewScale=None, waitBlanking=True, winType='pyglet')
12.6655 	EXP 	window1: mouseVisible = True
12.6656 	EXP 	window1: recordFrameIntervals = False
12.8303 	EXP 	window1: recordFrameIntervals = True
13.0136 	DEBUG 	Screen (0) actual frame rate measured at 60.03
13.0136 	EXP 	window1: recordFrameIntervals = False
13.1425 	EXP 	Created Ready_experimenter_text = TextStim(__class__=<class 'psychopy.visual.text.TextStim'>, alignHoriz=method-wrapper(...), alignText='center', alignVert=method-wrapper(...), anchorHoriz='center', anchorVert='center', antialias=True, autoLog=True, bold=False, color=array([-1, -1, -1]), colorSpace='rgb', contrast=1.0, depth=0.0, flipHoriz=False, flipVert=False, font='Arial', fontFiles=[], height=0.075, italic=False, languageStyle='LTR', name='Ready_experimenter_text', opacity=1, ori=0, pos=array([0., 0.]), rgb=UNKNOWN, text='Waiting for the experimenter…', units='height', win=Window(...), wrapWidth=1.5)
13.1426 	EXP 	window1: mouseVisible = False
13.1517 	EXP 	Created Learning_instruction = TextStim(__class__=<class 'psychopy.visual.text.TextStim'>, alignHoriz=method-wrapper(...), alignText='center', alignVert=method-wrapper(...), anchorHoriz='center', anchorVert='center', antialias=True, autoLog=True, bold=False, color=array([-1, -1, -1]), colorSpace='rgb', contrast=1.0, depth=-1.0, flipHoriz=False, flipVert=False, font='Arial', fontFiles=[], height=0.075, italic=False, languageStyle='LTR', name='Learning_instruction', opacity=1, ori=0, pos=array([0., 0.]), rgb=UNKNOWN, text='Spatial Video!\n\nLearn the layout.', units='height', win=Window(...), wrapWidth=1)
13.1538 	EXP 	Created Learning_3 = TextStim(__class__=<class 'psychopy.visual.text.TextStim'>, alignHoriz=method-wrapper(...), alignText='center', alignVert=method-wrapper(...), anchorHoriz='center', anchorVert='center', antialias=True, autoLog=True, bold=False, color=array([-1, -1, -1]), colorSpace='rgb', contrast=1.0, depth=-2.0, flipHoriz=False, flipVert=False, font='Arial', fontFiles=[], height=0.075, italic=False, languageStyle='LTR', name='Learning_3', opacity=1, ori=0, pos=array([0., 0.]), rgb=UNKNOWN, text='3', units='height', win=Window(...), wrapWidth=1)
13.1557 	EXP 	Created Learning_2 = TextStim(__class__=<class 'psychopy.visual.text.TextStim'>, alignHoriz=method-wrapper(...), alignText='center', alignVert=method-wrapper(...), anchorHoriz='center', anchorVert='center', antialias=True, autoLog=True, bold=False, color=array([-1, -1, -1]), colorSpace='rgb', contrast=1.0, depth=-3.0, flipHoriz=False, flipVert=False, font='Arial', fontFiles=[], height=0.075, italic=False, languageStyle='LTR', name='Learning_2', opacity=1, ori=0, pos=array([0., 0.]), rgb=UNKNOWN, text='2', units='height', win=Window(...), wrapWidth=1)
13.1576 	EXP 	Created Learning_1 = TextStim(__class__=<class 'psychopy.visual.text.TextStim'>, alignHoriz=method-wrapper(...), alignText='center', alignVert=method-wrapper(...), anchorHoriz='center', anchorVert='center', antialias=True, autoLog=True, bold=False, color=array([-1, -1, -1]), colorSpace='rgb', contrast=1.0, depth=-4.0, flipHoriz=False, flipVert=False, font='Arial', fontFiles=[], height=0.075, italic=False, languageStyle='LTR', name='Learning_1', opacity=1, ori=0, pos=array([0., 0.]), rgb=UNKNOWN, text='1', units='height', win=Window(...), wrapWidth=1)
13.2537 	EXP 	Created Learning_video = MovieStim3(__class__=<class 'psychopy.visual.movie3.MovieStim3'>, autoLog=True, color=UNKNOWN, colorSpace=UNKNOWN, depth=-5.0, filename='./DSP_Videos/Learning/Learning_Alternate.mp4', flipHoriz=False, flipVert=False, fps=UNKNOWN, interpolate=True, loop=False, name='Learning_video', noAudio=True, opacity=1, ori=method-wrapper(...), pos=array([0., 0.]), size=method-wrapper(...), units='pix', vframe_callback=UNKNOWN, volume=UNKNOWN, win=Window(...))
13.3568 	EXP 	Created Done_text = TextStim(__class__=<class 'psychopy.visual.text.TextStim'>, alignHoriz=method-wrapper(...), alignText='center', alignVert=method-wrapper(...), anchorHoriz='center', anchorVert='center', antialias=True, autoLog=True, bold=False, color=array([-1, -1, -1]), colorSpace='rgb', contrast=1.0, depth=0.0, flipHoriz=False, flipVert=False, font='Arial', fontFiles=[], height=0.075, italic=False, languageStyle='LTR', name='Done_text', opacity=1, ori=0, pos=array([0., 0.]), rgb=UNKNOWN, text='Done!', units='height', win=Window(...), wrapWidth=1.5)
13.3871 	EXP 	Learning_video: autoLog = True
13.3871 	EXP 	Learning_video: movie = './DSP_Videos/Learning/Learning_Alternate.mp4'
13.3871 	EXP 	Learning_video: size = array([1920., 1080.])
13.3871 	EXP 	Learning_video: ori = 0
13.3871 	EXP 	Ready_experimenter_text: autoDraw = True
14.1244 	DATA 	Keypress: return
14.1298 	EXP 	Ready_experimenter_text: autoDraw = False
14.1298 	EXP 	Learning_instruction: autoDraw = True
17.1135 	EXP 	Learning_3: autoDraw = True
17.1302 	EXP 	Learning_instruction: autoDraw = False
18.1134 	EXP 	Learning_3: autoDraw = False
18.1134 	EXP 	Learning_2: autoDraw = True
19.1134 	EXP 	Learning_2: autoDraw = False
19.1134 	EXP 	Learning_1: autoDraw = True
20.1254 	EXP 	Learning_1: autoDraw = False
20.1254 	EXP 	Learning_video: autoDraw = True
80.1303 	EXP 	Learning_video: autoDraw = False
80.1303 	EXP 	Learning_instruction: autoDraw = False
80.1303 	EXP 	Learning_3: autoDraw = False
80.1303 	EXP 	Learning_2: autoDraw = False
80.1303 	EXP 	Learning_1: autoDraw = False
80.1303 	EXP 	Learning_video: autoDraw = False
80.1303 	EXP 	Done_text: autoDraw = True
84.2009 	DATA 	Keypress: return
84.2137 	EXP 	Done_text: autoDraw = False
84.2149 	INFO 	saved data to 'C:\\Users\\Public\\Moore_fMRI\\DSP_PsychoPy\\data/22008_DSP_Encoding_Refresher_alt.csv'
84.2156 	INFO 	saved data to C:\Users\Public\Moore_fMRI\DSP_PsychoPy\data/22008_DSP_Encoding_Refresher_alt.psydat
85.8122 	EXP 	window1: mouseVisible = True
85.8124 	DEBUG 	Saving data for DSP_Encoding_Refresher ExperimentHandler
