0.6556 	WARNING 	We strongly recommend you activate the PTB sound engine in PsychoPy prefs as the preferred audio engine. Its timing is vastly superior. Your prefs are currently set to use ['sounddevice', 'PTB', 'pyo', 'pygame'] (in that order).
18.6346 	INFO 	Loaded monitor calibration from ['2021_09_24 13:53']
18.6377 	WARNING 	User requested fullscreen with size [1440  900], but screen is actually [1920, 1080]. Using actual size
21.4122 	EXP 	Created window1 = Window(allowGUI=False, allowStencil=False, autoLog=True, backendConf=UNKNOWN, bitsMode=UNKNOWN, blendMode='avg', bpc=(8, 8, 8), color=array([0.4, 0.4, 0.4]), colorSpace='rgb', depthBits=8, fullscr=<method-wrapper '__getattribute__' of attributeSetter object at 0x0000022E5D6CF5F8>, gamma=None, gammaErrorPolicy='raise', lms=UNKNOWN, monitor=<psychopy.monitors.calibTools.Monitor object at 0x0000022E5D5EBCC0>, multiSample=False, name='window1', numSamples=2, pos=[0.0, 0.0], screen=0, size=array([1920, 1080]), stencilBits=0, stereo=False, units='height', useFBO=True, useRetina=False, viewOri=0.0, viewPos=None, viewScale=None, waitBlanking=True, winType='pyglet')
21.4127 	EXP 	window1: mouseVisible = True
21.4128 	EXP 	window1: recordFrameIntervals = False
21.5771 	EXP 	window1: recordFrameIntervals = True
21.7609 	DEBUG 	Screen (0) actual frame rate measured at 60.02
21.7609 	EXP 	window1: recordFrameIntervals = False
21.9661 	EXP 	Created Ready_experimenter_text = TextStim(__class__=<class 'psychopy.visual.text.TextStim'>, alignHoriz=method-wrapper(...), alignText='center', alignVert=method-wrapper(...), anchorHoriz='center', anchorVert='center', antialias=True, autoLog=True, bold=False, color=array([-1, -1, -1]), colorSpace='rgb', contrast=1.0, depth=0.0, flipHoriz=False, flipVert=False, font='Arial', fontFiles=[], height=0.075, italic=False, languageStyle='LTR', name='Ready_experimenter_text', opacity=1, ori=0, pos=array([0., 0.]), rgb=UNKNOWN, text='Waiting for the experimenter…', units='height', win=Window(...), wrapWidth=1.5)
21.9662 	EXP 	window1: mouseVisible = False
21.9753 	EXP 	Created Learning_instruction = TextStim(__class__=<class 'psychopy.visual.text.TextStim'>, alignHoriz=method-wrapper(...), alignText='center', alignVert=method-wrapper(...), anchorHoriz='center', anchorVert='center', antialias=True, autoLog=True, bold=False, color=array([-1, -1, -1]), colorSpace='rgb', contrast=1.0, depth=-1.0, flipHoriz=False, flipVert=False, font='Arial', fontFiles=[], height=0.075, italic=False, languageStyle='LTR', name='Learning_instruction', opacity=1, ori=0, pos=array([0., 0.]), rgb=UNKNOWN, text='Spatial Video!\n\nLearn the layout.', units='height', win=Window(...), wrapWidth=1)
21.9773 	EXP 	Created Learning_3 = TextStim(__class__=<class 'psychopy.visual.text.TextStim'>, alignHoriz=method-wrapper(...), alignText='center', alignVert=method-wrapper(...), anchorHoriz='center', anchorVert='center', antialias=True, autoLog=True, bold=False, color=array([-1, -1, -1]), colorSpace='rgb', contrast=1.0, depth=-2.0, flipHoriz=False, flipVert=False, font='Arial', fontFiles=[], height=0.075, italic=False, languageStyle='LTR', name='Learning_3', opacity=1, ori=0, pos=array([0., 0.]), rgb=UNKNOWN, text='3', units='height', win=Window(...), wrapWidth=1)
21.9792 	EXP 	Created Learning_2 = TextStim(__class__=<class 'psychopy.visual.text.TextStim'>, alignHoriz=method-wrapper(...), alignText='center', alignVert=method-wrapper(...), anchorHoriz='center', anchorVert='center', antialias=True, autoLog=True, bold=False, color=array([-1, -1, -1]), colorSpace='rgb', contrast=1.0, depth=-3.0, flipHoriz=False, flipVert=False, font='Arial', fontFiles=[], height=0.075, italic=False, languageStyle='LTR', name='Learning_2', opacity=1, ori=0, pos=array([0., 0.]), rgb=UNKNOWN, text='2', units='height', win=Window(...), wrapWidth=1)
21.9811 	EXP 	Created Learning_1 = TextStim(__class__=<class 'psychopy.visual.text.TextStim'>, alignHoriz=method-wrapper(...), alignText='center', alignVert=method-wrapper(...), anchorHoriz='center', anchorVert='center', antialias=True, autoLog=True, bold=False, color=array([-1, -1, -1]), colorSpace='rgb', contrast=1.0, depth=-4.0, flipHoriz=False, flipVert=False, font='Arial', fontFiles=[], height=0.075, italic=False, languageStyle='LTR', name='Learning_1', opacity=1, ori=0, pos=array([0., 0.]), rgb=UNKNOWN, text='1', units='height', win=Window(...), wrapWidth=1)
22.0755 	EXP 	Created Learning_video = MovieStim3(__class__=<class 'psychopy.visual.movie3.MovieStim3'>, autoLog=True, color=UNKNOWN, colorSpace=UNKNOWN, depth=-5.0, filename='./DSP_Videos/Learning/Learning_Normal.mp4', flipHoriz=False, flipVert=False, fps=UNKNOWN, interpolate=True, loop=False, name='Learning_video', noAudio=True, opacity=1, ori=method-wrapper(...), pos=array([0., 0.]), size=method-wrapper(...), units='pix', vframe_callback=UNKNOWN, volume=UNKNOWN, win=Window(...))
22.1863 	EXP 	Created Done_text = TextStim(__class__=<class 'psychopy.visual.text.TextStim'>, alignHoriz=method-wrapper(...), alignText='center', alignVert=method-wrapper(...), anchorHoriz='center', anchorVert='center', antialias=True, autoLog=True, bold=False, color=array([-1, -1, -1]), colorSpace='rgb', contrast=1.0, depth=0.0, flipHoriz=False, flipVert=False, font='Arial', fontFiles=[], height=0.075, italic=False, languageStyle='LTR', name='Done_text', opacity=1, ori=0, pos=array([0., 0.]), rgb=UNKNOWN, text='Done!', units='height', win=Window(...), wrapWidth=1.5)
22.2160 	EXP 	Learning_video: autoLog = True
22.2160 	EXP 	Learning_video: movie = './DSP_Videos/Learning/Learning_Normal.mp4'
22.2160 	EXP 	Learning_video: size = array([1920., 1080.])
22.2160 	EXP 	Learning_video: ori = 0
22.2160 	EXP 	Ready_experimenter_text: autoDraw = True
25.5547 	DATA 	Keypress: return
25.5602 	EXP 	Ready_experimenter_text: autoDraw = False
25.5602 	EXP 	Learning_instruction: autoDraw = True
28.5439 	EXP 	Learning_3: autoDraw = True
28.5606 	EXP 	Learning_instruction: autoDraw = False
29.5438 	EXP 	Learning_3: autoDraw = False
29.5438 	EXP 	Learning_2: autoDraw = True
30.5438 	EXP 	Learning_2: autoDraw = False
30.5438 	EXP 	Learning_1: autoDraw = True
31.5566 	EXP 	Learning_1: autoDraw = False
31.5566 	EXP 	Learning_video: autoDraw = True
91.5607 	EXP 	Learning_video: autoDraw = False
91.5607 	EXP 	Learning_instruction: autoDraw = False
91.5607 	EXP 	Learning_3: autoDraw = False
91.5607 	EXP 	Learning_2: autoDraw = False
91.5607 	EXP 	Learning_1: autoDraw = False
91.5607 	EXP 	Learning_video: autoDraw = False
91.5607 	EXP 	Done_text: autoDraw = True
94.3655 	DATA 	Keypress: return
94.3774 	EXP 	Done_text: autoDraw = False
94.3785 	INFO 	saved data to 'C:\\Users\\Public\\Moore_fMRI\\DSP_PsychoPy\\data/22011_DSP_Encoding_Refresher_nor.csv'
94.3792 	INFO 	saved data to C:\Users\Public\Moore_fMRI\DSP_PsychoPy\data/22011_DSP_Encoding_Refresher_nor.psydat
95.9458 	EXP 	window1: mouseVisible = True
95.9462 	DEBUG 	Saving data for DSP_Encoding_Refresher ExperimentHandler
