0.6485 	WARNING 	We strongly recommend you activate the PTB sound engine in PsychoPy prefs as the preferred audio engine. Its timing is vastly superior. Your prefs are currently set to use ['sounddevice', 'PTB', 'pyo', 'pygame'] (in that order).
11.1734 	INFO 	Loaded monitor calibration from ['2021_09_24 13:53']
11.1764 	WARNING 	User requested fullscreen with size [1536  864], but screen is actually [1920, 1080]. Using actual size
14.3746 	EXP 	Created window1 = Window(allowGUI=False, allowStencil=False, autoLog=True, backendConf=UNKNOWN, bitsMode=UNKNOWN, blendMode='avg', bpc=(8, 8, 8), color=array([0.4, 0.4, 0.4]), colorSpace='rgb', depthBits=8, fullscr=<method-wrapper '__getattribute__' of attributeSetter object at 0x0000016718DBFB00>, gamma=None, gammaErrorPolicy='raise', lms=UNKNOWN, monitor=<psychopy.monitors.calibTools.Monitor object at 0x0000016718D9B240>, multiSample=False, name='window1', numSamples=2, pos=[0.0, 0.0], screen=0, size=array([1920, 1080]), stencilBits=0, stereo=False, units='height', useFBO=True, useRetina=False, viewOri=0.0, viewPos=None, viewScale=None, waitBlanking=True, winType='pyglet')
14.3751 	EXP 	window1: mouseVisible = True
14.3751 	EXP 	window1: recordFrameIntervals = False
14.5394 	EXP 	window1: recordFrameIntervals = True
14.7229 	DEBUG 	Screen (0) actual frame rate measured at 59.99
14.7229 	EXP 	window1: recordFrameIntervals = False
15.0166 	EXP 	Created Ready_experimenter_text = TextStim(__class__=<class 'psychopy.visual.text.TextStim'>, alignHoriz=method-wrapper(...), alignText='center', alignVert=method-wrapper(...), anchorHoriz='center', anchorVert='center', antialias=True, autoLog=True, bold=False, color=array([-1, -1, -1]), colorSpace='rgb', contrast=1.0, depth=0.0, flipHoriz=False, flipVert=False, font='Arial', fontFiles=[], height=0.075, italic=False, languageStyle='LTR', name='Ready_experimenter_text', opacity=1, ori=0, pos=array([0., 0.]), rgb=UNKNOWN, text='Waiting for the experimenter…', units='height', win=Window(...), wrapWidth=1.5)
15.0167 	EXP 	window1: mouseVisible = False
15.0257 	EXP 	Created Learning_1_instruction = TextStim(__class__=<class 'psychopy.visual.text.TextStim'>, alignHoriz=method-wrapper(...), alignText='center', alignVert=method-wrapper(...), anchorHoriz='center', anchorVert='center', antialias=True, autoLog=True, bold=False, color=array([-1, -1, -1]), colorSpace='rgb', contrast=1.0, depth=-1.0, flipHoriz=False, flipVert=False, font='Arial', fontFiles=[], height=0.075, italic=False, languageStyle='LTR', name='Learning_1_instruction', opacity=1, ori=0, pos=array([0., 0.]), rgb=UNKNOWN, text='Spatial Video!\n\nLearn the layout.', units='height', win=Window(...), wrapWidth=1.5)
15.0278 	EXP 	Created Learning_1_3 = TextStim(__class__=<class 'psychopy.visual.text.TextStim'>, alignHoriz=method-wrapper(...), alignText='center', alignVert=method-wrapper(...), anchorHoriz='center', anchorVert='center', antialias=True, autoLog=True, bold=False, color=array([-1, -1, -1]), colorSpace='rgb', contrast=1.0, depth=-2.0, flipHoriz=False, flipVert=False, font='Arial', fontFiles=[], height=0.075, italic=False, languageStyle='LTR', name='Learning_1_3', opacity=1, ori=0, pos=array([0., 0.]), rgb=UNKNOWN, text='3', units='height', win=Window(...), wrapWidth=1)
15.0297 	EXP 	Created Learning_1_2 = TextStim(__class__=<class 'psychopy.visual.text.TextStim'>, alignHoriz=method-wrapper(...), alignText='center', alignVert=method-wrapper(...), anchorHoriz='center', anchorVert='center', antialias=True, autoLog=True, bold=False, color=array([-1, -1, -1]), colorSpace='rgb', contrast=1.0, depth=-3.0, flipHoriz=False, flipVert=False, font='Arial', fontFiles=[], height=0.075, italic=False, languageStyle='LTR', name='Learning_1_2', opacity=1, ori=0, pos=array([0., 0.]), rgb=UNKNOWN, text='2', units='height', win=Window(...), wrapWidth=1)
15.0317 	EXP 	Created Learning_1_1 = TextStim(__class__=<class 'psychopy.visual.text.TextStim'>, alignHoriz=method-wrapper(...), alignText='center', alignVert=method-wrapper(...), anchorHoriz='center', anchorVert='center', antialias=True, autoLog=True, bold=False, color=array([-1, -1, -1]), colorSpace='rgb', contrast=1.0, depth=-4.0, flipHoriz=False, flipVert=False, font='Arial', fontFiles=[], height=0.075, italic=False, languageStyle='LTR', name='Learning_1_1', opacity=1, ori=0, pos=array([0., 0.]), rgb=UNKNOWN, text='1', units='height', win=Window(...), wrapWidth=1)
15.2531 	EXP 	Created Learning_1_video = MovieStim3(__class__=<class 'psychopy.visual.movie3.MovieStim3'>, autoLog=True, color=UNKNOWN, colorSpace=UNKNOWN, depth=-5.0, filename='./DSP_Videos/Learning/Learning_Alternate.mp4', flipHoriz=False, flipVert=False, fps=UNKNOWN, interpolate=True, loop=False, name='Learning_1_video', noAudio=True, opacity=1, ori=method-wrapper(...), pos=array([0., 0.]), size=method-wrapper(...), units='pix', vframe_callback=UNKNOWN, volume=UNKNOWN, win=Window(...))
15.3629 	EXP 	Created Learning_2_5_instruction = TextStim(__class__=<class 'psychopy.visual.text.TextStim'>, alignHoriz=method-wrapper(...), alignText='center', alignVert=method-wrapper(...), anchorHoriz='center', anchorVert='center', antialias=True, autoLog=True, bold=False, color=array([-1, -1, -1]), colorSpace='rgb', contrast=1.0, depth=-1.0, flipHoriz=False, flipVert=False, font='Arial', fontFiles=[], height=0.075, italic=False, languageStyle='LTR', name='Learning_2_5_instruction', opacity=1, ori=0, pos=array([0., 0.]), rgb=UNKNOWN, text='Spatial Video!\n\nLearn the layout.', units='height', win=Window(...), wrapWidth=1.5)
15.3642 	EXP 	Created Learning_2_5_3 = TextStim(__class__=<class 'psychopy.visual.text.TextStim'>, alignHoriz=method-wrapper(...), alignText='center', alignVert=method-wrapper(...), anchorHoriz='center', anchorVert='center', antialias=True, autoLog=True, bold=False, color=array([-1, -1, -1]), colorSpace='rgb', contrast=1.0, depth=-2.0, flipHoriz=False, flipVert=False, font='Arial', fontFiles=[], height=0.075, italic=False, languageStyle='LTR', name='Learning_2_5_3', opacity=1, ori=0, pos=array([0., 0.]), rgb=UNKNOWN, text='3', units='height', win=Window(...), wrapWidth=1)
15.3655 	EXP 	Created Learning_2_5_2 = TextStim(__class__=<class 'psychopy.visual.text.TextStim'>, alignHoriz=method-wrapper(...), alignText='center', alignVert=method-wrapper(...), anchorHoriz='center', anchorVert='center', antialias=True, autoLog=True, bold=False, color=array([-1, -1, -1]), colorSpace='rgb', contrast=1.0, depth=-3.0, flipHoriz=False, flipVert=False, font='Arial', fontFiles=[], height=0.075, italic=False, languageStyle='LTR', name='Learning_2_5_2', opacity=1, ori=0, pos=array([0., 0.]), rgb=UNKNOWN, text='2', units='height', win=Window(...), wrapWidth=1)
15.3668 	EXP 	Created Learning_2_5_1 = TextStim(__class__=<class 'psychopy.visual.text.TextStim'>, alignHoriz=method-wrapper(...), alignText='center', alignVert=method-wrapper(...), anchorHoriz='center', anchorVert='center', antialias=True, autoLog=True, bold=False, color=array([-1, -1, -1]), colorSpace='rgb', contrast=1.0, depth=-4.0, flipHoriz=False, flipVert=False, font='Arial', fontFiles=[], height=0.075, italic=False, languageStyle='LTR', name='Learning_2_5_1', opacity=1, ori=0, pos=array([0., 0.]), rgb=UNKNOWN, text='1', units='height', win=Window(...), wrapWidth=1)
15.3707 	EXP 	Created Done_text = TextStim(__class__=<class 'psychopy.visual.text.TextStim'>, alignHoriz=method-wrapper(...), alignText='center', alignVert=method-wrapper(...), anchorHoriz='center', anchorVert='center', antialias=True, autoLog=True, bold=False, color=array([-1, -1, -1]), colorSpace='rgb', contrast=1.0, depth=-1.0, flipHoriz=False, flipVert=False, font='Arial', fontFiles=[], height=0.075, italic=False, languageStyle='LTR', name='Done_text', opacity=1, ori=0, pos=array([0., 0.]), rgb=UNKNOWN, text='Done!', units='height', win=Window(...), wrapWidth=1.5)
15.4003 	EXP 	Learning_1_video: autoLog = True
15.4003 	EXP 	Learning_1_video: movie = './DSP_Videos/Learning/Learning_Alternate.mp4'
15.4003 	EXP 	Learning_1_video: size = array([1920., 1080.])
15.4003 	EXP 	Learning_1_video: ori = 0
15.4003 	EXP 	Ready_experimenter_text: autoDraw = True
46.8329 	DATA 	Keypress: return
46.8393 	EXP 	Ready_experimenter_text: autoDraw = False
46.8393 	EXP 	Learning_1_instruction: autoDraw = True
49.8230 	EXP 	Learning_1_3: autoDraw = True
49.8396 	EXP 	Learning_1_instruction: autoDraw = False
50.8230 	EXP 	Learning_1_3: autoDraw = False
50.8230 	EXP 	Learning_1_2: autoDraw = True
51.8228 	EXP 	Learning_1_2: autoDraw = False
51.8228 	EXP 	Learning_1_1: autoDraw = True
52.8353 	EXP 	Learning_1_1: autoDraw = False
52.8353 	EXP 	Learning_1_video: autoDraw = True
112.8272 	EXP 	Created sequence: random, trialTypes=1, nReps=4, seed=None
112.8274 	EXP 	New trial (rep=0, index=0): None
112.8276 	EXP 	Created Learning_2_5_video = MovieStim3(__class__=<class 'psychopy.visual.movie3.MovieStim3'>, autoLog=True, color=UNKNOWN, colorSpace=UNKNOWN, depth=-5.0, filename='./DSP_Videos/Learning/Learning_Alternate.mp4', flipHoriz=False, flipVert=False, fps=UNKNOWN, interpolate=True, loop=False, name='Learning_2_5_video', noAudio=True, opacity=1, ori=method-wrapper(...), pos=array([0., 0.]), size=method-wrapper(...), units='pix', vframe_callback=UNKNOWN, volume=UNKNOWN, win=Window(...))
112.9301 	EXP 	Learning_1_video: autoDraw = False
112.9301 	EXP 	Learning_1_instruction: autoDraw = False
112.9301 	EXP 	Learning_1_3: autoDraw = False
112.9301 	EXP 	Learning_1_2: autoDraw = False
112.9301 	EXP 	Learning_1_1: autoDraw = False
112.9301 	EXP 	Learning_1_video: autoDraw = False
112.9301 	EXP 	Learning_2_5_video: autoLog = True
112.9301 	EXP 	Learning_2_5_video: movie = './DSP_Videos/Learning/Learning_Alternate.mp4'
112.9301 	EXP 	Learning_2_5_video: size = array([1920., 1080.])
112.9301 	EXP 	Learning_2_5_video: ori = 0
112.9301 	EXP 	Learning_2_5_instruction: autoDraw = True
115.9234 	EXP 	Learning_2_5_3: autoDraw = True
115.9401 	EXP 	Learning_2_5_instruction: autoDraw = False
116.9234 	EXP 	Learning_2_5_3: autoDraw = False
116.9234 	EXP 	Learning_2_5_2: autoDraw = True
117.9234 	EXP 	Learning_2_5_2: autoDraw = False
117.9234 	EXP 	Learning_2_5_1: autoDraw = True
118.9238 	EXP 	Learning_2_5_1: autoDraw = False
118.9238 	EXP 	Learning_2_5_video: autoDraw = True
178.8426 	EXP 	New trial (rep=1, index=0): None
178.8428 	EXP 	Created Learning_2_5_video = MovieStim3(__class__=<class 'psychopy.visual.movie3.MovieStim3'>, autoLog=True, color=UNKNOWN, colorSpace=UNKNOWN, depth=-5.0, filename='./DSP_Videos/Learning/Learning_Alternate.mp4', flipHoriz=False, flipVert=False, fps=UNKNOWN, interpolate=True, loop=False, name='Learning_2_5_video', noAudio=True, opacity=1, ori=method-wrapper(...), pos=array([0., 0.]), size=method-wrapper(...), units='pix', vframe_callback=UNKNOWN, volume=UNKNOWN, win=Window(...))
178.9514 	EXP 	Learning_2_5_instruction: autoDraw = False
178.9514 	EXP 	Learning_2_5_3: autoDraw = False
178.9514 	EXP 	Learning_2_5_2: autoDraw = False
178.9514 	EXP 	Learning_2_5_1: autoDraw = False
178.9514 	EXP 	Learning_2_5_video: autoDraw = False
178.9514 	EXP 	Learning_2_5_video: autoLog = True
178.9514 	EXP 	Learning_2_5_video: movie = './DSP_Videos/Learning/Learning_Alternate.mp4'
178.9514 	EXP 	Learning_2_5_video: size = array([1920., 1080.])
178.9514 	EXP 	Learning_2_5_video: ori = 0
178.9514 	EXP 	Learning_2_5_instruction: autoDraw = True
181.9405 	EXP 	Learning_2_5_3: autoDraw = True
181.9572 	EXP 	Learning_2_5_instruction: autoDraw = False
182.9405 	EXP 	Learning_2_5_3: autoDraw = False
182.9405 	EXP 	Learning_2_5_2: autoDraw = True
183.9404 	EXP 	Learning_2_5_2: autoDraw = False
183.9404 	EXP 	Learning_2_5_1: autoDraw = True
184.9410 	EXP 	Learning_2_5_1: autoDraw = False
184.9410 	EXP 	Learning_2_5_video: autoDraw = True
244.8428 	EXP 	New trial (rep=2, index=0): None
244.8431 	EXP 	Created Learning_2_5_video = MovieStim3(__class__=<class 'psychopy.visual.movie3.MovieStim3'>, autoLog=True, color=UNKNOWN, colorSpace=UNKNOWN, depth=-5.0, filename='./DSP_Videos/Learning/Learning_Alternate.mp4', flipHoriz=False, flipVert=False, fps=UNKNOWN, interpolate=True, loop=False, name='Learning_2_5_video', noAudio=True, opacity=1, ori=method-wrapper(...), pos=array([0., 0.]), size=method-wrapper(...), units='pix', vframe_callback=UNKNOWN, volume=UNKNOWN, win=Window(...))
244.9727 	EXP 	Learning_2_5_instruction: autoDraw = False
244.9727 	EXP 	Learning_2_5_3: autoDraw = False
244.9727 	EXP 	Learning_2_5_2: autoDraw = False
244.9727 	EXP 	Learning_2_5_1: autoDraw = False
244.9727 	EXP 	Learning_2_5_video: autoDraw = False
244.9727 	EXP 	Learning_2_5_video: autoLog = True
244.9727 	EXP 	Learning_2_5_video: movie = './DSP_Videos/Learning/Learning_Alternate.mp4'
244.9727 	EXP 	Learning_2_5_video: size = array([1920., 1080.])
244.9727 	EXP 	Learning_2_5_video: ori = 0
244.9727 	EXP 	Learning_2_5_instruction: autoDraw = True
247.9577 	EXP 	Learning_2_5_3: autoDraw = True
247.9742 	EXP 	Learning_2_5_instruction: autoDraw = False
248.9576 	EXP 	Learning_2_5_3: autoDraw = False
248.9576 	EXP 	Learning_2_5_2: autoDraw = True
249.9575 	EXP 	Learning_2_5_2: autoDraw = False
249.9575 	EXP 	Learning_2_5_1: autoDraw = True
250.9581 	EXP 	Learning_2_5_1: autoDraw = False
250.9581 	EXP 	Learning_2_5_video: autoDraw = True
310.8436 	EXP 	New trial (rep=3, index=0): None
310.8438 	EXP 	Created Learning_2_5_video = MovieStim3(__class__=<class 'psychopy.visual.movie3.MovieStim3'>, autoLog=True, color=UNKNOWN, colorSpace=UNKNOWN, depth=-5.0, filename='./DSP_Videos/Learning/Learning_Alternate.mp4', flipHoriz=False, flipVert=False, fps=UNKNOWN, interpolate=True, loop=False, name='Learning_2_5_video', noAudio=True, opacity=1, ori=method-wrapper(...), pos=array([0., 0.]), size=method-wrapper(...), units='pix', vframe_callback=UNKNOWN, volume=UNKNOWN, win=Window(...))
310.9526 	EXP 	Learning_2_5_instruction: autoDraw = False
310.9526 	EXP 	Learning_2_5_3: autoDraw = False
310.9526 	EXP 	Learning_2_5_2: autoDraw = False
310.9526 	EXP 	Learning_2_5_1: autoDraw = False
310.9526 	EXP 	Learning_2_5_video: autoDraw = False
310.9526 	EXP 	Learning_2_5_video: autoLog = True
310.9526 	EXP 	Learning_2_5_video: movie = './DSP_Videos/Learning/Learning_Alternate.mp4'
310.9526 	EXP 	Learning_2_5_video: size = array([1920., 1080.])
310.9526 	EXP 	Learning_2_5_video: ori = 0
310.9526 	EXP 	Learning_2_5_instruction: autoDraw = True
313.9413 	EXP 	Learning_2_5_3: autoDraw = True
313.9583 	EXP 	Learning_2_5_instruction: autoDraw = False
314.9414 	EXP 	Learning_2_5_3: autoDraw = False
314.9414 	EXP 	Learning_2_5_2: autoDraw = True
315.9414 	EXP 	Learning_2_5_2: autoDraw = False
315.9414 	EXP 	Learning_2_5_1: autoDraw = True
316.9421 	EXP 	Learning_2_5_1: autoDraw = False
316.9421 	EXP 	Learning_2_5_video: autoDraw = True
376.8583 	EXP 	Learning_2_5_instruction: autoDraw = False
376.8583 	EXP 	Learning_2_5_3: autoDraw = False
376.8583 	EXP 	Learning_2_5_2: autoDraw = False
376.8583 	EXP 	Learning_2_5_1: autoDraw = False
376.8583 	EXP 	Learning_2_5_video: autoDraw = False
376.8583 	EXP 	Done_text: autoDraw = True
380.7956 	DATA 	Keypress: return
380.8082 	EXP 	Done_text: autoDraw = False
380.8100 	INFO 	saved data to 'C:\\Users\\Public\\Moore_fMRI\\DSP_PsychoPy\\data/22016_DSP_Behavioral_Only_Encoding_alt.csv'
380.8111 	INFO 	saved data to C:\Users\Public\Moore_fMRI\DSP_PsychoPy\data/22016_DSP_Behavioral_Only_Encoding_alt.psydat
382.3770 	EXP 	window1: mouseVisible = True
382.3772 	DEBUG 	Saving data for DSP_Behavioral_Only_Encoding ExperimentHandler
