0.9342 	WARNING 	We strongly recommend you activate the PTB sound engine in PsychoPy prefs as the preferred audio engine. Its timing is vastly superior. Your prefs are currently set to use ['sounddevice', 'PTB', 'pyo', 'pygame'] (in that order).
9.7456 	INFO 	Loaded monitor calibration from ['2021_06_16 15:12']
9.7488 	WARNING 	User requested fullscreen with size [1536  864], but screen is actually [1920, 1080]. Using actual size
11.3339 	EXP 	Created window1 = Window(allowGUI=False, allowStencil=False, autoLog=True, backendConf=UNKNOWN, bitsMode=UNKNOWN, blendMode='avg', bpc=(8, 8, 8), color=array([0.4, 0.4, 0.4]), colorSpace='rgb', depthBits=8, fullscr=<method-wrapper '__getattribute__' of attributeSetter object at 0x0000022427D441D0>, gamma=None, gammaErrorPolicy='raise', lms=UNKNOWN, monitor=<psychopy.monitors.calibTools.Monitor object at 0x0000022427CFCBA8>, multiSample=False, name='window1', numSamples=2, pos=[0.0, 0.0], screen=0, size=array([1920, 1080]), stencilBits=0, stereo=False, units='height', useFBO=True, useRetina=False, viewOri=0.0, viewPos=None, viewScale=None, waitBlanking=True, winType='pyglet')
11.3347 	EXP 	window1: mouseVisible = True
11.3348 	EXP 	window1: recordFrameIntervals = False
11.4972 	EXP 	window1: recordFrameIntervals = True
11.6806 	DEBUG 	Screen (0) actual frame rate measured at 60.03
11.6806 	EXP 	window1: recordFrameIntervals = False
11.9586 	EXP 	Created Ready_experimenter_text = TextStim(__class__=<class 'psychopy.visual.text.TextStim'>, alignHoriz=method-wrapper(...), alignText='center', alignVert=method-wrapper(...), anchorHoriz='center', anchorVert='center', antialias=True, autoLog=True, bold=False, color=array([-1, -1, -1]), colorSpace='rgb', contrast=1.0, depth=0.0, flipHoriz=False, flipVert=False, font='Arial', fontFiles=[], height=0.075, italic=False, languageStyle='LTR', name='Ready_experimenter_text', opacity=1, ori=0, pos=array([0., 0.]), rgb=UNKNOWN, text='Waiting for the experimenter…', units='height', win=Window(...), wrapWidth=1.5)
11.9587 	EXP 	window1: mouseVisible = False
11.9638 	EXP 	Created Ready_scanner_text = TextStim(__class__=<class 'psychopy.visual.text.TextStim'>, alignHoriz=method-wrapper(...), alignText='center', alignVert=method-wrapper(...), anchorHoriz='center', anchorVert='center', antialias=True, autoLog=True, bold=False, color=array([-1, -1, -1]), colorSpace='rgb', contrast=1.0, depth=0.0, flipHoriz=False, flipVert=False, font='Arial', fontFiles=[], height=0.075, italic=False, languageStyle='LTR', name='Ready_scanner_text', opacity=1, ori=0, pos=array([0., 0.]), rgb=UNKNOWN, text='Waiting for the scanner…', units='height', win=Window(...), wrapWidth=1.5)
11.9659 	EXP 	Created Fixation_horz = Line(__class__=<class 'psychopy.visual.line.Line'>, autoDraw=False, autoLog=True, closeShape=False, color=array([-1, -1, -1]), colorSpace='rgb', contrast=None, depth=-1.0, fillColor=array([0, 0, 0]), fillColorSpace='rgb', fillRGB=UNKNOWN, interpolate=True, lineColor=array([-1, -1, -1]), lineColorSpace='rgb', lineRGB=UNKNOWN, lineWidth=5, name='Fixation_horz', opacity=0.5, ori=0.0, pos=array([0., 0.]), size=array([1., 1.]), units='height', vertices=ndarray(...), win=Window(...), windingRule=None)
11.9667 	EXP 	Created Fixation_vert = Line(__class__=<class 'psychopy.visual.line.Line'>, autoDraw=False, autoLog=True, closeShape=False, color=array([-1, -1, -1]), colorSpace='rgb', contrast=None, depth=-2.0, fillColor=array([0, 0, 0]), fillColorSpace='rgb', fillRGB=UNKNOWN, interpolate=True, lineColor=array([-1, -1, -1]), lineColorSpace='rgb', lineRGB=UNKNOWN, lineWidth=5, name='Fixation_vert', opacity=0.5, ori=90.0, pos=array([0., 0.]), size=array([1., 1.]), units='height', vertices=ndarray(...), win=Window(...), windingRule=None)
11.9701 	EXP 	Created Done_text = TextStim(__class__=<class 'psychopy.visual.text.TextStim'>, alignHoriz=method-wrapper(...), alignText='center', alignVert=method-wrapper(...), anchorHoriz='center', anchorVert='center', antialias=True, autoLog=True, bold=False, color=array([-1, -1, -1]), colorSpace='rgb', contrast=1.0, depth=0.0, flipHoriz=False, flipVert=False, font='Arial', fontFiles=[], height=0.075, italic=False, languageStyle='LTR', name='Done_text', opacity=1, ori=0, pos=array([0., 0.]), rgb=UNKNOWN, text='Done!', units='height', win=Window(...), wrapWidth=1.5)
12.0121 	EXP 	Ready_experimenter_text: autoDraw = True
36.3898 	DATA 	Keypress: return
36.3971 	EXP 	Ready_experimenter_text: autoDraw = False
36.3971 	EXP 	Ready_scanner_text: autoDraw = True
248.8736 	DATA 	Keypress: t
248.8820 	EXP 	Ready_scanner_text: autoDraw = False
248.8820 	EXP 	Fixation_horz: autoDraw = True
248.8820 	EXP 	Fixation_vert: autoDraw = True
250.3673 	DATA 	Keypress: t
251.8673 	DATA 	Keypress: t
253.3682 	DATA 	Keypress: t
254.8704 	DATA 	Keypress: t
256.3690 	DATA 	Keypress: t
257.8692 	DATA 	Keypress: t
259.3710 	DATA 	Keypress: t
260.8609 	DATA 	Keypress: t
262.3703 	DATA 	Keypress: t
263.8697 	DATA 	Keypress: t
265.3686 	DATA 	Keypress: t
266.8685 	DATA 	Keypress: t
268.3698 	DATA 	Keypress: t
269.8674 	DATA 	Keypress: t
271.3681 	DATA 	Keypress: t
272.8698 	DATA 	Keypress: t
274.3671 	DATA 	Keypress: t
275.8700 	DATA 	Keypress: t
277.3687 	DATA 	Keypress: t
278.8712 	DATA 	Keypress: t
280.3687 	DATA 	Keypress: t
281.8695 	DATA 	Keypress: t
283.3702 	DATA 	Keypress: t
284.8670 	DATA 	Keypress: t
286.3681 	DATA 	Keypress: t
287.8696 	DATA 	Keypress: t
289.3667 	DATA 	Keypress: t
290.8697 	DATA 	Keypress: t
292.3704 	DATA 	Keypress: t
293.8699 	DATA 	Keypress: t
295.3700 	DATA 	Keypress: t
296.8697 	DATA 	Keypress: t
298.3695 	DATA 	Keypress: t
299.8694 	DATA 	Keypress: t
301.3680 	DATA 	Keypress: t
302.8703 	DATA 	Keypress: t
304.3674 	DATA 	Keypress: t
305.8693 	DATA 	Keypress: t
307.3784 	DATA 	Keypress: t
308.8681 	DATA 	Keypress: t
310.3696 	DATA 	Keypress: t
311.8696 	DATA 	Keypress: t
313.3697 	DATA 	Keypress: t
314.8678 	DATA 	Keypress: t
316.3664 	DATA 	Keypress: t
317.8678 	DATA 	Keypress: t
319.3683 	DATA 	Keypress: t
320.8694 	DATA 	Keypress: t
322.3697 	DATA 	Keypress: t
323.8691 	DATA 	Keypress: t
325.3689 	DATA 	Keypress: t
326.8709 	DATA 	Keypress: t
328.3675 	DATA 	Keypress: t
329.8679 	DATA 	Keypress: t
331.3695 	DATA 	Keypress: t
332.8693 	DATA 	Keypress: t
334.3708 	DATA 	Keypress: t
335.8706 	DATA 	Keypress: t
337.3695 	DATA 	Keypress: t
338.8701 	DATA 	Keypress: t
340.3686 	DATA 	Keypress: t
341.8728 	DATA 	Keypress: t
343.3677 	DATA 	Keypress: t
344.8705 	DATA 	Keypress: t
346.3682 	DATA 	Keypress: t
347.8675 	DATA 	Keypress: t
349.3687 	DATA 	Keypress: t
350.8706 	DATA 	Keypress: t
352.3678 	DATA 	Keypress: t
353.8702 	DATA 	Keypress: t
355.3696 	DATA 	Keypress: t
356.8703 	DATA 	Keypress: t
358.3699 	DATA 	Keypress: t
359.8682 	DATA 	Keypress: t
361.3688 	DATA 	Keypress: t
362.8681 	DATA 	Keypress: t
364.3723 	DATA 	Keypress: t
365.8694 	DATA 	Keypress: t
367.3708 	DATA 	Keypress: t
368.8690 	DATA 	Keypress: t
370.3688 	DATA 	Keypress: t
371.8716 	DATA 	Keypress: t
373.3719 	DATA 	Keypress: t
374.8685 	DATA 	Keypress: t
376.3707 	DATA 	Keypress: t
377.8691 	DATA 	Keypress: t
379.3689 	DATA 	Keypress: t
380.8701 	DATA 	Keypress: t
382.3721 	DATA 	Keypress: t
383.8697 	DATA 	Keypress: t
385.3683 	DATA 	Keypress: t
386.8715 	DATA 	Keypress: t
388.3689 	DATA 	Keypress: t
389.8683 	DATA 	Keypress: t
391.3685 	DATA 	Keypress: t
392.8693 	DATA 	Keypress: t
394.3693 	DATA 	Keypress: t
395.8687 	DATA 	Keypress: t
397.3726 	DATA 	Keypress: t
398.8683 	DATA 	Keypress: t
400.3692 	DATA 	Keypress: t
401.8686 	DATA 	Keypress: t
403.3693 	DATA 	Keypress: t
404.8689 	DATA 	Keypress: t
406.3708 	DATA 	Keypress: t
407.8693 	DATA 	Keypress: t
409.3707 	DATA 	Keypress: t
410.8699 	DATA 	Keypress: t
412.3684 	DATA 	Keypress: t
413.8714 	DATA 	Keypress: t
415.3692 	DATA 	Keypress: t
416.8713 	DATA 	Keypress: t
418.3711 	DATA 	Keypress: t
419.8687 	DATA 	Keypress: t
421.3675 	DATA 	Keypress: t
422.8718 	DATA 	Keypress: t
424.3688 	DATA 	Keypress: t
425.8707 	DATA 	Keypress: t
427.3572 	DATA 	Keypress: t
428.8692 	DATA 	Keypress: t
430.3709 	DATA 	Keypress: t
431.8711 	DATA 	Keypress: t
433.3699 	DATA 	Keypress: t
434.8684 	DATA 	Keypress: t
436.3703 	DATA 	Keypress: t
437.8692 	DATA 	Keypress: t
439.3686 	DATA 	Keypress: t
440.8703 	DATA 	Keypress: t
442.3570 	DATA 	Keypress: t
443.8719 	DATA 	Keypress: t
445.3697 	DATA 	Keypress: t
446.8715 	DATA 	Keypress: t
448.3692 	DATA 	Keypress: t
449.8705 	DATA 	Keypress: t
451.3707 	DATA 	Keypress: t
452.8699 	DATA 	Keypress: t
454.3719 	DATA 	Keypress: t
455.8726 	DATA 	Keypress: t
457.3717 	DATA 	Keypress: t
458.8700 	DATA 	Keypress: t
460.3725 	DATA 	Keypress: t
461.8712 	DATA 	Keypress: t
463.3736 	DATA 	Keypress: t
464.8688 	DATA 	Keypress: t
466.3707 	DATA 	Keypress: t
467.8697 	DATA 	Keypress: t
469.3705 	DATA 	Keypress: t
470.8700 	DATA 	Keypress: t
472.3702 	DATA 	Keypress: t
473.8711 	DATA 	Keypress: t
475.3690 	DATA 	Keypress: t
476.8719 	DATA 	Keypress: t
478.3720 	DATA 	Keypress: t
479.8690 	DATA 	Keypress: t
481.3698 	DATA 	Keypress: t
482.8696 	DATA 	Keypress: t
484.3570 	DATA 	Keypress: t
485.8742 	DATA 	Keypress: t
487.3707 	DATA 	Keypress: t
488.8702 	DATA 	Keypress: t
490.3717 	DATA 	Keypress: t
491.8724 	DATA 	Keypress: t
493.3708 	DATA 	Keypress: t
494.8722 	DATA 	Keypress: t
496.3710 	DATA 	Keypress: t
497.8690 	DATA 	Keypress: t
499.3723 	DATA 	Keypress: t
500.8684 	DATA 	Keypress: t
502.3567 	DATA 	Keypress: t
503.8565 	DATA 	Keypress: t
505.3726 	DATA 	Keypress: t
506.8709 	DATA 	Keypress: t
508.3694 	DATA 	Keypress: t
509.8558 	DATA 	Keypress: t
511.3698 	DATA 	Keypress: t
512.8714 	DATA 	Keypress: t
514.3692 	DATA 	Keypress: t
515.8692 	DATA 	Keypress: t
517.3683 	DATA 	Keypress: t
518.8703 	DATA 	Keypress: t
520.3703 	DATA 	Keypress: t
521.8711 	DATA 	Keypress: t
523.3693 	DATA 	Keypress: t
524.8564 	DATA 	Keypress: t
526.3708 	DATA 	Keypress: t
527.8562 	DATA 	Keypress: t
529.3559 	DATA 	Keypress: t
530.8686 	DATA 	Keypress: t
532.3696 	DATA 	Keypress: t
533.8562 	DATA 	Keypress: t
535.3704 	DATA 	Keypress: t
536.8562 	DATA 	Keypress: t
538.3688 	DATA 	Keypress: t
539.8692 	DATA 	Keypress: t
541.3703 	DATA 	Keypress: t
542.8702 	DATA 	Keypress: t
544.3693 	DATA 	Keypress: t
545.8689 	DATA 	Keypress: t
547.3679 	DATA 	Keypress: t
548.8559 	DATA 	Keypress: t
550.3701 	DATA 	Keypress: t
551.8699 	DATA 	Keypress: t
553.3705 	DATA 	Keypress: t
554.8570 	DATA 	Keypress: t
556.3722 	DATA 	Keypress: t
557.8690 	DATA 	Keypress: t
559.3686 	DATA 	Keypress: t
560.8706 	DATA 	Keypress: t
562.3729 	DATA 	Keypress: t
563.8560 	DATA 	Keypress: t
565.3565 	DATA 	Keypress: t
566.8567 	DATA 	Keypress: t
568.3711 	DATA 	Keypress: t
569.8724 	DATA 	Keypress: t
571.3564 	DATA 	Keypress: t
572.8699 	DATA 	Keypress: t
574.3560 	DATA 	Keypress: t
575.8694 	DATA 	Keypress: t
577.3701 	DATA 	Keypress: t
578.8697 	DATA 	Keypress: t
580.3692 	DATA 	Keypress: t
581.8685 	DATA 	Keypress: t
583.3713 	DATA 	Keypress: t
584.8691 	DATA 	Keypress: t
586.3561 	DATA 	Keypress: t
587.8710 	DATA 	Keypress: t
589.3704 	DATA 	Keypress: t
590.8694 	DATA 	Keypress: t
592.3686 	DATA 	Keypress: t
593.8712 	DATA 	Keypress: t
595.3700 	DATA 	Keypress: t
596.8561 	DATA 	Keypress: t
598.3557 	DATA 	Keypress: t
599.8698 	DATA 	Keypress: t
601.3709 	DATA 	Keypress: t
602.8560 	DATA 	Keypress: t
604.3688 	DATA 	Keypress: t
605.8723 	DATA 	Keypress: t
607.3704 	DATA 	Keypress: t
608.8706 	DATA 	Keypress: t
610.3712 	DATA 	Keypress: t
611.8579 	DATA 	Keypress: t
613.3717 	DATA 	Keypress: t
614.8577 	DATA 	Keypress: t
616.3711 	DATA 	Keypress: t
617.8709 	DATA 	Keypress: t
619.3562 	DATA 	Keypress: t
620.8710 	DATA 	Keypress: t
622.3555 	DATA 	Keypress: t
623.8718 	DATA 	Keypress: t
625.3708 	DATA 	Keypress: t
626.8562 	DATA 	Keypress: t
628.3688 	DATA 	Keypress: t
629.8692 	DATA 	Keypress: t
631.3723 	DATA 	Keypress: t
632.8577 	DATA 	Keypress: t
634.3565 	DATA 	Keypress: t
635.8563 	DATA 	Keypress: t
637.3701 	DATA 	Keypress: t
638.8562 	DATA 	Keypress: t
640.3560 	DATA 	Keypress: t
641.8716 	DATA 	Keypress: t
643.3560 	DATA 	Keypress: t
644.8571 	DATA 	Keypress: t
646.3711 	DATA 	Keypress: t
647.8695 	DATA 	Keypress: t
649.3583 	DATA 	Keypress: t
650.8555 	DATA 	Keypress: t
652.3715 	DATA 	Keypress: t
653.8552 	DATA 	Keypress: t
655.3548 	DATA 	Keypress: t
656.8567 	DATA 	Keypress: t
658.3568 	DATA 	Keypress: t
659.8552 	DATA 	Keypress: t
661.3554 	DATA 	Keypress: t
662.8716 	DATA 	Keypress: t
664.3549 	DATA 	Keypress: t
665.8570 	DATA 	Keypress: t
667.3707 	DATA 	Keypress: t
668.8553 	DATA 	Keypress: t
670.3553 	DATA 	Keypress: t
671.8569 	DATA 	Keypress: t
673.3547 	DATA 	Keypress: t
674.8569 	DATA 	Keypress: t
676.3718 	DATA 	Keypress: t
677.8557 	DATA 	Keypress: t
679.3573 	DATA 	Keypress: t
680.8548 	DATA 	Keypress: t
682.3559 	DATA 	Keypress: t
683.8567 	DATA 	Keypress: t
685.3717 	DATA 	Keypress: t
686.8564 	DATA 	Keypress: t
688.3548 	DATA 	Keypress: t
689.8565 	DATA 	Keypress: t
691.3566 	DATA 	Keypress: t
692.8574 	DATA 	Keypress: t
694.3643 	DATA 	Keypress: t
695.8582 	DATA 	Keypress: t
697.3564 	DATA 	Keypress: t
698.8562 	DATA 	Keypress: t
700.3579 	DATA 	Keypress: t
701.8562 	DATA 	Keypress: t
703.3553 	DATA 	Keypress: t
704.8711 	DATA 	Keypress: t
706.3573 	DATA 	Keypress: t
707.8562 	DATA 	Keypress: t
709.3560 	DATA 	Keypress: t
710.8705 	DATA 	Keypress: t
712.3551 	DATA 	Keypress: t
713.8560 	DATA 	Keypress: t
715.3630 	DATA 	Keypress: t
716.8555 	DATA 	Keypress: t
718.3639 	DATA 	Keypress: t
741.7415 	DATA 	Keypress: return
741.7518 	EXP 	Fixation_horz: autoDraw = False
741.7518 	EXP 	Fixation_vert: autoDraw = False
741.7518 	EXP 	Done_text: autoDraw = True
745.2868 	DATA 	Keypress: return
745.2994 	EXP 	Done_text: autoDraw = False
745.3002 	INFO 	saved data to 'C:\\Users\\Public\\Moore_fMRI\\DSP_PsychoPy\\data/12003_DSP_Resting_State.csv'
745.3013 	INFO 	saved data to C:\Users\Public\Moore_fMRI\DSP_PsychoPy\data/12003_DSP_Resting_State.psydat
745.3172 	EXP 	window1: mouseVisible = True
745.3173 	DEBUG 	Saving data for DSP_Resting_State ExperimentHandler
