0.6503 	WARNING 	We strongly recommend you activate the PTB sound engine in PsychoPy prefs as the preferred audio engine. Its timing is vastly superior. Your prefs are currently set to use ['sounddevice', 'PTB', 'pyo', 'pygame'] (in that order).
14.6083 	INFO 	Loaded monitor calibration from ['2021_06_16 15:12']
14.6118 	WARNING 	User requested fullscreen with size [1536  864], but screen is actually [1920, 1080]. Using actual size
16.3481 	EXP 	Created window1 = Window(allowGUI=False, allowStencil=False, autoLog=True, backendConf=UNKNOWN, bitsMode=UNKNOWN, blendMode='avg', bpc=(8, 8, 8), color=array([0.4, 0.4, 0.4]), colorSpace='rgb', depthBits=8, fullscr=<method-wrapper '__getattribute__' of attributeSetter object at 0x0000024B13C86B00>, gamma=None, gammaErrorPolicy='raise', lms=UNKNOWN, monitor=<psychopy.monitors.calibTools.Monitor object at 0x0000024B13C64550>, multiSample=False, name='window1', numSamples=2, pos=[0.0, 0.0], screen=0, size=array([1920, 1080]), stencilBits=0, stereo=False, units='height', useFBO=True, useRetina=False, viewOri=0.0, viewPos=None, viewScale=None, waitBlanking=True, winType='pyglet')
16.3487 	EXP 	window1: mouseVisible = True
16.3488 	EXP 	window1: recordFrameIntervals = False
16.5133 	EXP 	window1: recordFrameIntervals = True
16.6963 	DEBUG 	Screen (0) actual frame rate measured at 60.13
16.6964 	EXP 	window1: recordFrameIntervals = False
16.8188 	EXP 	Created Ready_experimenter_text = TextStim(__class__=<class 'psychopy.visual.text.TextStim'>, alignHoriz=method-wrapper(...), alignText='center', alignVert=method-wrapper(...), anchorHoriz='center', anchorVert='center', antialias=True, autoLog=True, bold=False, color=array([-1, -1, -1]), colorSpace='rgb', contrast=1.0, depth=0.0, flipHoriz=False, flipVert=False, font='Arial', fontFiles=[], height=0.075, italic=False, languageStyle='LTR', name='Ready_experimenter_text', opacity=1, ori=0, pos=array([0., 0.]), rgb=UNKNOWN, text='Waiting for the experimenter…', units='height', win=Window(...), wrapWidth=1.5)
16.8188 	EXP 	window1: mouseVisible = False
16.8288 	EXP 	Created Learning_1_instruction = TextStim(__class__=<class 'psychopy.visual.text.TextStim'>, alignHoriz=method-wrapper(...), alignText='center', alignVert=method-wrapper(...), anchorHoriz='center', anchorVert='center', antialias=True, autoLog=True, bold=False, color=array([-1, -1, -1]), colorSpace='rgb', contrast=1.0, depth=-1.0, flipHoriz=False, flipVert=False, font='Arial', fontFiles=[], height=0.075, italic=False, languageStyle='LTR', name='Learning_1_instruction', opacity=1, ori=0, pos=array([0., 0.]), rgb=UNKNOWN, text='Spatial Video!\n\nLearn the layout.', units='height', win=Window(...), wrapWidth=1.5)
16.8309 	EXP 	Created Learning_1_3 = TextStim(__class__=<class 'psychopy.visual.text.TextStim'>, alignHoriz=method-wrapper(...), alignText='center', alignVert=method-wrapper(...), anchorHoriz='center', anchorVert='center', antialias=True, autoLog=True, bold=False, color=array([-1, -1, -1]), colorSpace='rgb', contrast=1.0, depth=-2.0, flipHoriz=False, flipVert=False, font='Arial', fontFiles=[], height=0.075, italic=False, languageStyle='LTR', name='Learning_1_3', opacity=1, ori=0, pos=array([0., 0.]), rgb=UNKNOWN, text='3', units='height', win=Window(...), wrapWidth=1)
16.8329 	EXP 	Created Learning_1_2 = TextStim(__class__=<class 'psychopy.visual.text.TextStim'>, alignHoriz=method-wrapper(...), alignText='center', alignVert=method-wrapper(...), anchorHoriz='center', anchorVert='center', antialias=True, autoLog=True, bold=False, color=array([-1, -1, -1]), colorSpace='rgb', contrast=1.0, depth=-3.0, flipHoriz=False, flipVert=False, font='Arial', fontFiles=[], height=0.075, italic=False, languageStyle='LTR', name='Learning_1_2', opacity=1, ori=0, pos=array([0., 0.]), rgb=UNKNOWN, text='2', units='height', win=Window(...), wrapWidth=1)
16.8348 	EXP 	Created Learning_1_1 = TextStim(__class__=<class 'psychopy.visual.text.TextStim'>, alignHoriz=method-wrapper(...), alignText='center', alignVert=method-wrapper(...), anchorHoriz='center', anchorVert='center', antialias=True, autoLog=True, bold=False, color=array([-1, -1, -1]), colorSpace='rgb', contrast=1.0, depth=-4.0, flipHoriz=False, flipVert=False, font='Arial', fontFiles=[], height=0.075, italic=False, languageStyle='LTR', name='Learning_1_1', opacity=1, ori=0, pos=array([0., 0.]), rgb=UNKNOWN, text='1', units='height', win=Window(...), wrapWidth=1)
16.9236 	EXP 	Created Learning_1_video = MovieStim3(__class__=<class 'psychopy.visual.movie3.MovieStim3'>, autoLog=True, color=UNKNOWN, colorSpace=UNKNOWN, depth=-5.0, filename='./DSP_Videos/Learning/Learning_Normal.mp4', flipHoriz=False, flipVert=False, fps=UNKNOWN, interpolate=True, loop=False, name='Learning_1_video', noAudio=True, opacity=1, ori=method-wrapper(...), pos=array([0., 0.]), size=method-wrapper(...), units='pix', vframe_callback=UNKNOWN, volume=UNKNOWN, win=Window(...))
18.2513 	EXP 	Created Learning_2_5_instruction = TextStim(__class__=<class 'psychopy.visual.text.TextStim'>, alignHoriz=method-wrapper(...), alignText='center', alignVert=method-wrapper(...), anchorHoriz='center', anchorVert='center', antialias=True, autoLog=True, bold=False, color=array([-1, -1, -1]), colorSpace='rgb', contrast=1.0, depth=-1.0, flipHoriz=False, flipVert=False, font='Arial', fontFiles=[], height=0.075, italic=False, languageStyle='LTR', name='Learning_2_5_instruction', opacity=1, ori=0, pos=array([0., 0.]), rgb=UNKNOWN, text='Spatial Video!\n\nLearn the layout.', units='height', win=Window(...), wrapWidth=1.5)
18.2526 	EXP 	Created Learning_2_5_3 = TextStim(__class__=<class 'psychopy.visual.text.TextStim'>, alignHoriz=method-wrapper(...), alignText='center', alignVert=method-wrapper(...), anchorHoriz='center', anchorVert='center', antialias=True, autoLog=True, bold=False, color=array([-1, -1, -1]), colorSpace='rgb', contrast=1.0, depth=-2.0, flipHoriz=False, flipVert=False, font='Arial', fontFiles=[], height=0.075, italic=False, languageStyle='LTR', name='Learning_2_5_3', opacity=1, ori=0, pos=array([0., 0.]), rgb=UNKNOWN, text='3', units='height', win=Window(...), wrapWidth=1)
18.2539 	EXP 	Created Learning_2_5_2 = TextStim(__class__=<class 'psychopy.visual.text.TextStim'>, alignHoriz=method-wrapper(...), alignText='center', alignVert=method-wrapper(...), anchorHoriz='center', anchorVert='center', antialias=True, autoLog=True, bold=False, color=array([-1, -1, -1]), colorSpace='rgb', contrast=1.0, depth=-3.0, flipHoriz=False, flipVert=False, font='Arial', fontFiles=[], height=0.075, italic=False, languageStyle='LTR', name='Learning_2_5_2', opacity=1, ori=0, pos=array([0., 0.]), rgb=UNKNOWN, text='2', units='height', win=Window(...), wrapWidth=1)
18.2552 	EXP 	Created Learning_2_5_1 = TextStim(__class__=<class 'psychopy.visual.text.TextStim'>, alignHoriz=method-wrapper(...), alignText='center', alignVert=method-wrapper(...), anchorHoriz='center', anchorVert='center', antialias=True, autoLog=True, bold=False, color=array([-1, -1, -1]), colorSpace='rgb', contrast=1.0, depth=-4.0, flipHoriz=False, flipVert=False, font='Arial', fontFiles=[], height=0.075, italic=False, languageStyle='LTR', name='Learning_2_5_1', opacity=1, ori=0, pos=array([0., 0.]), rgb=UNKNOWN, text='1', units='height', win=Window(...), wrapWidth=1)
18.2590 	EXP 	Created Done_text = TextStim(__class__=<class 'psychopy.visual.text.TextStim'>, alignHoriz=method-wrapper(...), alignText='center', alignVert=method-wrapper(...), anchorHoriz='center', anchorVert='center', antialias=True, autoLog=True, bold=False, color=array([-1, -1, -1]), colorSpace='rgb', contrast=1.0, depth=-1.0, flipHoriz=False, flipVert=False, font='Arial', fontFiles=[], height=0.075, italic=False, languageStyle='LTR', name='Done_text', opacity=1, ori=0, pos=array([0., 0.]), rgb=UNKNOWN, text='Done!', units='height', win=Window(...), wrapWidth=1.5)
18.2889 	EXP 	Learning_1_video: autoLog = True
18.2889 	EXP 	Learning_1_video: movie = './DSP_Videos/Learning/Learning_Normal.mp4'
18.2889 	EXP 	Learning_1_video: size = array([1920., 1080.])
18.2889 	EXP 	Learning_1_video: ori = 0
18.2889 	EXP 	Ready_experimenter_text: autoDraw = True
28.2907 	DATA 	Keypress: return
28.2963 	EXP 	Ready_experimenter_text: autoDraw = False
28.2963 	EXP 	Learning_1_instruction: autoDraw = True
31.2799 	EXP 	Learning_1_3: autoDraw = True
31.2965 	EXP 	Learning_1_instruction: autoDraw = False
32.2799 	EXP 	Learning_1_3: autoDraw = False
32.2799 	EXP 	Learning_1_2: autoDraw = True
33.2800 	EXP 	Learning_1_2: autoDraw = False
33.2800 	EXP 	Learning_1_1: autoDraw = True
34.2926 	EXP 	Learning_1_1: autoDraw = False
34.2926 	EXP 	Learning_1_video: autoDraw = True
94.2839 	EXP 	Created sequence: random, trialTypes=1, nReps=4, seed=None
94.2840 	EXP 	New trial (rep=0, index=0): None
94.2842 	EXP 	Created Learning_2_5_video = MovieStim3(__class__=<class 'psychopy.visual.movie3.MovieStim3'>, autoLog=True, color=UNKNOWN, colorSpace=UNKNOWN, depth=-5.0, filename='./DSP_Videos/Learning/Learning_Normal.mp4', flipHoriz=False, flipVert=False, fps=UNKNOWN, interpolate=True, loop=False, name='Learning_2_5_video', noAudio=True, opacity=1, ori=method-wrapper(...), pos=array([0., 0.]), size=method-wrapper(...), units='pix', vframe_callback=UNKNOWN, volume=UNKNOWN, win=Window(...))
95.5925 	EXP 	Learning_1_video: autoDraw = False
95.5925 	EXP 	Learning_1_instruction: autoDraw = False
95.5925 	EXP 	Learning_1_3: autoDraw = False
95.5925 	EXP 	Learning_1_2: autoDraw = False
95.5925 	EXP 	Learning_1_1: autoDraw = False
95.5925 	EXP 	Learning_1_video: autoDraw = False
95.5925 	EXP 	Learning_2_5_video: autoLog = True
95.5925 	EXP 	Learning_2_5_video: movie = './DSP_Videos/Learning/Learning_Normal.mp4'
95.5925 	EXP 	Learning_2_5_video: size = array([1920., 1080.])
95.5925 	EXP 	Learning_2_5_video: ori = 0
95.5925 	EXP 	Learning_2_5_instruction: autoDraw = True
98.5803 	EXP 	Learning_2_5_3: autoDraw = True
98.5970 	EXP 	Learning_2_5_instruction: autoDraw = False
99.5805 	EXP 	Learning_2_5_3: autoDraw = False
99.5805 	EXP 	Learning_2_5_2: autoDraw = True
100.5803 	EXP 	Learning_2_5_2: autoDraw = False
100.5803 	EXP 	Learning_2_5_1: autoDraw = True
101.5811 	EXP 	Learning_2_5_1: autoDraw = False
101.5811 	EXP 	Learning_2_5_video: autoDraw = True
160.2996 	EXP 	New trial (rep=1, index=0): None
160.2998 	EXP 	Created Learning_2_5_video = MovieStim3(__class__=<class 'psychopy.visual.movie3.MovieStim3'>, autoLog=True, color=UNKNOWN, colorSpace=UNKNOWN, depth=-5.0, filename='./DSP_Videos/Learning/Learning_Normal.mp4', flipHoriz=False, flipVert=False, fps=UNKNOWN, interpolate=True, loop=False, name='Learning_2_5_video', noAudio=True, opacity=1, ori=method-wrapper(...), pos=array([0., 0.]), size=method-wrapper(...), units='pix', vframe_callback=UNKNOWN, volume=UNKNOWN, win=Window(...))
161.6422 	EXP 	Learning_2_5_instruction: autoDraw = False
161.6422 	EXP 	Learning_2_5_3: autoDraw = False
161.6422 	EXP 	Learning_2_5_2: autoDraw = False
161.6422 	EXP 	Learning_2_5_1: autoDraw = False
161.6422 	EXP 	Learning_2_5_video: autoDraw = False
161.6422 	EXP 	Learning_2_5_video: autoLog = True
161.6422 	EXP 	Learning_2_5_video: movie = './DSP_Videos/Learning/Learning_Normal.mp4'
161.6422 	EXP 	Learning_2_5_video: size = array([1920., 1080.])
161.6422 	EXP 	Learning_2_5_video: ori = 0
161.6422 	EXP 	Learning_2_5_instruction: autoDraw = True
164.6310 	EXP 	Learning_2_5_3: autoDraw = True
164.6477 	EXP 	Learning_2_5_instruction: autoDraw = False
165.6309 	EXP 	Learning_2_5_3: autoDraw = False
165.6309 	EXP 	Learning_2_5_2: autoDraw = True
166.6308 	EXP 	Learning_2_5_2: autoDraw = False
166.6308 	EXP 	Learning_2_5_1: autoDraw = True
167.6316 	EXP 	Learning_2_5_1: autoDraw = False
167.6316 	EXP 	Learning_2_5_video: autoDraw = True
226.3000 	EXP 	New trial (rep=2, index=0): None
226.3002 	EXP 	Created Learning_2_5_video = MovieStim3(__class__=<class 'psychopy.visual.movie3.MovieStim3'>, autoLog=True, color=UNKNOWN, colorSpace=UNKNOWN, depth=-5.0, filename='./DSP_Videos/Learning/Learning_Normal.mp4', flipHoriz=False, flipVert=False, fps=UNKNOWN, interpolate=True, loop=False, name='Learning_2_5_video', noAudio=True, opacity=1, ori=method-wrapper(...), pos=array([0., 0.]), size=method-wrapper(...), units='pix', vframe_callback=UNKNOWN, volume=UNKNOWN, win=Window(...))
227.6127 	EXP 	Learning_2_5_instruction: autoDraw = False
227.6127 	EXP 	Learning_2_5_3: autoDraw = False
227.6127 	EXP 	Learning_2_5_2: autoDraw = False
227.6127 	EXP 	Learning_2_5_1: autoDraw = False
227.6127 	EXP 	Learning_2_5_video: autoDraw = False
227.6127 	EXP 	Learning_2_5_video: autoLog = True
227.6127 	EXP 	Learning_2_5_video: movie = './DSP_Videos/Learning/Learning_Normal.mp4'
227.6127 	EXP 	Learning_2_5_video: size = array([1920., 1080.])
227.6127 	EXP 	Learning_2_5_video: ori = 0
227.6127 	EXP 	Learning_2_5_instruction: autoDraw = True
230.5981 	EXP 	Learning_2_5_3: autoDraw = True
230.6147 	EXP 	Learning_2_5_instruction: autoDraw = False
231.5979 	EXP 	Learning_2_5_3: autoDraw = False
231.5979 	EXP 	Learning_2_5_2: autoDraw = True
232.5981 	EXP 	Learning_2_5_2: autoDraw = False
232.5981 	EXP 	Learning_2_5_1: autoDraw = True
233.5988 	EXP 	Learning_2_5_1: autoDraw = False
233.5988 	EXP 	Learning_2_5_video: autoDraw = True
292.3005 	EXP 	New trial (rep=3, index=0): None
292.3007 	EXP 	Created Learning_2_5_video = MovieStim3(__class__=<class 'psychopy.visual.movie3.MovieStim3'>, autoLog=True, color=UNKNOWN, colorSpace=UNKNOWN, depth=-5.0, filename='./DSP_Videos/Learning/Learning_Normal.mp4', flipHoriz=False, flipVert=False, fps=UNKNOWN, interpolate=True, loop=False, name='Learning_2_5_video', noAudio=True, opacity=1, ori=method-wrapper(...), pos=array([0., 0.]), size=method-wrapper(...), units='pix', vframe_callback=UNKNOWN, volume=UNKNOWN, win=Window(...))
293.5986 	EXP 	Learning_2_5_instruction: autoDraw = False
293.5986 	EXP 	Learning_2_5_3: autoDraw = False
293.5986 	EXP 	Learning_2_5_2: autoDraw = False
293.5986 	EXP 	Learning_2_5_1: autoDraw = False
293.5986 	EXP 	Learning_2_5_video: autoDraw = False
293.5986 	EXP 	Learning_2_5_video: autoLog = True
293.5986 	EXP 	Learning_2_5_video: movie = './DSP_Videos/Learning/Learning_Normal.mp4'
293.5986 	EXP 	Learning_2_5_video: size = array([1920., 1080.])
293.5986 	EXP 	Learning_2_5_video: ori = 0
293.5986 	EXP 	Learning_2_5_instruction: autoDraw = True
296.5819 	EXP 	Learning_2_5_3: autoDraw = True
296.5985 	EXP 	Learning_2_5_instruction: autoDraw = False
297.5819 	EXP 	Learning_2_5_3: autoDraw = False
297.5819 	EXP 	Learning_2_5_2: autoDraw = True
298.5819 	EXP 	Learning_2_5_2: autoDraw = False
298.5819 	EXP 	Learning_2_5_1: autoDraw = True
299.5825 	EXP 	Learning_2_5_1: autoDraw = False
299.5825 	EXP 	Learning_2_5_video: autoDraw = True
358.3154 	EXP 	Learning_2_5_instruction: autoDraw = False
358.3154 	EXP 	Learning_2_5_3: autoDraw = False
358.3154 	EXP 	Learning_2_5_2: autoDraw = False
358.3154 	EXP 	Learning_2_5_1: autoDraw = False
358.3154 	EXP 	Learning_2_5_video: autoDraw = False
358.3154 	EXP 	Done_text: autoDraw = True
364.1704 	DATA 	Keypress: return
364.1988 	EXP 	Done_text: autoDraw = False
364.2004 	INFO 	saved data to 'C:\\Users\\Public\\Moore_fMRI\\DSP_PsychoPy\\data/21001_DSP_Behavioral_Only_Encoding_nor.csv'
364.2013 	INFO 	saved data to C:\Users\Public\Moore_fMRI\DSP_PsychoPy\data/21001_DSP_Behavioral_Only_Encoding_nor.psydat
364.7930 	EXP 	window1: mouseVisible = True
364.7932 	DEBUG 	Saving data for DSP_Behavioral_Only_Encoding ExperimentHandler
