0.9452 	WARNING 	We strongly recommend you activate the PTB sound engine in PsychoPy prefs as the preferred audio engine. Its timing is vastly superior. Your prefs are currently set to use ['sounddevice', 'PTB', 'pyo', 'pygame'] (in that order).
11.6585 	INFO 	Loaded monitor calibration from ['2021_06_16 15:12']
11.6611 	WARNING 	User requested fullscreen with size [1536  864], but screen is actually [1920, 1080]. Using actual size
13.4469 	EXP 	Created window1 = Window(allowGUI=False, allowStencil=False, autoLog=True, backendConf=UNKNOWN, bitsMode=UNKNOWN, blendMode='avg', bpc=(8, 8, 8), color=array([0.4, 0.4, 0.4]), colorSpace='rgb', depthBits=8, fullscr=<method-wrapper '__getattribute__' of attributeSetter object at 0x0000019E6D6F1390>, gamma=None, gammaErrorPolicy='raise', lms=UNKNOWN, monitor=<psychopy.monitors.calibTools.Monitor object at 0x0000019E6D703D68>, multiSample=False, name='window1', numSamples=2, pos=[0.0, 0.0], screen=0, size=array([1920, 1080]), stencilBits=0, stereo=False, units='height', useFBO=True, useRetina=False, viewOri=0.0, viewPos=None, viewScale=None, waitBlanking=True, winType='pyglet')
13.4476 	EXP 	window1: mouseVisible = True
13.4477 	EXP 	window1: recordFrameIntervals = False
13.6098 	EXP 	window1: recordFrameIntervals = True
13.7938 	DEBUG 	Screen (0) actual frame rate measured at 59.88
13.7938 	EXP 	window1: recordFrameIntervals = False
14.0598 	EXP 	Created Ready_experimenter_text = TextStim(__class__=<class 'psychopy.visual.text.TextStim'>, alignHoriz=method-wrapper(...), alignText='center', alignVert=method-wrapper(...), anchorHoriz='center', anchorVert='center', antialias=True, autoLog=True, bold=False, color=array([-1, -1, -1]), colorSpace='rgb', contrast=1.0, depth=0.0, flipHoriz=False, flipVert=False, font='Arial', fontFiles=[], height=0.075, italic=False, languageStyle='LTR', name='Ready_experimenter_text', opacity=1, ori=0, pos=array([0., 0.]), rgb=UNKNOWN, text='Waiting for the experimenter…', units='height', win=Window(...), wrapWidth=1.5)
14.0599 	EXP 	window1: mouseVisible = False
14.0652 	EXP 	Created Ready_scanner_text = TextStim(__class__=<class 'psychopy.visual.text.TextStim'>, alignHoriz=method-wrapper(...), alignText='center', alignVert=method-wrapper(...), anchorHoriz='center', anchorVert='center', antialias=True, autoLog=True, bold=False, color=array([-1, -1, -1]), colorSpace='rgb', contrast=1.0, depth=0.0, flipHoriz=False, flipVert=False, font='Arial', fontFiles=[], height=0.075, italic=False, languageStyle='LTR', name='Ready_scanner_text', opacity=1, ori=0, pos=array([0., 0.]), rgb=UNKNOWN, text='Waiting for the scanner…', units='height', win=Window(...), wrapWidth=1.5)
14.0672 	EXP 	Created Fixation_horz = Line(__class__=<class 'psychopy.visual.line.Line'>, autoDraw=False, autoLog=True, closeShape=False, color=array([-1, -1, -1]), colorSpace='rgb', contrast=None, depth=-1.0, fillColor=array([0, 0, 0]), fillColorSpace='rgb', fillRGB=UNKNOWN, interpolate=True, lineColor=array([-1, -1, -1]), lineColorSpace='rgb', lineRGB=UNKNOWN, lineWidth=5, name='Fixation_horz', opacity=0.5, ori=0.0, pos=array([0., 0.]), size=array([1., 1.]), units='height', vertices=ndarray(...), win=Window(...), windingRule=None)
14.0680 	EXP 	Created Fixation_vert = Line(__class__=<class 'psychopy.visual.line.Line'>, autoDraw=False, autoLog=True, closeShape=False, color=array([-1, -1, -1]), colorSpace='rgb', contrast=None, depth=-2.0, fillColor=array([0, 0, 0]), fillColorSpace='rgb', fillRGB=UNKNOWN, interpolate=True, lineColor=array([-1, -1, -1]), lineColorSpace='rgb', lineRGB=UNKNOWN, lineWidth=5, name='Fixation_vert', opacity=0.5, ori=90.0, pos=array([0., 0.]), size=array([1., 1.]), units='height', vertices=ndarray(...), win=Window(...), windingRule=None)
14.0714 	EXP 	Created Done_text = TextStim(__class__=<class 'psychopy.visual.text.TextStim'>, alignHoriz=method-wrapper(...), alignText='center', alignVert=method-wrapper(...), anchorHoriz='center', anchorVert='center', antialias=True, autoLog=True, bold=False, color=array([-1, -1, -1]), colorSpace='rgb', contrast=1.0, depth=0.0, flipHoriz=False, flipVert=False, font='Arial', fontFiles=[], height=0.075, italic=False, languageStyle='LTR', name='Done_text', opacity=1, ori=0, pos=array([0., 0.]), rgb=UNKNOWN, text='Done!', units='height', win=Window(...), wrapWidth=1.5)
14.1119 	EXP 	Ready_experimenter_text: autoDraw = True
176.1168 	DATA 	Keypress: return
176.1170 	DATA 	Keypress: lshift
176.1231 	EXP 	Ready_experimenter_text: autoDraw = False
176.1231 	EXP 	Ready_scanner_text: autoDraw = True
204.4092 	DATA 	Keypress: t
204.4158 	EXP 	Ready_scanner_text: autoDraw = False
204.4158 	EXP 	Fixation_horz: autoDraw = True
204.4158 	EXP 	Fixation_vert: autoDraw = True
205.9002 	DATA 	Keypress: t
762.7345 	EXP 	window1: mouseVisible = True
762.7345 	DEBUG 	Saving data for DSP_Resting_State ExperimentHandler
762.7352 	INFO 	saved data to C:\Users\Public\Moore_fMRI\DSP_PsychoPy\data/21002_DSP_Resting_State.psydat
762.7357 	INFO 	saved data to 'C:\\Users\\Public\\Moore_fMRI\\DSP_PsychoPy\\data/21002_DSP_Resting_State.csv'
