1.4488 	WARNING 	We strongly recommend you activate the PTB sound engine in PsychoPy prefs as the preferred audio engine. Its timing is vastly superior. Your prefs are currently set to use ['sounddevice', 'PTB', 'pyo', 'pygame'] (in that order).
31.8092 	INFO 	Loaded monitor calibration from ['2021_06_16 15:12']
31.8131 	WARNING 	User requested fullscreen with size [1536  864], but screen is actually [1920, 1080]. Using actual size
35.1816 	EXP 	Created window1 = Window(allowGUI=False, allowStencil=False, args=UNKNOWN, autoLog=True, bitsMode=UNKNOWN, blendMode='avg', bpc=(8, 8, 8), color=array([0.4, 0.4, 0.4]), colorSpace='rgb', depthBits=8, fullscr=<method-wrapper '__getattribute__' of attributeSetter object at 0x000001AEB38A2630>, gamma=None, gammaErrorPolicy='raise', kwargs=UNKNOWN, lms=UNKNOWN, monitor=<psychopy.monitors.calibTools.Monitor object at 0x000001AEB3847208>, multiSample=False, name='window1', numSamples=2, pos=[0.0, 0.0], screen=0, size=array([1920, 1080]), stencilBits=0, stereo=False, units='height', useFBO=True, useRetina=False, viewOri=0.0, viewPos=None, viewScale=None, waitBlanking=True, winType='pyglet')
35.1821 	EXP 	window1: mouseVisible = True
35.1822 	EXP 	window1: recordFrameIntervals = False
35.3464 	EXP 	window1: recordFrameIntervals = True
35.5304 	DEBUG 	Screen (0) actual frame rate measured at 59.93
35.5305 	EXP 	window1: recordFrameIntervals = False
35.7998 	EXP 	Created Ready_experimenter_text = TextStim(__class__=<class 'psychopy.visual.text.TextStim'>, alignHoriz=method-wrapper(...), alignText='center', alignVert=method-wrapper(...), anchorHoriz='center', anchorVert='center', antialias=True, autoLog=True, bold=False, color='black', colorSpace='named', contrast=1.0, depth=0.0, flipHoriz=False, flipVert=False, font='Arial', fontFiles=[], height=0.075, italic=False, languageStyle='LTR', name='Ready_experimenter_text', opacity=1.0, ori=0, pos=array([0., 0.]), rgb=array([0., 0., 0.]), text='Waiting for the experimenter…', units='height', win=Window(...), wrapWidth=1.5)
35.7999 	EXP 	window1: mouseVisible = False
35.8006 	EXP 	Created Alignment_background = Rect(__class__=<class 'psychopy.visual.rect.Rect'>, autoDraw=False, autoLog=True, closeShape=True, color=method-wrapper(...), colorSpace=None, contrast=1.0, depth=-1.0, fillColor='black', fillColorSpace='named', fillRGB=array([0., 0., 0.]), interpolate=True, lineColor='black', lineColorSpace='named', lineRGB=array([0., 0., 0.]), lineWidth=1, name='Alignment_background', opacity=1.0, ori=array(0.), pos=array([0., 0.]), size=array([2., 2.]), units='height', vertices=ndarray(...), win=Window(...))
35.8158 	EXP 	Created Alignment_image = ImageStim(__class__=<class 'psychopy.visual.image.ImageStim'>, autoLog=True, color=array([1., 1., 1.]), colorSpace='rgb', contrast=1.0, depth=-2.0, flipHoriz=False, flipVert=False, image='Alignment.png', interpolate=True, mask=None, maskParams=None, name='Alignment_image', opacity=1.0, ori=0.0, pos=array([0., 0.]), size=array([1.4, 1. ]), texRes=512, units='height', win=Window(...))
35.8218 	EXP 	Created Button_text = TextStim(__class__=<class 'psychopy.visual.text.TextStim'>, alignHoriz=method-wrapper(...), alignText='center', alignVert=method-wrapper(...), anchorHoriz='center', anchorVert='center', antialias=True, autoLog=True, bold=False, color='black', colorSpace='named', contrast=1.0, depth=0.0, flipHoriz=False, flipVert=False, font='Arial', fontFiles=[], height=0.075, italic=False, languageStyle='LTR', name='Button_text', opacity=1.0, ori=0, pos=array([0., 0.]), rgb=array([0., 0., 0.]), text='Button check.', units='height', win=Window(...), wrapWidth=1)
35.8287 	EXP 	Created Index_text = TextStim(__class__=<class 'psychopy.visual.text.TextStim'>, alignHoriz=method-wrapper(...), alignText='center', alignVert=method-wrapper(...), anchorHoriz='center', anchorVert='center', antialias=True, autoLog=True, bold=False, color='black', colorSpace='named', contrast=1.0, depth=0.0, flipHoriz=False, flipVert=False, font='Arial', fontFiles=[], height=0.075, italic=False, languageStyle='LTR', name='Index_text', opacity=1.0, ori=0, pos=array([0., 0.]), rgb=array([0., 0., 0.]), text='Press the button under your index finger.', units='height', win=Window(...), wrapWidth=1.5)
35.8337 	EXP 	Created Middle_text = TextStim(__class__=<class 'psychopy.visual.text.TextStim'>, alignHoriz=method-wrapper(...), alignText='center', alignVert=method-wrapper(...), anchorHoriz='center', anchorVert='center', antialias=True, autoLog=True, bold=False, color='black', colorSpace='named', contrast=1.0, depth=0.0, flipHoriz=False, flipVert=False, font='Arial', fontFiles=[], height=0.075, italic=False, languageStyle='LTR', name='Middle_text', opacity=1.0, ori=0, pos=array([0., 0.]), rgb=array([0., 0., 0.]), text='Press the button under your middle finger.', units='height', win=Window(...), wrapWidth=1.5)
35.8429 	EXP 	Created Repeat_text = TextStim(__class__=<class 'psychopy.visual.text.TextStim'>, alignHoriz=method-wrapper(...), alignText='center', alignVert=method-wrapper(...), anchorHoriz='center', anchorVert='center', antialias=True, autoLog=True, bold=False, color='black', colorSpace='named', contrast=1.0, depth=-1.0, flipHoriz=False, flipVert=False, font='Arial', fontFiles=[], height=0.075, italic=False, languageStyle='LTR', name='Repeat_text', opacity=1.0, ori=0, pos=array([0., 0.]), rgb=array([0., 0., 0.]), text=str(...), units='height', win=Window(...), wrapWidth=1)
35.8533 	EXP 	Created Ready_scanner_text = TextStim(__class__=<class 'psychopy.visual.text.TextStim'>, alignHoriz=method-wrapper(...), alignText='center', alignVert=method-wrapper(...), anchorHoriz='center', anchorVert='center', antialias=True, autoLog=True, bold=False, color='black', colorSpace='named', contrast=1.0, depth=-1.0, flipHoriz=False, flipVert=False, font='Arial', fontFiles=[], height=0.075, italic=False, languageStyle='LTR', name='Ready_scanner_text', opacity=1.0, ori=0, pos=array([0., 0.]), rgb=array([0., 0., 0.]), text='Waiting for the scanner…', units='height', win=Window(...), wrapWidth=1.5)
35.8601 	EXP 	Created Learning_1_instruction = TextStim(__class__=<class 'psychopy.visual.text.TextStim'>, alignHoriz=method-wrapper(...), alignText='center', alignVert=method-wrapper(...), anchorHoriz='center', anchorVert='center', antialias=True, autoLog=True, bold=False, color='black', colorSpace='named', contrast=1.0, depth=-1.0, flipHoriz=False, flipVert=False, font='Arial', fontFiles=[], height=0.075, italic=False, languageStyle='LTR', name='Learning_1_instruction', opacity=1.0, ori=0, pos=array([0., 0.]), rgb=array([0., 0., 0.]), text='Spatial Video!\n\nLearn the layout.', units='height', win=Window(...), wrapWidth=1)
35.8619 	EXP 	Created Learning_1_3 = TextStim(__class__=<class 'psychopy.visual.text.TextStim'>, alignHoriz=method-wrapper(...), alignText='center', alignVert=method-wrapper(...), anchorHoriz='center', anchorVert='center', antialias=True, autoLog=True, bold=False, color='black', colorSpace='named', contrast=1.0, depth=-2.0, flipHoriz=False, flipVert=False, font='Arial', fontFiles=[], height=0.075, italic=False, languageStyle='LTR', name='Learning_1_3', opacity=1.0, ori=0, pos=array([0., 0.]), rgb=array([0., 0., 0.]), text='3', units='height', win=Window(...), wrapWidth=1)
35.8638 	EXP 	Created Learning_1_2 = TextStim(__class__=<class 'psychopy.visual.text.TextStim'>, alignHoriz=method-wrapper(...), alignText='center', alignVert=method-wrapper(...), anchorHoriz='center', anchorVert='center', antialias=True, autoLog=True, bold=False, color='black', colorSpace='named', contrast=1.0, depth=-3.0, flipHoriz=False, flipVert=False, font='Arial', fontFiles=[], height=0.075, italic=False, languageStyle='LTR', name='Learning_1_2', opacity=1.0, ori=0, pos=array([0., 0.]), rgb=array([0., 0., 0.]), text='2', units='height', win=Window(...), wrapWidth=1)
35.8657 	EXP 	Created Learning_1_1 = TextStim(__class__=<class 'psychopy.visual.text.TextStim'>, alignHoriz=method-wrapper(...), alignText='center', alignVert=method-wrapper(...), anchorHoriz='center', anchorVert='center', antialias=True, autoLog=True, bold=False, color='black', colorSpace='named', contrast=1.0, depth=-4.0, flipHoriz=False, flipVert=False, font='Arial', fontFiles=[], height=0.075, italic=False, languageStyle='LTR', name='Learning_1_1', opacity=1.0, ori=0, pos=array([0., 0.]), rgb=array([0., 0., 0.]), text='1', units='height', win=Window(...), wrapWidth=1)
38.6706 	EXP 	Created Learning_1_video = MovieStim3(__class__=<class 'psychopy.visual.movie3.MovieStim3'>, autoLog=True, color=UNKNOWN, colorSpace=UNKNOWN, depth=-5.0, filename='./DSP_Videos/Learning/Learning_Alternate.mp4', flipHoriz=False, flipVert=False, fps=UNKNOWN, interpolate=True, loop=False, name='Learning_1_video', noAudio=True, opacity=1.0, ori=method-wrapper(...), pos=array([0., 0.]), size=method-wrapper(...), units='pix', vframe_callback=UNKNOWN, volume=UNKNOWN, win=Window(...))
40.1551 	EXP 	Created Learning_1_fixation_horz = Line(__class__=<class 'psychopy.visual.line.Line'>, autoDraw=False, autoLog=True, closeShape=False, contrast=1.0, depth=-6.0, fillColor=None, fillColorSpace=None, interpolate=True, lineColor='black', lineColorSpace='named', lineWidth=5, name='Learning_1_fixation_horz', opacity=1.0, ori=array(0.), pos=array([0., 0.]), size=array([1., 1.]), units='height', vertices=ndarray(...), win=Window(...), windingRule=None)
40.1556 	EXP 	Created Learning_1_fixation_vert = Line(__class__=<class 'psychopy.visual.line.Line'>, autoDraw=False, autoLog=True, closeShape=False, contrast=1.0, depth=-7.0, fillColor=None, fillColorSpace=None, interpolate=True, lineColor='black', lineColorSpace='named', lineWidth=5, name='Learning_1_fixation_vert', opacity=1.0, ori=array(90.), pos=array([0., 0.]), size=array([1., 1.]), units='height', vertices=ndarray(...), win=Window(...), windingRule=None)
40.1632 	EXP 	Created Control_1_instruction = TextStim(__class__=<class 'psychopy.visual.text.TextStim'>, alignHoriz=method-wrapper(...), alignText='center', alignVert=method-wrapper(...), anchorHoriz='center', anchorVert='center', antialias=True, autoLog=True, bold=False, color='black', colorSpace='named', contrast=1.0, depth=-2.0, flipHoriz=False, flipVert=False, font='Arial', fontFiles=[], height=0.075, italic=False, languageStyle='LTR', name='Control_1_instruction', opacity=1.0, ori=0, pos=array([0., 0.]), rgb=array([0., 0., 0.]), text=str(...), units='height', win=Window(...), wrapWidth=1)
40.1643 	EXP 	Created Control_1_3 = TextStim(__class__=<class 'psychopy.visual.text.TextStim'>, alignHoriz=method-wrapper(...), alignText='center', alignVert=method-wrapper(...), anchorHoriz='center', anchorVert='center', antialias=True, autoLog=True, bold=False, color='black', colorSpace='named', contrast=1.0, depth=-3.0, flipHoriz=False, flipVert=False, font='Arial', fontFiles=[], height=0.075, italic=False, languageStyle='LTR', name='Control_1_3', opacity=1.0, ori=0, pos=array([0., 0.]), rgb=array([0., 0., 0.]), text='3', units='height', win=Window(...), wrapWidth=1)
40.1653 	EXP 	Created Control_1_2 = TextStim(__class__=<class 'psychopy.visual.text.TextStim'>, alignHoriz=method-wrapper(...), alignText='center', alignVert=method-wrapper(...), anchorHoriz='center', anchorVert='center', antialias=True, autoLog=True, bold=False, color='black', colorSpace='named', contrast=1.0, depth=-4.0, flipHoriz=False, flipVert=False, font='Arial', fontFiles=[], height=0.075, italic=False, languageStyle='LTR', name='Control_1_2', opacity=1.0, ori=0, pos=array([0., 0.]), rgb=array([0., 0., 0.]), text='2', units='height', win=Window(...), wrapWidth=1)
40.1663 	EXP 	Created Control_1_1 = TextStim(__class__=<class 'psychopy.visual.text.TextStim'>, alignHoriz=method-wrapper(...), alignText='center', alignVert=method-wrapper(...), anchorHoriz='center', anchorVert='center', antialias=True, autoLog=True, bold=False, color='black', colorSpace='named', contrast=1.0, depth=-5.0, flipHoriz=False, flipVert=False, font='Arial', fontFiles=[], height=0.075, italic=False, languageStyle='LTR', name='Control_1_1', opacity=1.0, ori=0, pos=array([0., 0.]), rgb=array([0., 0., 0.]), text='1', units='height', win=Window(...), wrapWidth=1)
40.1665 	EXP 	Created Control_1_video = MovieStim3(__class__=<class 'psychopy.visual.movie3.MovieStim3'>, autoLog=True, color=UNKNOWN, colorSpace=UNKNOWN, depth=-6.0, filename=str(...), flipHoriz=False, flipVert=False, fps=UNKNOWN, interpolate=True, loop=False, name='Control_1_video', noAudio=False, opacity=1.0, ori=method-wrapper(...), pos=array([0., 0.]), size=method-wrapper(...), units='pix', vframe_callback=UNKNOWN, volume=UNKNOWN, win=Window(...))
41.6277 	EXP 	Created Control_1_same_different_text = TextStim(__class__=<class 'psychopy.visual.text.TextStim'>, alignHoriz=method-wrapper(...), alignText='center', alignVert=method-wrapper(...), anchorHoriz='center', anchorVert='center', antialias=True, autoLog=True, bold=False, color='black', colorSpace='named', contrast=1.0, depth=-8.0, flipHoriz=False, flipVert=False, font='Arial', fontFiles=[], height=0.075, italic=False, languageStyle='LTR', name='Control_1_same_different_text', opacity=1.0, ori=0, pos=array([0., 0.]), rgb=array([0., 0., 0.]), text='Same or different color?', units='height', win=Window(...), wrapWidth=1)
41.6313 	EXP 	Created Control_1_resp_recorded_text = TextStim(__class__=<class 'psychopy.visual.text.TextStim'>, alignHoriz=method-wrapper(...), alignText='center', alignVert=method-wrapper(...), anchorHoriz='center', anchorVert='center', antialias=True, autoLog=True, bold=False, color='black', colorSpace='named', contrast=1.0, depth=-9.0, flipHoriz=False, flipVert=False, font='Arial', fontFiles=[], height=0.075, italic=False, languageStyle='LTR', name='Control_1_resp_recorded_text', opacity=1.0, ori=0, pos=array([0., 0.]), rgb=array([0., 0., 0.]), text='Response recorded!', units='height', win=Window(...), wrapWidth=1)
41.6319 	EXP 	Created Control_1_fixation_horz = Line(__class__=<class 'psychopy.visual.line.Line'>, autoDraw=False, autoLog=True, closeShape=False, contrast=1.0, depth=-10.0, fillColor=None, fillColorSpace=None, interpolate=True, lineColor='black', lineColorSpace='named', lineWidth=5, name='Control_1_fixation_horz', opacity=1.0, ori=array(0.), pos=array([0., 0.]), size=array([1., 1.]), units='height', vertices=ndarray(...), win=Window(...), windingRule=None)
41.6324 	EXP 	Created Control_1_fixation_vert = Line(__class__=<class 'psychopy.visual.line.Line'>, autoDraw=False, autoLog=True, closeShape=False, contrast=1.0, depth=-11.0, fillColor=None, fillColorSpace=None, interpolate=True, lineColor='black', lineColorSpace='named', lineWidth=5, name='Control_1_fixation_vert', opacity=1.0, ori=array(90.), pos=array([0., 0.]), size=array([1., 1.]), units='height', vertices=ndarray(...), win=Window(...), windingRule=None)
41.6363 	EXP 	Created Learning_2_instruction = TextStim(__class__=<class 'psychopy.visual.text.TextStim'>, alignHoriz=method-wrapper(...), alignText='center', alignVert=method-wrapper(...), anchorHoriz='center', anchorVert='center', antialias=True, autoLog=True, bold=False, color='black', colorSpace='named', contrast=1.0, depth=-1.0, flipHoriz=False, flipVert=False, font='Arial', fontFiles=[], height=0.075, italic=False, languageStyle='LTR', name='Learning_2_instruction', opacity=1.0, ori=0, pos=array([0., 0.]), rgb=array([0., 0., 0.]), text='Spatial Video!\n\nLearn the layout.', units='height', win=Window(...), wrapWidth=1)
41.6375 	EXP 	Created Learning_2_3 = TextStim(__class__=<class 'psychopy.visual.text.TextStim'>, alignHoriz=method-wrapper(...), alignText='center', alignVert=method-wrapper(...), anchorHoriz='center', anchorVert='center', antialias=True, autoLog=True, bold=False, color='black', colorSpace='named', contrast=1.0, depth=-2.0, flipHoriz=False, flipVert=False, font='Arial', fontFiles=[], height=0.075, italic=False, languageStyle='LTR', name='Learning_2_3', opacity=1.0, ori=0, pos=array([0., 0.]), rgb=array([0., 0., 0.]), text='3', units='height', win=Window(...), wrapWidth=1)
41.6386 	EXP 	Created Learning_2_2 = TextStim(__class__=<class 'psychopy.visual.text.TextStim'>, alignHoriz=method-wrapper(...), alignText='center', alignVert=method-wrapper(...), anchorHoriz='center', anchorVert='center', antialias=True, autoLog=True, bold=False, color='black', colorSpace='named', contrast=1.0, depth=-3.0, flipHoriz=False, flipVert=False, font='Arial', fontFiles=[], height=0.075, italic=False, languageStyle='LTR', name='Learning_2_2', opacity=1.0, ori=0, pos=array([0., 0.]), rgb=array([0., 0., 0.]), text='2', units='height', win=Window(...), wrapWidth=1)
41.6397 	EXP 	Created Learning_2_1 = TextStim(__class__=<class 'psychopy.visual.text.TextStim'>, alignHoriz=method-wrapper(...), alignText='center', alignVert=method-wrapper(...), anchorHoriz='center', anchorVert='center', antialias=True, autoLog=True, bold=False, color='black', colorSpace='named', contrast=1.0, depth=-4.0, flipHoriz=False, flipVert=False, font='Arial', fontFiles=[], height=0.075, italic=False, languageStyle='LTR', name='Learning_2_1', opacity=1.0, ori=0, pos=array([0., 0.]), rgb=array([0., 0., 0.]), text='1', units='height', win=Window(...), wrapWidth=1)
41.6399 	EXP 	Created Learning_2_video = MovieStim3(__class__=<class 'psychopy.visual.movie3.MovieStim3'>, autoLog=True, color=UNKNOWN, colorSpace=UNKNOWN, depth=-5.0, filename='./DSP_Videos/Learning/Learning_Alternate.mp4', flipHoriz=False, flipVert=False, fps=UNKNOWN, interpolate=True, loop=False, name='Learning_2_video', noAudio=False, opacity=1.0, ori=method-wrapper(...), pos=array([0., 0.]), size=method-wrapper(...), units='pix', vframe_callback=UNKNOWN, volume=UNKNOWN, win=Window(...))
43.1040 	EXP 	Created Learning_2_fixation_horz = Line(__class__=<class 'psychopy.visual.line.Line'>, autoDraw=False, autoLog=True, closeShape=False, contrast=1.0, depth=-6.0, fillColor=None, fillColorSpace=None, interpolate=True, lineColor='black', lineColorSpace='named', lineWidth=5, name='Learning_2_fixation_horz', opacity=1.0, ori=array(0.), pos=array([0., 0.]), size=array([1., 1.]), units='height', vertices=ndarray(...), win=Window(...), windingRule=None)
43.1044 	EXP 	Created Learning_2_fixation_vert = Line(__class__=<class 'psychopy.visual.line.Line'>, autoDraw=False, autoLog=True, closeShape=False, contrast=1.0, depth=-7.0, fillColor=None, fillColorSpace=None, interpolate=True, lineColor='black', lineColorSpace='named', lineWidth=5, name='Learning_2_fixation_vert', opacity=1.0, ori=array(90.), pos=array([0., 0.]), size=array([1., 1.]), units='height', vertices=ndarray(...), win=Window(...), windingRule=None)
43.1095 	EXP 	Created Control_2_instruction = TextStim(__class__=<class 'psychopy.visual.text.TextStim'>, alignHoriz=method-wrapper(...), alignText='center', alignVert=method-wrapper(...), anchorHoriz='center', anchorVert='center', antialias=True, autoLog=True, bold=False, color='black', colorSpace='named', contrast=1.0, depth=-2.0, flipHoriz=False, flipVert=False, font='Arial', fontFiles=[], height=0.075, italic=False, languageStyle='LTR', name='Control_2_instruction', opacity=1.0, ori=0, pos=array([0., 0.]), rgb=array([0., 0., 0.]), text=str(...), units='height', win=Window(...), wrapWidth=1)
43.1107 	EXP 	Created Control_2_3 = TextStim(__class__=<class 'psychopy.visual.text.TextStim'>, alignHoriz=method-wrapper(...), alignText='center', alignVert=method-wrapper(...), anchorHoriz='center', anchorVert='center', antialias=True, autoLog=True, bold=False, color='black', colorSpace='named', contrast=1.0, depth=-3.0, flipHoriz=False, flipVert=False, font='Arial', fontFiles=[], height=0.075, italic=False, languageStyle='LTR', name='Control_2_3', opacity=1.0, ori=0, pos=array([0., 0.]), rgb=array([0., 0., 0.]), text='3', units='height', win=Window(...), wrapWidth=1)
43.1118 	EXP 	Created Control_2_2 = TextStim(__class__=<class 'psychopy.visual.text.TextStim'>, alignHoriz=method-wrapper(...), alignText='center', alignVert=method-wrapper(...), anchorHoriz='center', anchorVert='center', antialias=True, autoLog=True, bold=False, color='black', colorSpace='named', contrast=1.0, depth=-4.0, flipHoriz=False, flipVert=False, font='Arial', fontFiles=[], height=0.075, italic=False, languageStyle='LTR', name='Control_2_2', opacity=1.0, ori=0, pos=array([0., 0.]), rgb=array([0., 0., 0.]), text='2', units='height', win=Window(...), wrapWidth=1)
43.1129 	EXP 	Created Control_2_1 = TextStim(__class__=<class 'psychopy.visual.text.TextStim'>, alignHoriz=method-wrapper(...), alignText='center', alignVert=method-wrapper(...), anchorHoriz='center', anchorVert='center', antialias=True, autoLog=True, bold=False, color='black', colorSpace='named', contrast=1.0, depth=-5.0, flipHoriz=False, flipVert=False, font='Arial', fontFiles=[], height=0.075, italic=False, languageStyle='LTR', name='Control_2_1', opacity=1.0, ori=0, pos=array([0., 0.]), rgb=array([0., 0., 0.]), text='1', units='height', win=Window(...), wrapWidth=1)
43.1131 	EXP 	Created Control_2_video = MovieStim3(__class__=<class 'psychopy.visual.movie3.MovieStim3'>, autoLog=True, color=UNKNOWN, colorSpace=UNKNOWN, depth=-6.0, filename=str(...), flipHoriz=False, flipVert=False, fps=UNKNOWN, interpolate=True, loop=False, name='Control_2_video', noAudio=False, opacity=1.0, ori=method-wrapper(...), pos=array([0., 0.]), size=method-wrapper(...), units='pix', vframe_callback=UNKNOWN, volume=UNKNOWN, win=Window(...))
44.5614 	EXP 	Created Control_2_same_different_text = TextStim(__class__=<class 'psychopy.visual.text.TextStim'>, alignHoriz=method-wrapper(...), alignText='center', alignVert=method-wrapper(...), anchorHoriz='center', anchorVert='center', antialias=True, autoLog=True, bold=False, color='black', colorSpace='named', contrast=1.0, depth=-8.0, flipHoriz=False, flipVert=False, font='Arial', fontFiles=[], height=0.075, italic=False, languageStyle='LTR', name='Control_2_same_different_text', opacity=1.0, ori=0, pos=array([0., 0.]), rgb=array([0., 0., 0.]), text='Same or different color?', units='height', win=Window(...), wrapWidth=1)
44.5647 	EXP 	Created Control_2_resp_recorded_text = TextStim(__class__=<class 'psychopy.visual.text.TextStim'>, alignHoriz=method-wrapper(...), alignText='center', alignVert=method-wrapper(...), anchorHoriz='center', anchorVert='center', antialias=True, autoLog=True, bold=False, color='black', colorSpace='named', contrast=1.0, depth=-9.0, flipHoriz=False, flipVert=False, font='Arial', fontFiles=[], height=0.075, italic=False, languageStyle='LTR', name='Control_2_resp_recorded_text', opacity=1.0, ori=0, pos=array([0., 0.]), rgb=array([0., 0., 0.]), text='Response recorded!', units='height', win=Window(...), wrapWidth=1)
44.5652 	EXP 	Created Control_2_fixation_horz = Line(__class__=<class 'psychopy.visual.line.Line'>, autoDraw=False, autoLog=True, closeShape=False, contrast=1.0, depth=-10.0, fillColor=None, fillColorSpace=None, interpolate=True, lineColor='black', lineColorSpace='named', lineWidth=5, name='Control_2_fixation_horz', opacity=1.0, ori=array(0.), pos=array([0., 0.]), size=array([1., 1.]), units='height', vertices=ndarray(...), win=Window(...), windingRule=None)
44.5656 	EXP 	Created Control_2_fixation_vert = Line(__class__=<class 'psychopy.visual.line.Line'>, autoDraw=False, autoLog=True, closeShape=False, contrast=1.0, depth=-11.0, fillColor=None, fillColorSpace=None, interpolate=True, lineColor='black', lineColorSpace='named', lineWidth=5, name='Control_2_fixation_vert', opacity=1.0, ori=array(90.), pos=array([0., 0.]), size=array([1., 1.]), units='height', vertices=ndarray(...), win=Window(...), windingRule=None)
44.5694 	EXP 	Created Learning_3_instruction = TextStim(__class__=<class 'psychopy.visual.text.TextStim'>, alignHoriz=method-wrapper(...), alignText='center', alignVert=method-wrapper(...), anchorHoriz='center', anchorVert='center', antialias=True, autoLog=True, bold=False, color='black', colorSpace='named', contrast=1.0, depth=-1.0, flipHoriz=False, flipVert=False, font='Arial', fontFiles=[], height=0.075, italic=False, languageStyle='LTR', name='Learning_3_instruction', opacity=1.0, ori=0, pos=array([0., 0.]), rgb=array([0., 0., 0.]), text='Spatial Video!\n\nLearn the layout.', units='height', win=Window(...), wrapWidth=1)
44.5711 	EXP 	Created Learning_3_3 = TextStim(__class__=<class 'psychopy.visual.text.TextStim'>, alignHoriz=method-wrapper(...), alignText='center', alignVert=method-wrapper(...), anchorHoriz='center', anchorVert='center', antialias=True, autoLog=True, bold=False, color='black', colorSpace='named', contrast=1.0, depth=-2.0, flipHoriz=False, flipVert=False, font='Arial', fontFiles=[], height=0.075, italic=False, languageStyle='LTR', name='Learning_3_3', opacity=1.0, ori=0, pos=array([0., 0.]), rgb=array([0., 0., 0.]), text='3', units='height', win=Window(...), wrapWidth=1)
44.5722 	EXP 	Created Learning_3_2 = TextStim(__class__=<class 'psychopy.visual.text.TextStim'>, alignHoriz=method-wrapper(...), alignText='center', alignVert=method-wrapper(...), anchorHoriz='center', anchorVert='center', antialias=True, autoLog=True, bold=False, color='black', colorSpace='named', contrast=1.0, depth=-3.0, flipHoriz=False, flipVert=False, font='Arial', fontFiles=[], height=0.075, italic=False, languageStyle='LTR', name='Learning_3_2', opacity=1.0, ori=0, pos=array([0., 0.]), rgb=array([0., 0., 0.]), text='2', units='height', win=Window(...), wrapWidth=1)
44.5733 	EXP 	Created Learning_3_1 = TextStim(__class__=<class 'psychopy.visual.text.TextStim'>, alignHoriz=method-wrapper(...), alignText='center', alignVert=method-wrapper(...), anchorHoriz='center', anchorVert='center', antialias=True, autoLog=True, bold=False, color='black', colorSpace='named', contrast=1.0, depth=-4.0, flipHoriz=False, flipVert=False, font='Arial', fontFiles=[], height=0.075, italic=False, languageStyle='LTR', name='Learning_3_1', opacity=1.0, ori=0, pos=array([0., 0.]), rgb=array([0., 0., 0.]), text='1', units='height', win=Window(...), wrapWidth=1)
44.5735 	EXP 	Created Learning_3_video = MovieStim3(__class__=<class 'psychopy.visual.movie3.MovieStim3'>, autoLog=True, color=UNKNOWN, colorSpace=UNKNOWN, depth=-5.0, filename='./DSP_Videos/Learning/Learning_Alternate.mp4', flipHoriz=False, flipVert=False, fps=UNKNOWN, interpolate=True, loop=False, name='Learning_3_video', noAudio=False, opacity=1.0, ori=method-wrapper(...), pos=array([0., 0.]), size=method-wrapper(...), units='pix', vframe_callback=UNKNOWN, volume=UNKNOWN, win=Window(...))
45.9894 	EXP 	Created Learning_3_fixation_horz = Line(__class__=<class 'psychopy.visual.line.Line'>, autoDraw=False, autoLog=True, closeShape=False, contrast=1.0, depth=-6.0, fillColor=None, fillColorSpace=None, interpolate=True, lineColor='black', lineColorSpace='named', lineWidth=5, name='Learning_3_fixation_horz', opacity=1.0, ori=array(0.), pos=array([0., 0.]), size=array([1., 1.]), units='height', vertices=ndarray(...), win=Window(...), windingRule=None)
45.9902 	EXP 	Created Learning_3_fixation_vert = Line(__class__=<class 'psychopy.visual.line.Line'>, autoDraw=False, autoLog=True, closeShape=False, contrast=1.0, depth=-7.0, fillColor=None, fillColorSpace=None, interpolate=True, lineColor='black', lineColorSpace='named', lineWidth=5, name='Learning_3_fixation_vert', opacity=1.0, ori=array(90.), pos=array([0., 0.]), size=array([1., 1.]), units='height', vertices=ndarray(...), win=Window(...), windingRule=None)
45.9941 	EXP 	Created Done_text = TextStim(__class__=<class 'psychopy.visual.text.TextStim'>, alignHoriz=method-wrapper(...), alignText='center', alignVert=method-wrapper(...), anchorHoriz='center', anchorVert='center', antialias=True, autoLog=True, bold=False, color='black', colorSpace='named', contrast=1.0, depth=-1.0, flipHoriz=False, flipVert=False, font='Arial', fontFiles=[], height=0.075, italic=False, languageStyle='LTR', name='Done_text', opacity=1.0, ori=0, pos=array([0., 0.]), rgb=array([0., 0., 0.]), text='Done!', units='height', win=Window(...), wrapWidth=1.5)
46.0287 	EXP 	Learning_1_video: autoLog = True
46.0287 	EXP 	Learning_1_video: movie = './DSP_Videos/Learning/Learning_Alternate.mp4'
46.0287 	EXP 	Learning_1_video: size = array([1920., 1080.])
46.0287 	EXP 	Learning_1_video: ori = 0
46.0287 	EXP 	Control_1_video: autoLog = True
46.0287 	EXP 	Control_1_video: movie = './DSP_Videos/Control/Alternate/Videos/Control_Route_1_Alternate_A_000_different.mp4'
46.0287 	EXP 	Control_1_video: size = array([1920., 1080.])
46.0287 	EXP 	Control_1_video: ori = 0
46.0287 	EXP 	Learning_2_video: autoLog = True
46.0287 	EXP 	Learning_2_video: movie = './DSP_Videos/Learning/Learning_Alternate.mp4'
46.0287 	EXP 	Learning_2_video: size = array([1920., 1080.])
46.0287 	EXP 	Learning_2_video: ori = 0
46.0287 	EXP 	Control_2_video: autoLog = True
46.0287 	EXP 	Control_2_video: movie = './DSP_Videos/Control/Alternate/Videos/Control_Route_2_Alternate_A_000_same.mp4'
46.0287 	EXP 	Control_2_video: size = array([1920., 1080.])
46.0287 	EXP 	Control_2_video: ori = 0
46.0287 	EXP 	Learning_3_video: autoLog = True
46.0287 	EXP 	Learning_3_video: movie = './DSP_Videos/Learning/Learning_Alternate.mp4'
46.0287 	EXP 	Learning_3_video: size = array([1920., 1080.])
46.0287 	EXP 	Learning_3_video: ori = 0
46.0287 	EXP 	Ready_experimenter_text: autoDraw = True
48.6627 	DATA 	Keypress: return
48.6667 	EXP 	Ready_experimenter_text: autoDraw = False
48.6667 	EXP 	Alignment_background: autoDraw = True
48.6667 	EXP 	Alignment_image: autoDraw = True
49.6238 	EXP 	Created sequence: random, trialTypes=1, nReps=5, seed=None
49.6241 	EXP 	New trial (rep=0, index=0): None
49.6278 	DATA 	Keypress: return
49.6305 	EXP 	Alignment_background: autoDraw = False
49.6305 	EXP 	Alignment_image: autoDraw = False
49.6305 	EXP 	Button_text: autoDraw = True
50.6300 	EXP 	Button_text: autoDraw = False
50.6300 	EXP 	Button_text: autoDraw = False
50.6300 	EXP 	Index_text: autoDraw = True
54.1259 	DATA 	Keypress: y
54.1300 	EXP 	Index_text: autoDraw = False
54.1300 	EXP 	Middle_text: autoDraw = True
56.0769 	DATA 	Keypress: b
56.0798 	EXP 	Middle_text: autoDraw = False
56.0798 	EXP 	Repeat_text: autoDraw = True
72.5288 	DATA 	Keypress: n
72.5319 	EXP 	Repeat_text: autoDraw = False
72.5319 	EXP 	Ready_scanner_text: autoDraw = True
78.9180 	DATA 	Keypress: t
78.9466 	EXP 	Ready_scanner_text: autoDraw = False
78.9466 	EXP 	Learning_1_instruction: autoDraw = True
81.9298 	EXP 	Learning_1_3: autoDraw = True
81.9469 	EXP 	Learning_1_instruction: autoDraw = False
82.9299 	EXP 	Learning_1_3: autoDraw = False
82.9299 	EXP 	Learning_1_2: autoDraw = True
83.9303 	EXP 	Learning_1_2: autoDraw = False
83.9303 	EXP 	Learning_1_1: autoDraw = True
84.9432 	EXP 	Learning_1_1: autoDraw = False
84.9432 	EXP 	Learning_1_video: autoDraw = True
144.9317 	EXP 	Learning_1_fixation_horz: autoDraw = True
144.9317 	EXP 	Learning_1_fixation_vert: autoDraw = True
144.9474 	EXP 	Learning_1_video: autoDraw = False
159.9472 	EXP 	Learning_1_fixation_horz: autoDraw = False
159.9472 	EXP 	Learning_1_fixation_vert: autoDraw = False
159.9472 	EXP 	Learning_1_instruction: autoDraw = False
159.9472 	EXP 	Learning_1_3: autoDraw = False
159.9472 	EXP 	Learning_1_2: autoDraw = False
159.9472 	EXP 	Learning_1_1: autoDraw = False
159.9472 	EXP 	Learning_1_video: autoDraw = False
159.9472 	EXP 	Learning_1_fixation_horz: autoDraw = False
159.9472 	EXP 	Learning_1_fixation_vert: autoDraw = False
159.9472 	EXP 	Control_1_instruction: autoDraw = True
162.9308 	EXP 	Control_1_3: autoDraw = True
162.9473 	EXP 	Control_1_instruction: autoDraw = False
163.9307 	EXP 	Control_1_3: autoDraw = False
163.9307 	EXP 	Control_1_2: autoDraw = True
164.9305 	EXP 	Control_1_2: autoDraw = False
164.9305 	EXP 	Control_1_1: autoDraw = True
165.9313 	EXP 	Control_1_1: autoDraw = False
165.9313 	EXP 	Control_1_video: autoDraw = True
225.9312 	EXP 	Control_1_video: autoDraw = False
225.9312 	EXP 	Control_1_same_different_text: autoDraw = True
235.9313 	EXP 	Control_1_fixation_horz: autoDraw = True
235.9313 	EXP 	Control_1_fixation_vert: autoDraw = True
235.9478 	EXP 	Control_1_same_different_text: autoDraw = False
235.9478 	EXP 	Control_1_resp_recorded_text: autoDraw = True
235.9478 	EXP 	Control_1_resp_recorded_text: autoDraw = False
250.9313 	EXP 	Control_1_fixation_horz: autoDraw = False
250.9313 	EXP 	Control_1_fixation_vert: autoDraw = False
250.9313 	EXP 	Control_1_instruction: autoDraw = False
250.9313 	EXP 	Control_1_3: autoDraw = False
250.9313 	EXP 	Control_1_2: autoDraw = False
250.9313 	EXP 	Control_1_1: autoDraw = False
250.9313 	EXP 	Control_1_video: autoDraw = False
250.9313 	EXP 	Control_1_same_different_text: autoDraw = False
250.9313 	EXP 	Control_1_resp_recorded_text: autoDraw = False
250.9313 	EXP 	Control_1_fixation_horz: autoDraw = False
250.9313 	EXP 	Control_1_fixation_vert: autoDraw = False
250.9313 	EXP 	Learning_2_instruction: autoDraw = True
253.9146 	EXP 	Learning_2_3: autoDraw = True
253.9313 	EXP 	Learning_2_instruction: autoDraw = False
254.9145 	EXP 	Learning_2_3: autoDraw = False
254.9145 	EXP 	Learning_2_2: autoDraw = True
255.9145 	EXP 	Learning_2_2: autoDraw = False
255.9145 	EXP 	Learning_2_1: autoDraw = True
256.9149 	EXP 	Learning_2_1: autoDraw = False
256.9149 	EXP 	Learning_2_video: autoDraw = True
316.9151 	EXP 	Learning_2_video: autoDraw = False
316.9151 	EXP 	Learning_2_fixation_horz: autoDraw = True
316.9151 	EXP 	Learning_2_fixation_vert: autoDraw = True
331.9151 	EXP 	Learning_2_fixation_horz: autoDraw = False
331.9151 	EXP 	Learning_2_fixation_vert: autoDraw = False
331.9151 	EXP 	Learning_2_instruction: autoDraw = False
331.9151 	EXP 	Learning_2_3: autoDraw = False
331.9151 	EXP 	Learning_2_2: autoDraw = False
331.9151 	EXP 	Learning_2_1: autoDraw = False
331.9151 	EXP 	Learning_2_video: autoDraw = False
331.9151 	EXP 	Learning_2_fixation_horz: autoDraw = False
331.9151 	EXP 	Learning_2_fixation_vert: autoDraw = False
331.9151 	EXP 	Control_2_instruction: autoDraw = True
334.8986 	EXP 	Control_2_3: autoDraw = True
334.9153 	EXP 	Control_2_instruction: autoDraw = False
335.8986 	EXP 	Control_2_3: autoDraw = False
335.8986 	EXP 	Control_2_2: autoDraw = True
336.8987 	EXP 	Control_2_2: autoDraw = False
336.8987 	EXP 	Control_2_1: autoDraw = True
337.8994 	EXP 	Control_2_1: autoDraw = False
337.8994 	EXP 	Control_2_video: autoDraw = True
397.8989 	EXP 	Control_2_video: autoDraw = False
397.8989 	EXP 	Control_2_same_different_text: autoDraw = True
404.6378 	DATA 	Keypress: y
404.6654 	EXP 	Control_2_same_different_text: autoDraw = False
404.6654 	EXP 	Control_2_resp_recorded_text: autoDraw = True
407.8993 	EXP 	Control_2_resp_recorded_text: autoDraw = False
407.8993 	EXP 	Control_2_fixation_horz: autoDraw = True
407.8993 	EXP 	Control_2_fixation_vert: autoDraw = True
422.8991 	EXP 	Control_2_fixation_horz: autoDraw = False
422.8991 	EXP 	Control_2_fixation_vert: autoDraw = False
422.8991 	EXP 	Control_2_instruction: autoDraw = False
422.8991 	EXP 	Control_2_3: autoDraw = False
422.8991 	EXP 	Control_2_2: autoDraw = False
422.8991 	EXP 	Control_2_1: autoDraw = False
422.8991 	EXP 	Control_2_video: autoDraw = False
422.8991 	EXP 	Control_2_same_different_text: autoDraw = False
422.8991 	EXP 	Control_2_resp_recorded_text: autoDraw = False
422.8991 	EXP 	Control_2_fixation_horz: autoDraw = False
422.8991 	EXP 	Control_2_fixation_vert: autoDraw = False
422.8991 	EXP 	Learning_3_instruction: autoDraw = True
425.8827 	EXP 	Learning_3_3: autoDraw = True
425.8993 	EXP 	Learning_3_instruction: autoDraw = False
426.8827 	EXP 	Learning_3_3: autoDraw = False
426.8827 	EXP 	Learning_3_2: autoDraw = True
427.8825 	EXP 	Learning_3_2: autoDraw = False
427.8825 	EXP 	Learning_3_1: autoDraw = True
428.8829 	EXP 	Learning_3_1: autoDraw = False
428.8829 	EXP 	Learning_3_video: autoDraw = True
488.8828 	EXP 	Learning_3_video: autoDraw = False
488.8828 	EXP 	Learning_3_fixation_horz: autoDraw = True
488.8828 	EXP 	Learning_3_fixation_vert: autoDraw = True
503.8828 	EXP 	Learning_3_fixation_horz: autoDraw = False
503.8828 	EXP 	Learning_3_fixation_vert: autoDraw = False
503.8828 	EXP 	Learning_3_instruction: autoDraw = False
503.8828 	EXP 	Learning_3_3: autoDraw = False
503.8828 	EXP 	Learning_3_2: autoDraw = False
503.8828 	EXP 	Learning_3_1: autoDraw = False
503.8828 	EXP 	Learning_3_video: autoDraw = False
503.8828 	EXP 	Learning_3_fixation_horz: autoDraw = False
503.8828 	EXP 	Learning_3_fixation_vert: autoDraw = False
503.8828 	EXP 	Done_text: autoDraw = True
512.1380 	DATA 	Keypress: return
512.1663 	EXP 	Done_text: autoDraw = False
512.1728 	INFO 	saved data to 'C:\\Users\\Public\\Moore_fMRI\\DSP_PsychoPy\\data/22001_DSP_Bold_1_alt_A.csv'
512.1739 	INFO 	saved data to C:\Users\Public\Moore_fMRI\DSP_PsychoPy\data/22001_DSP_Bold_1_alt_A.psydat
513.7548 	EXP 	window1: mouseVisible = True
513.7552 	DEBUG 	Saving data for DSP_Bold ExperimentHandler
