0.8071 	WARNING 	We strongly recommend you activate the PTB sound engine in PsychoPy prefs as the preferred audio engine. Its timing is vastly superior. Your prefs are currently set to use ['sounddevice', 'PTB', 'pyo', 'pygame'] (in that order).
26.6640 	INFO 	Loaded monitor calibration from ['2021_06_16 15:12']
26.6670 	WARNING 	User requested fullscreen with size [1440  900], but screen is actually [1920, 1080]. Using actual size
29.4142 	EXP 	Created window1 = Window(allowGUI=False, allowStencil=False, autoLog=True, backendConf=UNKNOWN, bitsMode=UNKNOWN, blendMode='avg', bpc=(8, 8, 8), color=array([0.4, 0.4, 0.4]), colorSpace='rgb', depthBits=8, fullscr=<method-wrapper '__getattribute__' of attributeSetter object at 0x000001DA96AB65F8>, gamma=None, gammaErrorPolicy='raise', lms=UNKNOWN, monitor=<psychopy.monitors.calibTools.Monitor object at 0x000001DA969D1FD0>, multiSample=False, name='window1', numSamples=2, pos=[0.0, 0.0], screen=0, size=array([1920, 1080]), stencilBits=0, stereo=False, units='height', useFBO=True, useRetina=False, viewOri=0.0, viewPos=None, viewScale=None, waitBlanking=True, winType='pyglet')
29.4144 	EXP 	window1: mouseVisible = True
29.4144 	EXP 	window1: recordFrameIntervals = False
29.5805 	EXP 	window1: recordFrameIntervals = True
29.7638 	DEBUG 	Screen (0) actual frame rate measured at 60.10
29.7638 	EXP 	window1: recordFrameIntervals = False
29.8896 	EXP 	Created Ready_experimenter_text = TextStim(__class__=<class 'psychopy.visual.text.TextStim'>, alignHoriz=method-wrapper(...), alignText='center', alignVert=method-wrapper(...), anchorHoriz='center', anchorVert='center', antialias=True, autoLog=True, bold=False, color=array([-1, -1, -1]), colorSpace='rgb', contrast=1.0, depth=0.0, flipHoriz=False, flipVert=False, font='Arial', fontFiles=[], height=0.075, italic=False, languageStyle='LTR', name='Ready_experimenter_text', opacity=1, ori=0, pos=array([0., 0.]), rgb=UNKNOWN, text='Waiting for the experimenter…', units='height', win=Window(...), wrapWidth=1.5)
29.8897 	EXP 	window1: mouseVisible = False
29.8996 	EXP 	Created Learning_instruction = TextStim(__class__=<class 'psychopy.visual.text.TextStim'>, alignHoriz=method-wrapper(...), alignText='center', alignVert=method-wrapper(...), anchorHoriz='center', anchorVert='center', antialias=True, autoLog=True, bold=False, color=array([-1, -1, -1]), colorSpace='rgb', contrast=1.0, depth=-1.0, flipHoriz=False, flipVert=False, font='Arial', fontFiles=[], height=0.075, italic=False, languageStyle='LTR', name='Learning_instruction', opacity=1, ori=0, pos=array([0., 0.]), rgb=UNKNOWN, text='Spatial Video!\n\nLearn the layout.', units='height', win=Window(...), wrapWidth=1)
29.9017 	EXP 	Created Learning_3 = TextStim(__class__=<class 'psychopy.visual.text.TextStim'>, alignHoriz=method-wrapper(...), alignText='center', alignVert=method-wrapper(...), anchorHoriz='center', anchorVert='center', antialias=True, autoLog=True, bold=False, color=array([-1, -1, -1]), colorSpace='rgb', contrast=1.0, depth=-2.0, flipHoriz=False, flipVert=False, font='Arial', fontFiles=[], height=0.075, italic=False, languageStyle='LTR', name='Learning_3', opacity=1, ori=0, pos=array([0., 0.]), rgb=UNKNOWN, text='3', units='height', win=Window(...), wrapWidth=1)
29.9037 	EXP 	Created Learning_2 = TextStim(__class__=<class 'psychopy.visual.text.TextStim'>, alignHoriz=method-wrapper(...), alignText='center', alignVert=method-wrapper(...), anchorHoriz='center', anchorVert='center', antialias=True, autoLog=True, bold=False, color=array([-1, -1, -1]), colorSpace='rgb', contrast=1.0, depth=-3.0, flipHoriz=False, flipVert=False, font='Arial', fontFiles=[], height=0.075, italic=False, languageStyle='LTR', name='Learning_2', opacity=1, ori=0, pos=array([0., 0.]), rgb=UNKNOWN, text='2', units='height', win=Window(...), wrapWidth=1)
29.9056 	EXP 	Created Learning_1 = TextStim(__class__=<class 'psychopy.visual.text.TextStim'>, alignHoriz=method-wrapper(...), alignText='center', alignVert=method-wrapper(...), anchorHoriz='center', anchorVert='center', antialias=True, autoLog=True, bold=False, color=array([-1, -1, -1]), colorSpace='rgb', contrast=1.0, depth=-4.0, flipHoriz=False, flipVert=False, font='Arial', fontFiles=[], height=0.075, italic=False, languageStyle='LTR', name='Learning_1', opacity=1, ori=0, pos=array([0., 0.]), rgb=UNKNOWN, text='1', units='height', win=Window(...), wrapWidth=1)
30.0064 	EXP 	Created Learning_video = MovieStim3(__class__=<class 'psychopy.visual.movie3.MovieStim3'>, autoLog=True, color=UNKNOWN, colorSpace=UNKNOWN, depth=-5.0, filename='./DSP_Videos/Learning/Learning_Alternate.mp4', flipHoriz=False, flipVert=False, fps=UNKNOWN, interpolate=True, loop=False, name='Learning_video', noAudio=True, opacity=1, ori=method-wrapper(...), pos=array([0., 0.]), size=method-wrapper(...), units='pix', vframe_callback=UNKNOWN, volume=UNKNOWN, win=Window(...))
31.3487 	EXP 	Created Done_text = TextStim(__class__=<class 'psychopy.visual.text.TextStim'>, alignHoriz=method-wrapper(...), alignText='center', alignVert=method-wrapper(...), anchorHoriz='center', anchorVert='center', antialias=True, autoLog=True, bold=False, color=array([-1, -1, -1]), colorSpace='rgb', contrast=1.0, depth=0.0, flipHoriz=False, flipVert=False, font='Arial', fontFiles=[], height=0.075, italic=False, languageStyle='LTR', name='Done_text', opacity=1, ori=0, pos=array([0., 0.]), rgb=UNKNOWN, text='Done!', units='height', win=Window(...), wrapWidth=1.5)
31.3778 	EXP 	Learning_video: autoLog = True
31.3778 	EXP 	Learning_video: movie = './DSP_Videos/Learning/Learning_Alternate.mp4'
31.3778 	EXP 	Learning_video: size = array([1920., 1080.])
31.3778 	EXP 	Learning_video: ori = 0
31.3778 	EXP 	Ready_experimenter_text: autoDraw = True
32.9513 	DATA 	Keypress: return
32.9803 	EXP 	Ready_experimenter_text: autoDraw = False
32.9803 	EXP 	Learning_instruction: autoDraw = True
35.9637 	EXP 	Learning_3: autoDraw = True
35.9804 	EXP 	Learning_instruction: autoDraw = False
36.9638 	EXP 	Learning_3: autoDraw = False
36.9638 	EXP 	Learning_2: autoDraw = True
37.9638 	EXP 	Learning_2: autoDraw = False
37.9638 	EXP 	Learning_1: autoDraw = True
38.9641 	EXP 	Learning_1: autoDraw = False
38.9641 	EXP 	Learning_video: autoDraw = True
98.9641 	EXP 	Learning_video: autoDraw = False
98.9641 	EXP 	Learning_instruction: autoDraw = False
98.9641 	EXP 	Learning_3: autoDraw = False
98.9641 	EXP 	Learning_2: autoDraw = False
98.9641 	EXP 	Learning_1: autoDraw = False
98.9641 	EXP 	Learning_video: autoDraw = False
98.9641 	EXP 	Done_text: autoDraw = True
106.7519 	DATA 	Keypress: return
106.7807 	EXP 	Done_text: autoDraw = False
106.7817 	INFO 	saved data to 'C:\\Users\\Public\\Moore_fMRI\\DSP_PsychoPy\\data/text_DSP_Encoding_Refresher_alt.csv'
106.7823 	INFO 	saved data to C:\Users\Public\Moore_fMRI\DSP_PsychoPy\data/text_DSP_Encoding_Refresher_alt.psydat
108.3868 	EXP 	window1: mouseVisible = True
108.3869 	DEBUG 	Saving data for DSP_Encoding_Refresher ExperimentHandler
